{"/Users/Shared/NactJS/packages/core/index.ts": {"path":"/Users/Shared/NactJS/packages/core/index.ts","statementMap":{"0":{"start":{"line":1,"column":0},"end":{"line":1,"column":29}},"1":{"start":{"line":2,"column":0},"end":{"line":2,"column":25}},"2":{"start":{"line":3,"column":0},"end":{"line":3,"column":29}},"3":{"start":{"line":4,"column":0},"end":{"line":4,"column":33}},"4":{"start":{"line":5,"column":0},"end":{"line":5,"column":30}},"5":{"start":{"line":6,"column":0},"end":{"line":6,"column":31}},"6":{"start":{"line":7,"column":0},"end":{"line":7,"column":26}},"7":{"start":{"line":8,"column":0},"end":{"line":8,"column":28}},"8":{"start":{"line":9,"column":0},"end":{"line":9,"column":29}},"9":{"start":{"line":11,"column":0},"end":{"line":11,"column":30}}},"fnMap":{},"branchMap":{},"s":{"0":2,"1":2,"2":2,"3":2,"4":2,"5":2,"6":2,"7":2,"8":2,"9":2},"f":{},"b":{}}
,"/Users/Shared/NactJS/packages/core/application/index.ts": {"path":"/Users/Shared/NactJS/packages/core/application/index.ts","statementMap":{"0":{"start":{"line":1,"column":0},"end":{"line":1,"column":35}},"1":{"start":{"line":2,"column":0},"end":{"line":2,"column":28}}},"fnMap":{},"branchMap":{},"s":{"0":2,"1":2},"f":{},"b":{}}
,"/Users/Shared/NactJS/packages/core/application/nact-application.ts": {"path":"/Users/Shared/NactJS/packages/core/application/nact-application.ts","statementMap":{"0":{"start":{"line":1,"column":0},"end":{"line":1,"column":26}},"1":{"start":{"line":3,"column":0},"end":{"line":3,"column":70}},"2":{"start":{"line":5,"column":0},"end":{"line":5,"column":28}},"3":{"start":{"line":6,"column":0},"end":{"line":6,"column":39}},"4":{"start":{"line":7,"column":0},"end":{"line":7,"column":29}},"5":{"start":{"line":9,"column":0},"end":{"line":9,"column":75}},"6":{"start":{"line":10,"column":0},"end":{"line":10,"column":62}},"7":{"start":{"line":11,"column":0},"end":{"line":11,"column":87}},"8":{"start":{"line":12,"column":0},"end":{"line":12,"column":91}},"9":{"start":{"line":15,"column":0},"end":{"line":15,"column":79}},"10":{"start":{"line":18,"column":1},"end":{"line":23,"column":null}},"11":{"start":{"line":18,"column":14},"end":{"line":18,"column":15}},"12":{"start":{"line":19,"column":2},"end":{"line":22,"column":22}},"13":{"start":{"line":20,"column":22},"end":{"line":20,"column":36}},"14":{"start":{"line":21,"column":3},"end":{"line":21,"column":27}},"15":{"start":{"line":22,"column":9},"end":{"line":22,"column":22}},"16":{"start":{"line":24,"column":1},"end":{"line":24,"column":13}},"17":{"start":{"line":36,"column":30},"end":{"line":36,"column":48}},"18":{"start":{"line":37,"column":2},"end":{"line":37,"column":23}},"19":{"start":{"line":38,"column":2},"end":{"line":38,"column":21}},"20":{"start":{"line":42,"column":2},"end":{"line":42,"column":25}},"21":{"start":{"line":48,"column":2},"end":{"line":50,"column":null}},"22":{"start":{"line":49,"column":3},"end":{"line":49,"column":65}},"23":{"start":{"line":49,"column":42},"end":{"line":49,"column":63}},"24":{"start":{"line":51,"column":2},"end":{"line":51,"column":23}},"25":{"start":{"line":57,"column":21},"end":{"line":57,"column":68}},"26":{"start":{"line":58,"column":2},"end":{"line":70,"column":null}},"27":{"start":{"line":59,"column":3},"end":{"line":64,"column":6}},"28":{"start":{"line":60,"column":21},"end":{"line":60,"column":56}},"29":{"start":{"line":61,"column":4},"end":{"line":63,"column":null}},"30":{"start":{"line":62,"column":5},"end":{"line":62,"column":62}},"31":{"start":{"line":66,"column":20},"end":{"line":66,"column":55}},"32":{"start":{"line":67,"column":3},"end":{"line":69,"column":null}},"33":{"start":{"line":68,"column":4},"end":{"line":68,"column":45}},"34":{"start":{"line":74,"column":2},"end":{"line":78,"column":null}},"35":{"start":{"line":75,"column":3},"end":{"line":75,"column":57}},"36":{"start":{"line":77,"column":3},"end":{"line":77,"column":36}},"37":{"start":{"line":184,"column":11},"end":{"line":187,"column":3}},"38":{"start":{"line":185,"column":18},"end":{"line":185,"column":43}},"39":{"start":{"line":186,"column":2},"end":{"line":186,"column":33}},"40":{"start":{"line":94,"column":2},"end":{"line":97,"column":4}},"41":{"start":{"line":98,"column":2},"end":{"line":98,"column":31}},"42":{"start":{"line":99,"column":2},"end":{"line":99,"column":25}},"43":{"start":{"line":100,"column":2},"end":{"line":100,"column":91}},"44":{"start":{"line":101,"column":2},"end":{"line":101,"column":85}},"45":{"start":{"line":102,"column":2},"end":{"line":102,"column":19}},"46":{"start":{"line":103,"column":2},"end":{"line":103,"column":49}},"47":{"start":{"line":104,"column":2},"end":{"line":104,"column":23}},"48":{"start":{"line":105,"column":2},"end":{"line":105,"column":52}},"49":{"start":{"line":107,"column":2},"end":{"line":107,"column":22}},"50":{"start":{"line":113,"column":2},"end":{"line":113,"column":27}},"51":{"start":{"line":117,"column":2},"end":{"line":117,"column":52}},"52":{"start":{"line":118,"column":2},"end":{"line":118,"column":120}},"53":{"start":{"line":119,"column":2},"end":{"line":119,"column":14}},"54":{"start":{"line":123,"column":2},"end":{"line":123,"column":46}},"55":{"start":{"line":124,"column":2},"end":{"line":124,"column":14}},"56":{"start":{"line":129,"column":2},"end":{"line":131,"column":null}},"57":{"start":{"line":130,"column":3},"end":{"line":130,"column":32}},"58":{"start":{"line":132,"column":2},"end":{"line":132,"column":14}},"59":{"start":{"line":136,"column":2},"end":{"line":136,"column":21}},"60":{"start":{"line":140,"column":2},"end":{"line":140,"column":21}},"61":{"start":{"line":144,"column":2},"end":{"line":144,"column":32}},"62":{"start":{"line":149,"column":2},"end":{"line":149,"column":44}},"63":{"start":{"line":150,"column":2},"end":{"line":150,"column":46}},"64":{"start":{"line":152,"column":22},"end":{"line":152,"column":74}},"65":{"start":{"line":153,"column":2},"end":{"line":153,"column":52}},"66":{"start":{"line":154,"column":2},"end":{"line":154,"column":29}},"67":{"start":{"line":156,"column":2},"end":{"line":156,"column":37}},"68":{"start":{"line":160,"column":2},"end":{"line":168,"column":null}},"69":{"start":{"line":161,"column":20},"end":{"line":161,"column":29}},"70":{"start":{"line":162,"column":16},"end":{"line":162,"column":40}},"71":{"start":{"line":163,"column":21},"end":{"line":163,"column":66}},"72":{"start":{"line":164,"column":3},"end":{"line":164,"column":37}},"73":{"start":{"line":166,"column":3},"end":{"line":166,"column":64}},"74":{"start":{"line":167,"column":3},"end":{"line":167,"column":60}},"75":{"start":{"line":174,"column":14},"end":{"line":174,"column":33}},"76":{"start":{"line":175,"column":14},"end":{"line":175,"column":21}},"77":{"start":{"line":176,"column":2},"end":{"line":181,"column":null}},"78":{"start":{"line":177,"column":3},"end":{"line":180,"column":null}},"79":{"start":{"line":178,"column":17},"end":{"line":178,"column":31}},"80":{"start":{"line":179,"column":4},"end":{"line":179,"column":21}},"81":{"start":{"line":190,"column":17},"end":{"line":190,"column":26}},"82":{"start":{"line":192,"column":2},"end":{"line":214,"column":null}},"83":{"start":{"line":193,"column":27},"end":{"line":193,"column":73}},"84":{"start":{"line":194,"column":23},"end":{"line":194,"column":46}},"85":{"start":{"line":196,"column":3},"end":{"line":196,"column":28}},"86":{"start":{"line":197,"column":3},"end":{"line":213,"column":null}},"87":{"start":{"line":198,"column":4},"end":{"line":200,"column":7}},"88":{"start":{"line":199,"column":5},"end":{"line":199,"column":35}},"89":{"start":{"line":202,"column":4},"end":{"line":212,"column":8}},"90":{"start":{"line":204,"column":6},"end":{"line":204,"column":30}},"91":{"start":{"line":207,"column":26},"end":{"line":207,"column":75}},"92":{"start":{"line":208,"column":24},"end":{"line":208,"column":56}},"93":{"start":{"line":209,"column":6},"end":{"line":211,"column":null}},"94":{"start":{"line":210,"column":7},"end":{"line":210,"column":17}},"95":{"start":{"line":216,"column":2},"end":{"line":216,"column":24}},"96":{"start":{"line":222,"column":2},"end":{"line":222,"column":51}},"97":{"start":{"line":225,"column":2},"end":{"line":225,"column":21}},"98":{"start":{"line":229,"column":2},"end":{"line":234,"column":null}},"99":{"start":{"line":230,"column":3},"end":{"line":233,"column":6}},"100":{"start":{"line":231,"column":4},"end":{"line":231,"column":24}},"101":{"start":{"line":232,"column":4},"end":{"line":232,"column":27}},"102":{"start":{"line":238,"column":2},"end":{"line":238,"column":49}},"103":{"start":{"line":244,"column":25},"end":{"line":244,"column":72}},"104":{"start":{"line":245,"column":2},"end":{"line":245,"column":28}},"105":{"start":{"line":246,"column":2},"end":{"line":246,"column":63}},"106":{"start":{"line":246,"column":10},"end":{"line":246,"column":63}},"107":{"start":{"line":248,"column":2},"end":{"line":248,"column":36}},"108":{"start":{"line":250,"column":22},"end":{"line":250,"column":74}},"109":{"start":{"line":251,"column":2},"end":{"line":251,"column":52}},"110":{"start":{"line":255,"column":18},"end":{"line":255,"column":40}},"111":{"start":{"line":259,"column":4},"end":{"line":259,"column":72}},"112":{"start":{"line":263,"column":4},"end":{"line":263,"column":110}},"113":{"start":{"line":267,"column":4},"end":{"line":267,"column":29}},"114":{"start":{"line":268,"column":4},"end":{"line":268,"column":29}},"115":{"start":{"line":269,"column":4},"end":{"line":269,"column":28}},"116":{"start":{"line":272,"column":4},"end":{"line":272,"column":79}},"117":{"start":{"line":275,"column":4},"end":{"line":283,"column":null}},"118":{"start":{"line":276,"column":25},"end":{"line":276,"column":60}},"119":{"start":{"line":277,"column":5},"end":{"line":282,"column":null}},"120":{"start":{"line":277,"column":18},"end":{"line":277,"column":19}},"121":{"start":{"line":278,"column":21},"end":{"line":278,"column":35}},"122":{"start":{"line":279,"column":6},"end":{"line":281,"column":null}},"123":{"start":{"line":280,"column":7},"end":{"line":280,"column":42}},"124":{"start":{"line":286,"column":4},"end":{"line":286,"column":108}},"125":{"start":{"line":290,"column":24},"end":{"line":290,"column":51}},"126":{"start":{"line":291,"column":4},"end":{"line":297,"column":null}},"127":{"start":{"line":291,"column":17},"end":{"line":291,"column":18}},"128":{"start":{"line":292,"column":26},"end":{"line":292,"column":40}},"129":{"start":{"line":293,"column":5},"end":{"line":296,"column":null}},"130":{"start":{"line":294,"column":6},"end":{"line":294,"column":31}},"131":{"start":{"line":295,"column":6},"end":{"line":295,"column":88}},"132":{"start":{"line":300,"column":22},"end":{"line":300,"column":59}},"133":{"start":{"line":302,"column":3},"end":{"line":302,"column":22}},"134":{"start":{"line":303,"column":3},"end":{"line":303,"column":23}},"135":{"start":{"line":304,"column":3},"end":{"line":304,"column":30}},"136":{"start":{"line":305,"column":3},"end":{"line":305,"column":25}},"137":{"start":{"line":306,"column":3},"end":{"line":306,"column":26}},"138":{"start":{"line":307,"column":3},"end":{"line":307,"column":28}},"139":{"start":{"line":308,"column":3},"end":{"line":308,"column":29}},"140":{"start":{"line":309,"column":3},"end":{"line":309,"column":21}},"141":{"start":{"line":312,"column":18},"end":{"line":312,"column":34}},"142":{"start":{"line":313,"column":19},"end":{"line":313,"column":50}},"143":{"start":{"line":314,"column":22},"end":{"line":314,"column":56}},"144":{"start":{"line":316,"column":2},"end":{"line":316,"column":50}},"145":{"start":{"line":320,"column":9},"end":{"line":320,"column":19}}},"fnMap":{"0":{"name":"runMiddlewares","decl":{"start":{"line":17,"column":9},"end":{"line":17,"column":23}},"loc":{"start":{"line":17,"column":96},"end":{"line":25,"column":1}}},"1":{"name":"(anonymous_1)","decl":{"start":{"line":36,"column":1},"end":{"line":36,"column":30}},"loc":{"start":{"line":36,"column":48},"end":{"line":39,"column":2}}},"2":{"name":"(anonymous_2)","decl":{"start":{"line":41,"column":1},"end":{"line":41,"column":20}},"loc":{"start":{"line":41,"column":20},"end":{"line":43,"column":2}}},"3":{"name":"(anonymous_3)","decl":{"start":{"line":47,"column":1},"end":{"line":47,"column":12}},"loc":{"start":{"line":47,"column":26},"end":{"line":52,"column":2}}},"4":{"name":"(anonymous_4)","decl":{"start":{"line":49,"column":29},"end":{"line":49,"column":30}},"loc":{"start":{"line":49,"column":42},"end":{"line":49,"column":63}}},"5":{"name":"(anonymous_5)","decl":{"start":{"line":54,"column":1},"end":{"line":54,"column":17}},"loc":{"start":{"line":55,"column":108},"end":{"line":71,"column":2}}},"6":{"name":"(anonymous_6)","decl":{"start":{"line":59,"column":19},"end":{"line":59,"column":20}},"loc":{"start":{"line":59,"column":31},"end":{"line":64,"column":4}}},"7":{"name":"(anonymous_7)","decl":{"start":{"line":73,"column":1},"end":{"line":73,"column":20}},"loc":{"start":{"line":73,"column":66},"end":{"line":79,"column":2}}},"8":{"name":"(anonymous_8)","decl":{"start":{"line":93,"column":1},"end":{"line":93,"column":13}},"loc":{"start":{"line":93,"column":71},"end":{"line":108,"column":2}}},"9":{"name":"(anonymous_9)","decl":{"start":{"line":184,"column":30},"end":{"line":184,"column":31}},"loc":{"start":{"line":184,"column":84},"end":{"line":187,"column":2}}},"10":{"name":"(anonymous_10)","decl":{"start":{"line":112,"column":8},"end":{"line":112,"column":23}},"loc":{"start":{"line":112,"column":23},"end":{"line":114,"column":2}}},"11":{"name":"(anonymous_11)","decl":{"start":{"line":116,"column":8},"end":{"line":116,"column":21}},"loc":{"start":{"line":116,"column":60},"end":{"line":120,"column":2}}},"12":{"name":"(anonymous_12)","decl":{"start":{"line":122,"column":8},"end":{"line":122,"column":18}},"loc":{"start":{"line":122,"column":72},"end":{"line":125,"column":2}}},"13":{"name":"(anonymous_13)","decl":{"start":{"line":128,"column":8},"end":{"line":128,"column":20}},"loc":{"start":{"line":128,"column":20},"end":{"line":133,"column":2}}},"14":{"name":"(anonymous_14)","decl":{"start":{"line":135,"column":8},"end":{"line":135,"column":17}},"loc":{"start":{"line":135,"column":17},"end":{"line":137,"column":2}}},"15":{"name":"(anonymous_15)","decl":{"start":{"line":139,"column":8},"end":{"line":139,"column":17}},"loc":{"start":{"line":139,"column":17},"end":{"line":141,"column":2}}},"16":{"name":"(anonymous_16)","decl":{"start":{"line":143,"column":8},"end":{"line":143,"column":28}},"loc":{"start":{"line":143,"column":28},"end":{"line":145,"column":2}}},"17":{"name":"(anonymous_17)","decl":{"start":{"line":148,"column":17},"end":{"line":148,"column":29}},"loc":{"start":{"line":148,"column":29},"end":{"line":157,"column":null}}},"18":{"name":"(anonymous_19)","decl":{"start":{"line":159,"column":11},"end":{"line":159,"column":38}},"loc":{"start":{"line":159,"column":38},"end":{"line":169,"column":2}}},"19":{"name":"(anonymous_20)","decl":{"start":{"line":173,"column":11},"end":{"line":173,"column":30}},"loc":{"start":{"line":173,"column":30},"end":{"line":182,"column":2}}},"20":{"name":"(anonymous_21)","decl":{"start":{"line":189,"column":17},"end":{"line":189,"column":33}},"loc":{"start":{"line":189,"column":54},"end":{"line":217,"column":null}}},"21":{"name":"(anonymous_23)","decl":{"start":{"line":198,"column":27},"end":{"line":198,"column":28}},"loc":{"start":{"line":198,"column":39},"end":{"line":200,"column":5}}},"22":{"name":"(anonymous_24)","decl":{"start":{"line":203,"column":11},"end":{"line":203,"column":12}},"loc":{"start":{"line":203,"column":24},"end":{"line":205,"column":6}}},"23":{"name":"(anonymous_25)","decl":{"start":{"line":206,"column":12},"end":{"line":206,"column":13}},"loc":{"start":{"line":206,"column":25},"end":{"line":212,"column":6}}},"24":{"name":"(anonymous_26)","decl":{"start":{"line":221,"column":8},"end":{"line":221,"column":25}},"loc":{"start":{"line":221,"column":25},"end":{"line":223,"column":2}}},"25":{"name":"(anonymous_27)","decl":{"start":{"line":224,"column":8},"end":{"line":224,"column":11}},"loc":{"start":{"line":224,"column":11},"end":{"line":226,"column":2}}},"26":{"name":"(anonymous_28)","decl":{"start":{"line":228,"column":8},"end":{"line":228,"column":14}},"loc":{"start":{"line":228,"column":27},"end":{"line":235,"column":2}}},"27":{"name":"(anonymous_29)","decl":{"start":{"line":230,"column":28},"end":{"line":230,"column":31}},"loc":{"start":{"line":230,"column":33},"end":{"line":233,"column":4}}},"28":{"name":"(anonymous_30)","decl":{"start":{"line":237,"column":8},"end":{"line":237,"column":26}},"loc":{"start":{"line":237,"column":26},"end":{"line":239,"column":2}}},"29":{"name":"(anonymous_31)","decl":{"start":{"line":241,"column":14},"end":{"line":241,"column":38}},"loc":{"start":{"line":242,"column":78},"end":{"line":252,"column":null}}},"30":{"name":"(anonymous_33)","decl":{"start":{"line":254,"column":14},"end":{"line":254,"column":27}},"loc":{"start":{"line":254,"column":54},"end":{"line":317,"column":null}}},"31":{"name":"getHTTPRequest","decl":{"start":{"line":257,"column":11},"end":{"line":257,"column":25}},"loc":{"start":{"line":257,"column":25},"end":{"line":310,"column":3}}},"32":{"name":"setURL","decl":{"start":{"line":258,"column":12},"end":{"line":258,"column":18}},"loc":{"start":{"line":258,"column":39},"end":{"line":260,"column":4}}},"33":{"name":"setHost","decl":{"start":{"line":262,"column":12},"end":{"line":262,"column":19}},"loc":{"start":{"line":262,"column":40},"end":{"line":264,"column":4}}},"34":{"name":"setHttpVersion","decl":{"start":{"line":266,"column":12},"end":{"line":266,"column":26}},"loc":{"start":{"line":266,"column":47},"end":{"line":270,"column":4}}},"35":{"name":"setMethod","decl":{"start":{"line":271,"column":12},"end":{"line":271,"column":21}},"loc":{"start":{"line":271,"column":42},"end":{"line":273,"column":4}}},"36":{"name":"setHeaders","decl":{"start":{"line":274,"column":12},"end":{"line":274,"column":22}},"loc":{"start":{"line":274,"column":43},"end":{"line":284,"column":4}}},"37":{"name":"setUserAgent","decl":{"start":{"line":285,"column":12},"end":{"line":285,"column":24}},"loc":{"start":{"line":285,"column":45},"end":{"line":287,"column":4}}},"38":{"name":"setRawHeaders","decl":{"start":{"line":289,"column":12},"end":{"line":289,"column":25}},"loc":{"start":{"line":289,"column":46},"end":{"line":298,"column":4}}}},"branchMap":{"0":{"loc":{"start":{"line":19,"column":2},"end":{"line":22,"column":22}},"type":"if","locations":[{"start":{"line":19,"column":2},"end":{"line":22,"column":22}},{"start":{"line":22,"column":9},"end":{"line":22,"column":22}}]},"1":{"loc":{"start":{"line":48,"column":2},"end":{"line":50,"column":null}},"type":"if","locations":[{"start":{"line":48,"column":2},"end":{"line":50,"column":null}}]},"2":{"loc":{"start":{"line":58,"column":2},"end":{"line":70,"column":null}},"type":"if","locations":[{"start":{"line":58,"column":2},"end":{"line":70,"column":null}},{"start":{"line":65,"column":9},"end":{"line":70,"column":null}}]},"3":{"loc":{"start":{"line":60,"column":21},"end":{"line":60,"column":56}},"type":"cond-expr","locations":[{"start":{"line":60,"column":31},"end":{"line":60,"column":33}},{"start":{"line":60,"column":21},"end":{"line":60,"column":56}}]},"4":{"loc":{"start":{"line":60,"column":21},"end":{"line":60,"column":33}},"type":"binary-expr","locations":[{"start":{"line":60,"column":21},"end":{"line":60,"column":33}},{"start":{"line":60,"column":21},"end":{"line":60,"column":33}}]},"5":{"loc":{"start":{"line":61,"column":4},"end":{"line":63,"column":null}},"type":"if","locations":[{"start":{"line":61,"column":4},"end":{"line":63,"column":null}}]},"6":{"loc":{"start":{"line":61,"column":8},"end":{"line":61,"column":26}},"type":"cond-expr","locations":[{"start":{"line":61,"column":16},"end":{"line":61,"column":18}},{"start":{"line":61,"column":8},"end":{"line":61,"column":26}}]},"7":{"loc":{"start":{"line":61,"column":8},"end":{"line":61,"column":18}},"type":"binary-expr","locations":[{"start":{"line":61,"column":8},"end":{"line":61,"column":18}},{"start":{"line":61,"column":8},"end":{"line":61,"column":18}}]},"8":{"loc":{"start":{"line":66,"column":20},"end":{"line":66,"column":55}},"type":"cond-expr","locations":[{"start":{"line":66,"column":30},"end":{"line":66,"column":32}},{"start":{"line":66,"column":20},"end":{"line":66,"column":55}}]},"9":{"loc":{"start":{"line":66,"column":20},"end":{"line":66,"column":32}},"type":"binary-expr","locations":[{"start":{"line":66,"column":20},"end":{"line":66,"column":32}},{"start":{"line":66,"column":20},"end":{"line":66,"column":32}}]},"10":{"loc":{"start":{"line":67,"column":3},"end":{"line":69,"column":null}},"type":"if","locations":[{"start":{"line":67,"column":3},"end":{"line":69,"column":null}}]},"11":{"loc":{"start":{"line":67,"column":7},"end":{"line":67,"column":25}},"type":"cond-expr","locations":[{"start":{"line":67,"column":15},"end":{"line":67,"column":17}},{"start":{"line":67,"column":7},"end":{"line":67,"column":25}}]},"12":{"loc":{"start":{"line":67,"column":7},"end":{"line":67,"column":17}},"type":"binary-expr","locations":[{"start":{"line":67,"column":7},"end":{"line":67,"column":17}},{"start":{"line":67,"column":7},"end":{"line":67,"column":17}}]},"13":{"loc":{"start":{"line":74,"column":2},"end":{"line":78,"column":null}},"type":"if","locations":[{"start":{"line":74,"column":2},"end":{"line":78,"column":null}},{"start":{"line":76,"column":9},"end":{"line":78,"column":null}}]},"14":{"loc":{"start":{"line":100,"column":51},"end":{"line":100,"column":87}},"type":"cond-expr","locations":[{"start":{"line":100,"column":79},"end":{"line":100,"column":83}},{"start":{"line":100,"column":83},"end":{"line":100,"column":87}}]},"15":{"loc":{"start":{"line":100,"column":51},"end":{"line":100,"column":83}},"type":"binary-expr","locations":[{"start":{"line":100,"column":51},"end":{"line":100,"column":83}},{"start":{"line":100,"column":79},"end":{"line":100,"column":83}}]},"16":{"loc":{"start":{"line":100,"column":51},"end":{"line":100,"column":79}},"type":"cond-expr","locations":[{"start":{"line":100,"column":64},"end":{"line":100,"column":66}},{"start":{"line":100,"column":51},"end":{"line":100,"column":79}}]},"17":{"loc":{"start":{"line":100,"column":51},"end":{"line":100,"column":66}},"type":"binary-expr","locations":[{"start":{"line":100,"column":51},"end":{"line":100,"column":66}},{"start":{"line":100,"column":51},"end":{"line":100,"column":66}}]},"18":{"loc":{"start":{"line":105,"column":27},"end":{"line":105,"column":51}},"type":"cond-expr","locations":[{"start":{"line":105,"column":27},"end":{"line":105,"column":44}},{"start":{"line":105,"column":48},"end":{"line":105,"column":51}}]},"19":{"loc":{"start":{"line":105,"column":27},"end":{"line":105,"column":48}},"type":"binary-expr","locations":[{"start":{"line":105,"column":27},"end":{"line":105,"column":48}},{"start":{"line":105,"column":27},"end":{"line":105,"column":48}}]},"20":{"loc":{"start":{"line":118,"column":23},"end":{"line":118,"column":59}},"type":"cond-expr","locations":[{"start":{"line":118,"column":38},"end":{"line":118,"column":42}},{"start":{"line":118,"column":42},"end":{"line":118,"column":59}}]},"21":{"loc":{"start":{"line":118,"column":23},"end":{"line":118,"column":42}},"type":"binary-expr","locations":[{"start":{"line":118,"column":23},"end":{"line":118,"column":42}},{"start":{"line":118,"column":38},"end":{"line":118,"column":42}}]},"22":{"loc":{"start":{"line":129,"column":2},"end":{"line":131,"column":null}},"type":"if","locations":[{"start":{"line":129,"column":2},"end":{"line":131,"column":null}}]},"23":{"loc":{"start":{"line":160,"column":2},"end":{"line":168,"column":null}},"type":"if","locations":[{"start":{"line":160,"column":2},"end":{"line":168,"column":null}}]},"24":{"loc":{"start":{"line":162,"column":16},"end":{"line":162,"column":40}},"type":"cond-expr","locations":[{"start":{"line":162,"column":25},"end":{"line":162,"column":29}},{"start":{"line":162,"column":29},"end":{"line":162,"column":40}}]},"25":{"loc":{"start":{"line":162,"column":16},"end":{"line":162,"column":29}},"type":"binary-expr","locations":[{"start":{"line":162,"column":16},"end":{"line":162,"column":29}},{"start":{"line":162,"column":25},"end":{"line":162,"column":29}}]},"26":{"loc":{"start":{"line":176,"column":2},"end":{"line":181,"column":null}},"type":"if","locations":[{"start":{"line":176,"column":2},"end":{"line":181,"column":null}}]},"27":{"loc":{"start":{"line":177,"column":3},"end":{"line":180,"column":null}},"type":"if","locations":[{"start":{"line":177,"column":3},"end":{"line":180,"column":null}}]},"28":{"loc":{"start":{"line":192,"column":2},"end":{"line":214,"column":null}},"type":"if","locations":[{"start":{"line":192,"column":2},"end":{"line":214,"column":null}}]},"29":{"loc":{"start":{"line":194,"column":23},"end":{"line":194,"column":46}},"type":"cond-expr","locations":[{"start":{"line":194,"column":38},"end":{"line":194,"column":40}},{"start":{"line":194,"column":23},"end":{"line":194,"column":46}}]},"30":{"loc":{"start":{"line":194,"column":23},"end":{"line":194,"column":40}},"type":"binary-expr","locations":[{"start":{"line":194,"column":23},"end":{"line":194,"column":40}},{"start":{"line":194,"column":23},"end":{"line":194,"column":40}}]},"31":{"loc":{"start":{"line":197,"column":3},"end":{"line":213,"column":null}},"type":"if","locations":[{"start":{"line":197,"column":3},"end":{"line":213,"column":null}}]},"32":{"loc":{"start":{"line":209,"column":6},"end":{"line":211,"column":null}},"type":"if","locations":[{"start":{"line":209,"column":6},"end":{"line":211,"column":null}}]},"33":{"loc":{"start":{"line":229,"column":2},"end":{"line":234,"column":null}},"type":"if","locations":[{"start":{"line":229,"column":2},"end":{"line":234,"column":null}}]},"34":{"loc":{"start":{"line":246,"column":2},"end":{"line":246,"column":63}},"type":"if","locations":[{"start":{"line":246,"column":2},"end":{"line":246,"column":63}}]},"35":{"loc":{"start":{"line":259,"column":34},"end":{"line":259,"column":70}},"type":"cond-expr","locations":[{"start":{"line":259,"column":51},"end":{"line":259,"column":65}},{"start":{"line":259,"column":68},"end":{"line":259,"column":70}}]},"36":{"loc":{"start":{"line":263,"column":23},"end":{"line":263,"column":109}},"type":"binary-expr","locations":[{"start":{"line":263,"column":23},"end":{"line":263,"column":48}},{"start":{"line":263,"column":53},"end":{"line":263,"column":84}},{"start":{"line":263,"column":90},"end":{"line":263,"column":108}}]},"37":{"loc":{"start":{"line":263,"column":23},"end":{"line":263,"column":48}},"type":"cond-expr","locations":[{"start":{"line":263,"column":42},"end":{"line":263,"column":44}},{"start":{"line":263,"column":42},"end":{"line":263,"column":48}}]},"38":{"loc":{"start":{"line":263,"column":23},"end":{"line":263,"column":44}},"type":"binary-expr","locations":[{"start":{"line":263,"column":23},"end":{"line":263,"column":44}},{"start":{"line":263,"column":42},"end":{"line":263,"column":44}}]},"39":{"loc":{"start":{"line":263,"column":53},"end":{"line":263,"column":84}},"type":"cond-expr","locations":[{"start":{"line":263,"column":75},"end":{"line":263,"column":79}},{"start":{"line":263,"column":79},"end":{"line":263,"column":84}}]},"40":{"loc":{"start":{"line":263,"column":53},"end":{"line":263,"column":79}},"type":"binary-expr","locations":[{"start":{"line":263,"column":53},"end":{"line":263,"column":79}},{"start":{"line":263,"column":75},"end":{"line":263,"column":79}}]},"41":{"loc":{"start":{"line":263,"column":53},"end":{"line":263,"column":75}},"type":"cond-expr","locations":[{"start":{"line":263,"column":64},"end":{"line":263,"column":66}},{"start":{"line":263,"column":53},"end":{"line":263,"column":75}}]},"42":{"loc":{"start":{"line":263,"column":53},"end":{"line":263,"column":66}},"type":"binary-expr","locations":[{"start":{"line":263,"column":53},"end":{"line":263,"column":66}},{"start":{"line":263,"column":53},"end":{"line":263,"column":66}}]},"43":{"loc":{"start":{"line":263,"column":90},"end":{"line":263,"column":108}},"type":"cond-expr","locations":[{"start":{"line":263,"column":102},"end":{"line":263,"column":106}},{"start":{"line":263,"column":106},"end":{"line":263,"column":108}}]},"44":{"loc":{"start":{"line":263,"column":90},"end":{"line":263,"column":106}},"type":"binary-expr","locations":[{"start":{"line":263,"column":90},"end":{"line":263,"column":106}},{"start":{"line":263,"column":102},"end":{"line":263,"column":106}}]},"45":{"loc":{"start":{"line":272,"column":17},"end":{"line":272,"column":78}},"type":"cond-expr","locations":[{"start":{"line":272,"column":38},"end":{"line":272,"column":70}},{"start":{"line":272,"column":73},"end":{"line":272,"column":78}}]},"46":{"loc":{"start":{"line":275,"column":4},"end":{"line":283,"column":null}},"type":"if","locations":[{"start":{"line":275,"column":4},"end":{"line":283,"column":null}}]},"47":{"loc":{"start":{"line":275,"column":8},"end":{"line":275,"column":28}},"type":"cond-expr","locations":[{"start":{"line":275,"column":19},"end":{"line":275,"column":21}},{"start":{"line":275,"column":8},"end":{"line":275,"column":28}}]},"48":{"loc":{"start":{"line":275,"column":8},"end":{"line":275,"column":21}},"type":"binary-expr","locations":[{"start":{"line":275,"column":8},"end":{"line":275,"column":21}},{"start":{"line":275,"column":8},"end":{"line":275,"column":21}}]},"49":{"loc":{"start":{"line":279,"column":6},"end":{"line":281,"column":null}},"type":"if","locations":[{"start":{"line":279,"column":6},"end":{"line":281,"column":null}}]},"50":{"loc":{"start":{"line":279,"column":10},"end":{"line":279,"column":55}},"type":"binary-expr","locations":[{"start":{"line":279,"column":10},"end":{"line":279,"column":33}},{"start":{"line":279,"column":37},"end":{"line":279,"column":55}}]},"51":{"loc":{"start":{"line":286,"column":32},"end":{"line":286,"column":107}},"type":"cond-expr","locations":[{"start":{"line":286,"column":54},"end":{"line":286,"column":87}},{"start":{"line":286,"column":90},"end":{"line":286,"column":107}}]},"52":{"loc":{"start":{"line":293,"column":5},"end":{"line":296,"column":null}},"type":"if","locations":[{"start":{"line":293,"column":5},"end":{"line":296,"column":null}}]},"53":{"loc":{"start":{"line":293,"column":9},"end":{"line":293,"column":46}},"type":"binary-expr","locations":[{"start":{"line":293,"column":9},"end":{"line":293,"column":28}},{"start":{"line":293,"column":32},"end":{"line":293,"column":46}}]},"54":{"loc":{"start":{"line":295,"column":6},"end":{"line":295,"column":87}},"type":"cond-expr","locations":[{"start":{"line":295,"column":29},"end":{"line":295,"column":58}},{"start":{"line":295,"column":61},"end":{"line":295,"column":87}}]}},"s":{"0":2,"1":2,"2":2,"3":2,"4":2,"5":2,"6":2,"7":2,"8":2,"9":2,"10":5,"11":5,"12":5,"13":5,"14":5,"15":0,"16":5,"17":7,"18":7,"19":7,"20":5,"21":1,"22":0,"23":0,"24":1,"25":2,"26":2,"27":0,"28":0,"29":0,"30":0,"31":2,"32":2,"33":2,"34":5,"35":0,"36":5,"37":2,"38":0,"39":0,"40":2,"41":2,"42":2,"43":2,"44":2,"45":2,"46":2,"47":2,"48":2,"49":2,"50":1,"51":5,"52":5,"53":5,"54":2,"55":2,"56":1,"57":0,"58":1,"59":0,"60":1,"61":0,"62":2,"63":2,"64":2,"65":2,"66":2,"67":2,"68":2,"69":0,"70":0,"71":0,"72":0,"73":0,"74":0,"75":2,"76":2,"77":2,"78":2,"79":2,"80":2,"81":5,"82":5,"83":5,"84":5,"85":5,"86":5,"87":0,"88":0,"89":0,"90":0,"91":0,"92":0,"93":0,"94":0,"95":5,"96":8,"97":0,"98":0,"99":0,"100":0,"101":0,"102":5,"103":1,"104":1,"105":1,"106":1,"107":1,"108":1,"109":1,"110":5,"111":5,"112":5,"113":5,"114":5,"115":5,"116":5,"117":5,"118":5,"119":5,"120":5,"121":0,"122":0,"123":0,"124":5,"125":5,"126":5,"127":5,"128":10,"129":10,"130":5,"131":5,"132":5,"133":5,"134":5,"135":5,"136":5,"137":5,"138":5,"139":5,"140":5,"141":5,"142":5,"143":5,"144":5,"145":2},"f":{"0":5,"1":7,"2":5,"3":1,"4":0,"5":2,"6":0,"7":5,"8":2,"9":0,"10":1,"11":5,"12":2,"13":1,"14":0,"15":1,"16":0,"17":2,"18":2,"19":2,"20":5,"21":0,"22":0,"23":0,"24":8,"25":0,"26":0,"27":0,"28":5,"29":1,"30":5,"31":5,"32":5,"33":5,"34":5,"35":5,"36":5,"37":5,"38":5},"b":{"0":[5,0],"1":[0],"2":[0,2],"3":[0,0],"4":[0,0],"5":[0],"6":[0,0],"7":[0,0],"8":[0,2],"9":[2,2],"10":[2],"11":[0,2],"12":[2,2],"13":[0,5],"14":[2,0],"15":[2,2],"16":[0,2],"17":[2,2],"18":[2,0],"19":[2,2],"20":[5,0],"21":[5,5],"22":[0],"23":[0],"24":[0,0],"25":[0,0],"26":[2],"27":[2],"28":[5],"29":[5,0],"30":[5,5],"31":[0],"32":[0],"33":[0],"34":[1],"35":[0,5],"36":[5,5,5],"37":[0,5],"38":[5,5],"39":[0,5],"40":[5,5],"41":[0,5],"42":[5,5],"43":[0,5],"44":[5,0],"45":[5,0],"46":[5],"47":[0,5],"48":[5,5],"49":[0],"50":[0,0],"51":[5,0],"52":[5],"53":[10,5],"54":[0,5]}}
,"/Users/Shared/NactJS/packages/core/decorators/Utils.ts": {"path":"/Users/Shared/NactJS/packages/core/decorators/Utils.ts","statementMap":{"0":{"start":{"line":1,"column":0},"end":{"line":1,"column":78}},"1":{"start":{"line":5,"column":25},"end":{"line":5,"column":102}},"2":{"start":{"line":6,"column":1},"end":{"line":15,"column":null}},"3":{"start":{"line":7,"column":25},"end":{"line":7,"column":45}},"4":{"start":{"line":8,"column":2},"end":{"line":12,"column":null}},"5":{"start":{"line":9,"column":3},"end":{"line":9,"column":39}},"6":{"start":{"line":11,"column":3},"end":{"line":11,"column":34}},"7":{"start":{"line":14,"column":2},"end":{"line":14,"column":28}},"8":{"start":{"line":16,"column":1},"end":{"line":16,"column":24}},"9":{"start":{"line":20,"column":1},"end":{"line":27,"column":3}},"10":{"start":{"line":21,"column":2},"end":{"line":26,"column":4}},"11":{"start":{"line":30,"column":9},"end":{"line":30,"column":34}}},"fnMap":{"0":{"name":"setMetaData","decl":{"start":{"line":4,"column":9},"end":{"line":4,"column":20}},"loc":{"start":{"line":4,"column":75},"end":{"line":17,"column":1}}},"1":{"name":"createRouteParamDecorator","decl":{"start":{"line":19,"column":9},"end":{"line":19,"column":34}},"loc":{"start":{"line":19,"column":66},"end":{"line":28,"column":1}}},"2":{"name":"(anonymous_2)","decl":{"start":{"line":20,"column":8},"end":{"line":20,"column":18}},"loc":{"start":{"line":20,"column":54},"end":{"line":27,"column":2}}}},"branchMap":{"0":{"loc":{"start":{"line":6,"column":1},"end":{"line":15,"column":null}},"type":"if","locations":[{"start":{"line":6,"column":1},"end":{"line":15,"column":null}},{"start":{"line":13,"column":8},"end":{"line":15,"column":null}}]},"1":{"loc":{"start":{"line":8,"column":2},"end":{"line":12,"column":null}},"type":"if","locations":[{"start":{"line":8,"column":2},"end":{"line":12,"column":null}},{"start":{"line":10,"column":9},"end":{"line":12,"column":null}}]}},"s":{"0":2,"1":19,"2":19,"3":0,"4":0,"5":0,"6":0,"7":19,"8":0,"9":10,"10":19,"11":2},"f":{"0":19,"1":10,"2":19},"b":{"0":[0,19],"1":[0,0]}}
,"/Users/Shared/NactJS/packages/core/decorators/index.ts": {"path":"/Users/Shared/NactJS/packages/core/decorators/index.ts","statementMap":{"0":{"start":{"line":1,"column":0},"end":{"line":1,"column":23}},"1":{"start":{"line":3,"column":0},"end":{"line":3,"column":25}},"2":{"start":{"line":4,"column":0},"end":{"line":4,"column":25}},"3":{"start":{"line":5,"column":0},"end":{"line":5,"column":25}},"4":{"start":{"line":6,"column":0},"end":{"line":6,"column":24}}},"fnMap":{},"branchMap":{},"s":{"0":2,"1":2,"2":2,"3":2,"4":2},"f":{},"b":{}}
,"/Users/Shared/NactJS/packages/core/decorators/Inject/index.ts": {"path":"/Users/Shared/NactJS/packages/core/decorators/Inject/index.ts","statementMap":{"0":{"start":{"line":1,"column":0},"end":{"line":1,"column":25}},"1":{"start":{"line":2,"column":0},"end":{"line":2,"column":29}}},"fnMap":{},"branchMap":{},"s":{"0":2,"1":2},"f":{},"b":{}}
,"/Users/Shared/NactJS/packages/core/decorators/Inject/inject.ts": {"path":"/Users/Shared/NactJS/packages/core/decorators/Inject/inject.ts","statementMap":{"0":{"start":{"line":1,"column":0},"end":{"line":1,"column":67}},"1":{"start":{"line":4,"column":1},"end":{"line":6,"column":3}},"2":{"start":{"line":5,"column":2},"end":{"line":5,"column":27}},"3":{"start":{"line":10,"column":1},"end":{"line":21,"column":4}},"4":{"start":{"line":11,"column":20},"end":{"line":11,"column":76}},"5":{"start":{"line":13,"column":2},"end":{"line":20,"column":null}},"6":{"start":{"line":14,"column":24},"end":{"line":14,"column":80}},"7":{"start":{"line":15,"column":3},"end":{"line":19,"column":5}},"8":{"start":{"line":23,"column":9},"end":{"line":23,"column":15}}},"fnMap":{"0":{"name":"createPropertyDecorator","decl":{"start":{"line":3,"column":9},"end":{"line":3,"column":32}},"loc":{"start":{"line":3,"column":63},"end":{"line":7,"column":1}}},"1":{"name":"(anonymous_1)","decl":{"start":{"line":4,"column":8},"end":{"line":4,"column":18}},"loc":{"start":{"line":4,"column":54},"end":{"line":6,"column":2}}},"2":{"name":"Inject","decl":{"start":{"line":9,"column":9},"end":{"line":9,"column":15}},"loc":{"start":{"line":9,"column":29},"end":{"line":22,"column":1}}},"3":{"name":"(anonymous_3)","decl":{"start":{"line":10,"column":32},"end":{"line":10,"column":33}},"loc":{"start":{"line":10,"column":73},"end":{"line":21,"column":2}}}},"branchMap":{"0":{"loc":{"start":{"line":11,"column":20},"end":{"line":11,"column":76}},"type":"binary-expr","locations":[{"start":{"line":11,"column":20},"end":{"line":11,"column":25}},{"start":{"line":11,"column":29},"end":{"line":11,"column":76}}]},"1":{"loc":{"start":{"line":13,"column":2},"end":{"line":20,"column":null}},"type":"if","locations":[{"start":{"line":13,"column":2},"end":{"line":20,"column":null}}]},"2":{"loc":{"start":{"line":14,"column":24},"end":{"line":14,"column":80}},"type":"cond-expr","locations":[{"start":{"line":14,"column":74},"end":{"line":14,"column":78}},{"start":{"line":14,"column":78},"end":{"line":14,"column":80}}]},"3":{"loc":{"start":{"line":14,"column":24},"end":{"line":14,"column":78}},"type":"binary-expr","locations":[{"start":{"line":14,"column":24},"end":{"line":14,"column":78}},{"start":{"line":14,"column":74},"end":{"line":14,"column":78}}]}},"s":{"0":2,"1":0,"2":0,"3":0,"4":0,"5":0,"6":0,"7":0,"8":2},"f":{"0":0,"1":0,"2":0,"3":0},"b":{"0":[0,0],"1":[0],"2":[0,0],"3":[0,0]}}
,"/Users/Shared/NactJS/packages/core/decorators/Inject/injectable.ts": {"path":"/Users/Shared/NactJS/packages/core/decorators/Inject/injectable.ts","statementMap":{"0":{"start":{"line":1,"column":0},"end":{"line":1,"column":66}},"1":{"start":{"line":4,"column":1},"end":{"line":4,"column":60}},"2":{"start":{"line":17,"column":21},"end":{"line":17,"column":43}},"3":{"start":{"line":8,"column":1},"end":{"line":10,"column":3}},"4":{"start":{"line":9,"column":2},"end":{"line":9,"column":33}},"5":{"start":{"line":17,"column":9},"end":{"line":17,"column":19}},"6":{"start":{"line":14,"column":1},"end":{"line":14,"column":65}},"7":{"start":{"line":18,"column":9},"end":{"line":18,"column":31}}},"fnMap":{"0":{"name":"setInjectableWatermark","decl":{"start":{"line":3,"column":9},"end":{"line":3,"column":31}},"loc":{"start":{"line":3,"column":46},"end":{"line":5,"column":1}}},"1":{"name":"Injectable","decl":{"start":{"line":7,"column":9},"end":{"line":7,"column":19}},"loc":{"start":{"line":7,"column":19},"end":{"line":11,"column":1}}},"2":{"name":"(anonymous_2)","decl":{"start":{"line":8,"column":8},"end":{"line":8,"column":18}},"loc":{"start":{"line":8,"column":32},"end":{"line":10,"column":2}}},"3":{"name":"getInjectabkeWaterMark","decl":{"start":{"line":13,"column":9},"end":{"line":13,"column":31}},"loc":{"start":{"line":13,"column":50},"end":{"line":15,"column":1}}}},"branchMap":{},"s":{"0":2,"1":2,"2":2,"3":0,"4":0,"5":2,"6":0,"7":2},"f":{"0":2,"1":0,"2":0,"3":0},"b":{}}
,"/Users/Shared/NactJS/packages/core/decorators/Method/Methods.ts": {"path":"/Users/Shared/NactJS/packages/core/decorators/Method/Methods.ts","statementMap":{"0":{"start":{"line":1,"column":0},"end":{"line":1,"column":58}},"1":{"start":{"line":4,"column":1},"end":{"line":18,"column":3}},"2":{"start":{"line":9,"column":34},"end":{"line":9,"column":100}},"3":{"start":{"line":10,"column":2},"end":{"line":14,"column":null}},"4":{"start":{"line":11,"column":3},"end":{"line":11,"column":73}},"5":{"start":{"line":13,"column":3},"end":{"line":13,"column":67}},"6":{"start":{"line":15,"column":2},"end":{"line":15,"column":84}},"7":{"start":{"line":17,"column":2},"end":{"line":17,"column":20}},"8":{"start":{"line":21,"column":12},"end":{"line":21,"column":87}},"9":{"start":{"line":21,"column":52},"end":{"line":21,"column":87}},"10":{"start":{"line":31,"column":9},"end":{"line":31,"column":12}},"11":{"start":{"line":22,"column":13},"end":{"line":22,"column":89}},"12":{"start":{"line":22,"column":53},"end":{"line":22,"column":89}},"13":{"start":{"line":31,"column":14},"end":{"line":31,"column":18}},"14":{"start":{"line":23,"column":13},"end":{"line":23,"column":89}},"15":{"start":{"line":23,"column":53},"end":{"line":23,"column":89}},"16":{"start":{"line":31,"column":20},"end":{"line":31,"column":24}},"17":{"start":{"line":24,"column":14},"end":{"line":24,"column":91}},"18":{"start":{"line":24,"column":54},"end":{"line":24,"column":91}},"19":{"start":{"line":31,"column":26},"end":{"line":31,"column":31}},"20":{"start":{"line":25,"column":15},"end":{"line":25,"column":93}},"21":{"start":{"line":25,"column":55},"end":{"line":25,"column":93}},"22":{"start":{"line":31,"column":33},"end":{"line":31,"column":39}},"23":{"start":{"line":26,"column":12},"end":{"line":26,"column":87}},"24":{"start":{"line":26,"column":52},"end":{"line":26,"column":87}},"25":{"start":{"line":31,"column":41},"end":{"line":31,"column":44}},"26":{"start":{"line":27,"column":15},"end":{"line":27,"column":93}},"27":{"start":{"line":27,"column":55},"end":{"line":27,"column":93}},"28":{"start":{"line":31,"column":46},"end":{"line":31,"column":52}},"29":{"start":{"line":28,"column":14},"end":{"line":28,"column":91}},"30":{"start":{"line":28,"column":54},"end":{"line":28,"column":91}},"31":{"start":{"line":31,"column":54},"end":{"line":31,"column":59}},"32":{"start":{"line":29,"column":16},"end":{"line":29,"column":95}},"33":{"start":{"line":29,"column":56},"end":{"line":29,"column":95}},"34":{"start":{"line":31,"column":61},"end":{"line":31,"column":68}}},"fnMap":{"0":{"name":"createMethodDecorator","decl":{"start":{"line":3,"column":9},"end":{"line":3,"column":30}},"loc":{"start":{"line":3,"column":73},"end":{"line":19,"column":1}}},"1":{"name":"(anonymous_1)","decl":{"start":{"line":4,"column":8},"end":{"line":4,"column":null}},"loc":{"start":{"line":7,"column":42},"end":{"line":18,"column":2}}},"2":{"name":"(anonymous_2)","decl":{"start":{"line":21,"column":12},"end":{"line":21,"column":13}},"loc":{"start":{"line":21,"column":52},"end":{"line":21,"column":87}}},"3":{"name":"(anonymous_3)","decl":{"start":{"line":22,"column":13},"end":{"line":22,"column":14}},"loc":{"start":{"line":22,"column":53},"end":{"line":22,"column":89}}},"4":{"name":"(anonymous_4)","decl":{"start":{"line":23,"column":13},"end":{"line":23,"column":14}},"loc":{"start":{"line":23,"column":53},"end":{"line":23,"column":89}}},"5":{"name":"(anonymous_5)","decl":{"start":{"line":24,"column":14},"end":{"line":24,"column":15}},"loc":{"start":{"line":24,"column":54},"end":{"line":24,"column":91}}},"6":{"name":"(anonymous_6)","decl":{"start":{"line":25,"column":15},"end":{"line":25,"column":16}},"loc":{"start":{"line":25,"column":55},"end":{"line":25,"column":93}}},"7":{"name":"(anonymous_7)","decl":{"start":{"line":26,"column":12},"end":{"line":26,"column":13}},"loc":{"start":{"line":26,"column":52},"end":{"line":26,"column":87}}},"8":{"name":"(anonymous_8)","decl":{"start":{"line":27,"column":15},"end":{"line":27,"column":16}},"loc":{"start":{"line":27,"column":55},"end":{"line":27,"column":93}}},"9":{"name":"(anonymous_9)","decl":{"start":{"line":28,"column":14},"end":{"line":28,"column":15}},"loc":{"start":{"line":28,"column":54},"end":{"line":28,"column":91}}},"10":{"name":"(anonymous_10)","decl":{"start":{"line":29,"column":16},"end":{"line":29,"column":17}},"loc":{"start":{"line":29,"column":56},"end":{"line":29,"column":95}}}},"branchMap":{"0":{"loc":{"start":{"line":10,"column":2},"end":{"line":14,"column":null}},"type":"if","locations":[{"start":{"line":10,"column":2},"end":{"line":14,"column":null}},{"start":{"line":12,"column":9},"end":{"line":14,"column":null}}]}},"s":{"0":2,"1":35,"2":35,"3":35,"4":33,"5":2,"6":35,"7":35,"8":2,"9":33,"10":2,"11":2,"12":2,"13":2,"14":2,"15":0,"16":2,"17":2,"18":0,"19":2,"20":2,"21":0,"22":2,"23":2,"24":0,"25":2,"26":2,"27":0,"28":2,"29":2,"30":0,"31":2,"32":2,"33":0,"34":2},"f":{"0":35,"1":35,"2":33,"3":2,"4":0,"5":0,"6":0,"7":0,"8":0,"9":0,"10":0},"b":{"0":[33,2]}}
,"/Users/Shared/NactJS/packages/core/decorators/Method/index.ts": {"path":"/Users/Shared/NactJS/packages/core/decorators/Method/index.ts","statementMap":{"0":{"start":{"line":1,"column":0},"end":{"line":1,"column":26}}},"fnMap":{},"branchMap":{},"s":{"0":2},"f":{},"b":{}}
,"/Users/Shared/NactJS/packages/core/decorators/Params/Body.ts": {"path":"/Users/Shared/NactJS/packages/core/decorators/Params/Body.ts","statementMap":{"0":{"start":{"line":1,"column":0},"end":{"line":1,"column":53}},"1":{"start":{"line":4,"column":13},"end":{"line":6,"column":2}},"2":{"start":{"line":5,"column":1},"end":{"line":5,"column":35}},"3":{"start":{"line":8,"column":9},"end":{"line":8,"column":13}}},"fnMap":{"0":{"name":"(anonymous_0)","decl":{"start":{"line":4,"column":39},"end":{"line":4,"column":49}},"loc":{"start":{"line":4,"column":65},"end":{"line":6,"column":1}}}},"branchMap":{},"s":{"0":2,"1":2,"2":0,"3":2},"f":{"0":0},"b":{}}
,"/Users/Shared/NactJS/packages/core/decorators/Params/Ip.ts": {"path":"/Users/Shared/NactJS/packages/core/decorators/Params/Ip.ts","statementMap":{"0":{"start":{"line":1,"column":0},"end":{"line":1,"column":53}},"1":{"start":{"line":4,"column":11},"end":{"line":6,"column":2}},"2":{"start":{"line":5,"column":1},"end":{"line":5,"column":20}},"3":{"start":{"line":8,"column":9},"end":{"line":8,"column":11}}},"fnMap":{"0":{"name":"(anonymous_0)","decl":{"start":{"line":4,"column":37},"end":{"line":4,"column":47}},"loc":{"start":{"line":4,"column":63},"end":{"line":6,"column":1}}}},"branchMap":{},"s":{"0":2,"1":2,"2":0,"3":2},"f":{"0":0},"b":{}}
,"/Users/Shared/NactJS/packages/core/decorators/Params/Param.ts": {"path":"/Users/Shared/NactJS/packages/core/decorators/Params/Param.ts","statementMap":{"0":{"start":{"line":1,"column":0},"end":{"line":1,"column":53}},"1":{"start":{"line":4,"column":14},"end":{"line":17,"column":2}},"2":{"start":{"line":5,"column":15},"end":{"line":5,"column":47}},"3":{"start":{"line":6,"column":43},"end":{"line":6,"column":45}},"4":{"start":{"line":7,"column":25},"end":{"line":7,"column":48}},"5":{"start":{"line":8,"column":1},"end":{"line":8,"column":93}},"6":{"start":{"line":9,"column":1},"end":{"line":15,"column":null}},"7":{"start":{"line":9,"column":14},"end":{"line":9,"column":15}},"8":{"start":{"line":10,"column":16},"end":{"line":10,"column":36}},"9":{"start":{"line":11,"column":21},"end":{"line":11,"column":36}},"10":{"start":{"line":12,"column":2},"end":{"line":14,"column":null}},"11":{"start":{"line":13,"column":3},"end":{"line":13,"column":40}},"12":{"start":{"line":16,"column":1},"end":{"line":16,"column":20}},"13":{"start":{"line":19,"column":9},"end":{"line":19,"column":14}}},"fnMap":{"0":{"name":"(anonymous_0)","decl":{"start":{"line":4,"column":40},"end":{"line":4,"column":50}},"loc":{"start":{"line":4,"column":66},"end":{"line":17,"column":1}}}},"branchMap":{"0":{"loc":{"start":{"line":12,"column":2},"end":{"line":14,"column":null}},"type":"if","locations":[{"start":{"line":12,"column":2},"end":{"line":14,"column":null}}]},"1":{"loc":{"start":{"line":12,"column":6},"end":{"line":12,"column":46}},"type":"binary-expr","locations":[{"start":{"line":12,"column":6},"end":{"line":12,"column":22}},{"start":{"line":12,"column":26},"end":{"line":12,"column":46}}]},"2":{"loc":{"start":{"line":12,"column":6},"end":{"line":12,"column":22}},"type":"cond-expr","locations":[{"start":{"line":12,"column":16},"end":{"line":12,"column":18}},{"start":{"line":12,"column":6},"end":{"line":12,"column":22}}]},"3":{"loc":{"start":{"line":12,"column":6},"end":{"line":12,"column":18}},"type":"binary-expr","locations":[{"start":{"line":12,"column":6},"end":{"line":12,"column":18}},{"start":{"line":12,"column":6},"end":{"line":12,"column":18}}]}},"s":{"0":2,"1":2,"2":0,"3":0,"4":0,"5":0,"6":0,"7":0,"8":0,"9":0,"10":0,"11":0,"12":0,"13":2},"f":{"0":0},"b":{"0":[0],"1":[0,0],"2":[0,0],"3":[0,0]}}
,"/Users/Shared/NactJS/packages/core/decorators/Params/Query.ts": {"path":"/Users/Shared/NactJS/packages/core/decorators/Params/Query.ts","statementMap":{"0":{"start":{"line":1,"column":0},"end":{"line":1,"column":53}},"1":{"start":{"line":4,"column":14},"end":{"line":6,"column":2}},"2":{"start":{"line":5,"column":1},"end":{"line":5,"column":31}},"3":{"start":{"line":8,"column":9},"end":{"line":8,"column":14}}},"fnMap":{"0":{"name":"(anonymous_0)","decl":{"start":{"line":4,"column":40},"end":{"line":4,"column":50}},"loc":{"start":{"line":4,"column":66},"end":{"line":6,"column":1}}}},"branchMap":{},"s":{"0":2,"1":2,"2":0,"3":2},"f":{"0":0},"b":{}}
,"/Users/Shared/NactJS/packages/core/decorators/Params/Req.ts": {"path":"/Users/Shared/NactJS/packages/core/decorators/Params/Req.ts","statementMap":{"0":{"start":{"line":1,"column":0},"end":{"line":1,"column":53}},"1":{"start":{"line":4,"column":12},"end":{"line":6,"column":2}},"2":{"start":{"line":5,"column":1},"end":{"line":5,"column":12}},"3":{"start":{"line":8,"column":9},"end":{"line":8,"column":12}}},"fnMap":{"0":{"name":"(anonymous_0)","decl":{"start":{"line":4,"column":38},"end":{"line":4,"column":48}},"loc":{"start":{"line":4,"column":64},"end":{"line":6,"column":1}}}},"branchMap":{},"s":{"0":2,"1":2,"2":0,"3":2},"f":{"0":0},"b":{}}
,"/Users/Shared/NactJS/packages/core/decorators/Params/index.ts": {"path":"/Users/Shared/NactJS/packages/core/decorators/Params/index.ts","statementMap":{"0":{"start":{"line":1,"column":0},"end":{"line":1,"column":21}},"1":{"start":{"line":2,"column":0},"end":{"line":2,"column":24}},"2":{"start":{"line":3,"column":0},"end":{"line":3,"column":24}},"3":{"start":{"line":4,"column":0},"end":{"line":4,"column":22}},"4":{"start":{"line":5,"column":0},"end":{"line":5,"column":23}}},"fnMap":{},"branchMap":{},"s":{"0":2,"1":2,"2":2,"3":2,"4":2},"f":{},"b":{}}
,"/Users/Shared/NactJS/packages/core/decorators/core/controller.ts": {"path":"/Users/Shared/NactJS/packages/core/decorators/core/controller.ts","statementMap":{"0":{"start":{"line":1,"column":0},"end":{"line":1,"column":86}},"1":{"start":{"line":4,"column":1},"end":{"line":9,"column":3}},"2":{"start":{"line":5,"column":2},"end":{"line":5,"column":64}},"3":{"start":{"line":6,"column":2},"end":{"line":6,"column":62}},"4":{"start":{"line":8,"column":2},"end":{"line":8,"column":16}},"5":{"start":{"line":12,"column":9},"end":{"line":12,"column":19}}},"fnMap":{"0":{"name":"Controller","decl":{"start":{"line":3,"column":9},"end":{"line":3,"column":19}},"loc":{"start":{"line":3,"column":30},"end":{"line":10,"column":1}}},"1":{"name":"(anonymous_1)","decl":{"start":{"line":4,"column":8},"end":{"line":4,"column":18}},"loc":{"start":{"line":4,"column":35},"end":{"line":9,"column":2}}}},"branchMap":{"0":{"loc":{"start":{"line":3,"column":20},"end":{"line":3,"column":30}},"type":"default-arg","locations":[{"start":{"line":3,"column":27},"end":{"line":3,"column":30}}]}},"s":{"0":2,"1":6,"2":6,"3":6,"4":6,"5":2},"f":{"0":6,"1":6},"b":{"0":[1]}}
,"/Users/Shared/NactJS/packages/core/decorators/core/handler.decorator.ts": {"path":"/Users/Shared/NactJS/packages/core/decorators/core/handler.decorator.ts","statementMap":{"0":{"start":{"line":2,"column":0},"end":{"line":2,"column":81}},"1":{"start":{"line":3,"column":0},"end":{"line":3,"column":55}},"2":{"start":{"line":6,"column":1},"end":{"line":6,"column":66}},"3":{"start":{"line":9,"column":9},"end":{"line":9,"column":16}}},"fnMap":{"0":{"name":"Handler","decl":{"start":{"line":5,"column":9},"end":{"line":5,"column":16}},"loc":{"start":{"line":5,"column":115},"end":{"line":7,"column":1}}}},"branchMap":{"0":{"loc":{"start":{"line":6,"column":50},"end":{"line":6,"column":64}},"type":"cond-expr","locations":[{"start":{"line":6,"column":50},"end":{"line":6,"column":58}},{"start":{"line":6,"column":62},"end":{"line":6,"column":64}}]},"1":{"loc":{"start":{"line":6,"column":50},"end":{"line":6,"column":62}},"type":"binary-expr","locations":[{"start":{"line":6,"column":50},"end":{"line":6,"column":62}},{"start":{"line":6,"column":50},"end":{"line":6,"column":62}}]}},"s":{"0":2,"1":2,"2":0,"3":2},"f":{"0":0},"b":{"0":[0,0],"1":[0,0]}}
,"/Users/Shared/NactJS/packages/core/decorators/core/index.ts": {"path":"/Users/Shared/NactJS/packages/core/decorators/core/index.ts","statementMap":{"0":{"start":{"line":1,"column":0},"end":{"line":1,"column":36}},"1":{"start":{"line":2,"column":0},"end":{"line":2,"column":40}},"2":{"start":{"line":3,"column":0},"end":{"line":3,"column":41}},"3":{"start":{"line":4,"column":0},"end":{"line":4,"column":29}}},"fnMap":{},"branchMap":{},"s":{"0":2,"1":2,"2":2,"3":2},"f":{},"b":{}}
,"/Users/Shared/NactJS/packages/core/decorators/core/set-metadata.decorator.ts": {"path":"/Users/Shared/NactJS/packages/core/decorators/core/set-metadata.decorator.ts","statementMap":{"0":{"start":{"line":5,"column":1},"end":{"line":11,"column":3}},"1":{"start":{"line":6,"column":2},"end":{"line":10,"column":null}},"2":{"start":{"line":7,"column":3},"end":{"line":7,"column":46}},"3":{"start":{"line":9,"column":3},"end":{"line":9,"column":52}},"4":{"start":{"line":14,"column":9},"end":{"line":14,"column":20}}},"fnMap":{"0":{"name":"setMetadata","decl":{"start":{"line":1,"column":9},"end":{"line":1,"column":20}},"loc":{"start":{"line":3,"column":11},"end":{"line":12,"column":1}}},"1":{"name":"(anonymous_1)","decl":{"start":{"line":5,"column":8},"end":{"line":5,"column":18}},"loc":{"start":{"line":5,"column":84},"end":{"line":11,"column":2}}}},"branchMap":{"0":{"loc":{"start":{"line":6,"column":2},"end":{"line":10,"column":null}},"type":"if","locations":[{"start":{"line":6,"column":2},"end":{"line":10,"column":null}},{"start":{"line":8,"column":9},"end":{"line":10,"column":null}}]}},"s":{"0":0,"1":0,"2":0,"3":0,"4":2},"f":{"0":0,"1":0},"b":{"0":[0,0]}}
,"/Users/Shared/NactJS/packages/core/decorators/core/use-handler.decorator.ts": {"path":"/Users/Shared/NactJS/packages/core/decorators/core/use-handler.decorator.ts","statementMap":{"0":{"start":{"line":1,"column":0},"end":{"line":1,"column":53}},"1":{"start":{"line":3,"column":0},"end":{"line":3,"column":53}},"2":{"start":{"line":5,"column":0},"end":{"line":5,"column":53}},"3":{"start":{"line":8,"column":1},"end":{"line":33,"column":3}},"4":{"start":{"line":9,"column":2},"end":{"line":32,"column":null}},"5":{"start":{"line":10,"column":50},"end":{"line":10,"column":59}},"6":{"start":{"line":11,"column":3},"end":{"line":31,"column":null}},"7":{"start":{"line":12,"column":24},"end":{"line":12,"column":72}},"8":{"start":{"line":13,"column":4},"end":{"line":13,"column":44}},"9":{"start":{"line":14,"column":4},"end":{"line":17,"column":null}},"10":{"start":{"line":15,"column":5},"end":{"line":15,"column":50}},"11":{"start":{"line":16,"column":5},"end":{"line":16,"column":45}},"12":{"start":{"line":18,"column":4},"end":{"line":18,"column":45}},"13":{"start":{"line":19,"column":4},"end":{"line":19,"column":63}},"14":{"start":{"line":20,"column":4},"end":{"line":20,"column":18}},"15":{"start":{"line":21,"column":10},"end":{"line":31,"column":null}},"16":{"start":{"line":22,"column":24},"end":{"line":22,"column":82}},"17":{"start":{"line":23,"column":4},"end":{"line":23,"column":44}},"18":{"start":{"line":24,"column":4},"end":{"line":27,"column":null}},"19":{"start":{"line":25,"column":5},"end":{"line":25,"column":50}},"20":{"start":{"line":26,"column":5},"end":{"line":26,"column":45}},"21":{"start":{"line":28,"column":4},"end":{"line":28,"column":45}},"22":{"start":{"line":29,"column":4},"end":{"line":29,"column":73}},"23":{"start":{"line":30,"column":4},"end":{"line":30,"column":22}},"24":{"start":{"line":36,"column":9},"end":{"line":36,"column":19}}},"fnMap":{"0":{"name":"useHandler","decl":{"start":{"line":7,"column":9},"end":{"line":7,"column":19}},"loc":{"start":{"line":7,"column":106},"end":{"line":34,"column":1}}},"1":{"name":"(anonymous_1)","decl":{"start":{"line":8,"column":8},"end":{"line":8,"column":18}},"loc":{"start":{"line":8,"column":84},"end":{"line":33,"column":2}}}},"branchMap":{"0":{"loc":{"start":{"line":9,"column":2},"end":{"line":32,"column":null}},"type":"if","locations":[{"start":{"line":9,"column":2},"end":{"line":32,"column":null}}]},"1":{"loc":{"start":{"line":11,"column":3},"end":{"line":31,"column":null}},"type":"if","locations":[{"start":{"line":11,"column":3},"end":{"line":31,"column":null}},{"start":{"line":21,"column":10},"end":{"line":31,"column":null}}]},"2":{"loc":{"start":{"line":11,"column":7},"end":{"line":11,"column":45}},"type":"binary-expr","locations":[{"start":{"line":11,"column":7},"end":{"line":11,"column":30}},{"start":{"line":11,"column":34},"end":{"line":11,"column":45}}]},"3":{"loc":{"start":{"line":12,"column":24},"end":{"line":12,"column":72}},"type":"cond-expr","locations":[{"start":{"line":12,"column":66},"end":{"line":12,"column":70}},{"start":{"line":12,"column":70},"end":{"line":12,"column":72}}]},"4":{"loc":{"start":{"line":12,"column":24},"end":{"line":12,"column":70}},"type":"binary-expr","locations":[{"start":{"line":12,"column":24},"end":{"line":12,"column":70}},{"start":{"line":12,"column":66},"end":{"line":12,"column":70}}]},"5":{"loc":{"start":{"line":14,"column":4},"end":{"line":17,"column":null}},"type":"if","locations":[{"start":{"line":14,"column":4},"end":{"line":17,"column":null}}]},"6":{"loc":{"start":{"line":21,"column":10},"end":{"line":31,"column":null}},"type":"if","locations":[{"start":{"line":21,"column":10},"end":{"line":31,"column":null}}]},"7":{"loc":{"start":{"line":21,"column":14},"end":{"line":21,"column":71}},"type":"binary-expr","locations":[{"start":{"line":21,"column":14},"end":{"line":21,"column":37}},{"start":{"line":21,"column":41},"end":{"line":21,"column":71}}]},"8":{"loc":{"start":{"line":22,"column":24},"end":{"line":22,"column":82}},"type":"cond-expr","locations":[{"start":{"line":22,"column":76},"end":{"line":22,"column":80}},{"start":{"line":22,"column":80},"end":{"line":22,"column":82}}]},"9":{"loc":{"start":{"line":22,"column":24},"end":{"line":22,"column":80}},"type":"binary-expr","locations":[{"start":{"line":22,"column":24},"end":{"line":22,"column":80}},{"start":{"line":22,"column":76},"end":{"line":22,"column":80}}]},"10":{"loc":{"start":{"line":24,"column":4},"end":{"line":27,"column":null}},"type":"if","locations":[{"start":{"line":24,"column":4},"end":{"line":27,"column":null}}]}},"s":{"0":2,"1":2,"2":2,"3":0,"4":0,"5":0,"6":0,"7":0,"8":0,"9":0,"10":0,"11":0,"12":0,"13":0,"14":0,"15":0,"16":0,"17":0,"18":0,"19":0,"20":0,"21":0,"22":0,"23":0,"24":2},"f":{"0":0,"1":0},"b":{"0":[0],"1":[0,0],"2":[0,0],"3":[0,0],"4":[0,0],"5":[0],"6":[0],"7":[0,0],"8":[0,0],"9":[0,0],"10":[0]}}
,"/Users/Shared/NactJS/packages/core/expections/base-http-expection-handler.handler.ts": {"path":"/Users/Shared/NactJS/packages/core/expections/base-http-expection-handler.handler.ts","statementMap":{"0":{"start":{"line":1,"column":0},"end":{"line":1,"column":78}},"1":{"start":{"line":3,"column":0},"end":{"line":3,"column":41}},"2":{"start":{"line":4,"column":0},"end":{"line":4,"column":37}},"3":{"start":{"line":5,"column":0},"end":{"line":5,"column":64}},"4":{"start":{"line":6,"column":0},"end":{"line":6,"column":54}},"5":{"start":{"line":7,"column":0},"end":{"line":7,"column":76}},"6":{"start":{"line":14,"column":2},"end":{"line":14,"column":29}},"7":{"start":{"line":15,"column":2},"end":{"line":15,"column":54}},"8":{"start":{"line":16,"column":2},"end":{"line":16,"column":26}},"9":{"start":{"line":19,"column":27},"end":{"line":19,"column":76}},"10":{"start":{"line":20,"column":2},"end":{"line":20,"column":72}},"11":{"start":{"line":21,"column":2},"end":{"line":21,"column":54}},"12":{"start":{"line":25,"column":2},"end":{"line":28,"column":null}},"13":{"start":{"line":26,"column":25},"end":{"line":26,"column":85}},"14":{"start":{"line":27,"column":3},"end":{"line":27,"column":56}},"15":{"start":{"line":29,"column":2},"end":{"line":29,"column":14}},"16":{"start":{"line":33,"column":2},"end":{"line":36,"column":null}},"17":{"start":{"line":34,"column":3},"end":{"line":34,"column":30}},"18":{"start":{"line":35,"column":3},"end":{"line":35,"column":15}},"19":{"start":{"line":37,"column":2},"end":{"line":37,"column":15}},"20":{"start":{"line":75,"column":9},"end":{"line":75,"column":29}},"21":{"start":{"line":44,"column":1},"end":{"line":44,"column":103}},"22":{"start":{"line":49,"column":2},"end":{"line":62,"column":null}},"23":{"start":{"line":50,"column":20},"end":{"line":50,"column":37}},"24":{"start":{"line":52,"column":19},"end":{"line":52,"column":38}},"25":{"start":{"line":53,"column":3},"end":{"line":59,"column":null}},"26":{"start":{"line":54,"column":4},"end":{"line":54,"column":43}},"27":{"start":{"line":55,"column":4},"end":{"line":55,"column":27}},"28":{"start":{"line":56,"column":4},"end":{"line":56,"column":16}},"29":{"start":{"line":58,"column":4},"end":{"line":58,"column":54}},"30":{"start":{"line":61,"column":3},"end":{"line":61,"column":53}},"31":{"start":{"line":65,"column":19},"end":{"line":65,"column":36}},"32":{"start":{"line":66,"column":14},"end":{"line":68,"column":111}},"33":{"start":{"line":70,"column":2},"end":{"line":70,"column":21}},"34":{"start":{"line":71,"column":2},"end":{"line":71,"column":14}},"35":{"start":{"line":75,"column":31},"end":{"line":75,"column":55}}},"fnMap":{"0":{"name":"(anonymous_0)","decl":{"start":{"line":13,"column":1},"end":{"line":13,"column":null}},"loc":{"start":{"line":13,"column":1},"end":{"line":17,"column":2}}},"1":{"name":"(anonymous_1)","decl":{"start":{"line":18,"column":9},"end":{"line":18,"column":25}},"loc":{"start":{"line":18,"column":25},"end":{"line":22,"column":2}}},"2":{"name":"(anonymous_2)","decl":{"start":{"line":24,"column":1},"end":{"line":24,"column":10}},"loc":{"start":{"line":24,"column":75},"end":{"line":30,"column":2}}},"3":{"name":"(anonymous_3)","decl":{"start":{"line":32,"column":1},"end":{"line":32,"column":7}},"loc":{"start":{"line":32,"column":50},"end":{"line":38,"column":2}}},"4":{"name":"isExpectionObject","decl":{"start":{"line":43,"column":9},"end":{"line":43,"column":26}},"loc":{"start":{"line":43,"column":41},"end":{"line":45,"column":1}}},"5":{"name":"(anonymous_5)","decl":{"start":{"line":48,"column":1},"end":{"line":48,"column":6}},"loc":{"start":{"line":48,"column":49},"end":{"line":63,"column":2}}},"6":{"name":"(anonymous_6)","decl":{"start":{"line":64,"column":1},"end":{"line":64,"column":22}},"loc":{"start":{"line":64,"column":55},"end":{"line":72,"column":2}}}},"branchMap":{"0":{"loc":{"start":{"line":25,"column":2},"end":{"line":28,"column":null}},"type":"if","locations":[{"start":{"line":25,"column":2},"end":{"line":28,"column":null}}]},"1":{"loc":{"start":{"line":25,"column":6},"end":{"line":25,"column":59}},"type":"binary-expr","locations":[{"start":{"line":25,"column":6},"end":{"line":25,"column":21}},{"start":{"line":25,"column":25},"end":{"line":25,"column":59}}]},"2":{"loc":{"start":{"line":26,"column":25},"end":{"line":26,"column":85}},"type":"cond-expr","locations":[{"start":{"line":26,"column":54},"end":{"line":26,"column":80}},{"start":{"line":26,"column":83},"end":{"line":26,"column":85}}]},"3":{"loc":{"start":{"line":33,"column":2},"end":{"line":36,"column":null}},"type":"if","locations":[{"start":{"line":33,"column":2},"end":{"line":36,"column":null}}]},"4":{"loc":{"start":{"line":44,"column":8},"end":{"line":44,"column":102}},"type":"binary-expr","locations":[{"start":{"line":44,"column":8},"end":{"line":44,"column":27}},{"start":{"line":44,"column":31},"end":{"line":44,"column":63}},{"start":{"line":44,"column":67},"end":{"line":44,"column":102}}]},"5":{"loc":{"start":{"line":44,"column":31},"end":{"line":44,"column":49}},"type":"cond-expr","locations":[{"start":{"line":44,"column":40},"end":{"line":44,"column":42}},{"start":{"line":44,"column":31},"end":{"line":44,"column":49}}]},"6":{"loc":{"start":{"line":44,"column":31},"end":{"line":44,"column":42}},"type":"binary-expr","locations":[{"start":{"line":44,"column":31},"end":{"line":44,"column":42}},{"start":{"line":44,"column":31},"end":{"line":44,"column":42}}]},"7":{"loc":{"start":{"line":49,"column":2},"end":{"line":62,"column":null}},"type":"if","locations":[{"start":{"line":49,"column":2},"end":{"line":62,"column":null}},{"start":{"line":60,"column":9},"end":{"line":62,"column":null}}]},"8":{"loc":{"start":{"line":53,"column":3},"end":{"line":59,"column":null}},"type":"if","locations":[{"start":{"line":53,"column":3},"end":{"line":59,"column":null}},{"start":{"line":57,"column":10},"end":{"line":59,"column":null}}]},"9":{"loc":{"start":{"line":66,"column":14},"end":{"line":68,"column":111}},"type":"cond-expr","locations":[{"start":{"line":67,"column":5},"end":{"line":67,"column":69}},{"start":{"line":68,"column":5},"end":{"line":68,"column":111}}]}},"s":{"0":2,"1":2,"2":2,"3":2,"4":2,"5":2,"6":2,"7":2,"8":2,"9":2,"10":2,"11":2,"12":0,"13":0,"14":0,"15":0,"16":0,"17":0,"18":0,"19":0,"20":2,"21":0,"22":0,"23":0,"24":0,"25":0,"26":0,"27":0,"28":0,"29":0,"30":0,"31":0,"32":0,"33":0,"34":0,"35":2},"f":{"0":2,"1":2,"2":0,"3":0,"4":0,"5":0,"6":0},"b":{"0":[0],"1":[0,0],"2":[0,0],"3":[0],"4":[0,0,0],"5":[0,0],"6":[0,0],"7":[0,0],"8":[0,0],"9":[0,0]}}
,"/Users/Shared/NactJS/packages/core/expections/base-http-expection.expection.ts": {"path":"/Users/Shared/NactJS/packages/core/expections/base-http-expection.expection.ts","statementMap":{"0":{"start":{"line":3,"column":2},"end":{"line":3,"column":10}},"1":{"start":{"line":2,"column":30},"end":{"line":2,"column":44}},"2":{"start":{"line":2,"column":63},"end":{"line":2,"column":80}},"3":{"start":{"line":4,"column":2},"end":{"line":4,"column":22}},"4":{"start":{"line":8,"column":2},"end":{"line":10,"column":null}},"5":{"start":{"line":9,"column":3},"end":{"line":9,"column":40}},"6":{"start":{"line":14,"column":2},"end":{"line":14,"column":22}},"7":{"start":{"line":18,"column":2},"end":{"line":18,"column":21}},"8":{"start":{"line":22,"column":2},"end":{"line":22,"column":60}},"9":{"start":{"line":26,"column":9},"end":{"line":26,"column":22}}},"fnMap":{"0":{"name":"(anonymous_0)","decl":{"start":{"line":2,"column":1},"end":{"line":2,"column":30}},"loc":{"start":{"line":2,"column":80},"end":{"line":5,"column":2}}},"1":{"name":"(anonymous_1)","decl":{"start":{"line":7,"column":11},"end":{"line":7,"column":23}},"loc":{"start":{"line":7,"column":23},"end":{"line":11,"column":2}}},"2":{"name":"(anonymous_2)","decl":{"start":{"line":13,"column":1},"end":{"line":13,"column":11}},"loc":{"start":{"line":13,"column":11},"end":{"line":15,"column":2}}},"3":{"name":"(anonymous_3)","decl":{"start":{"line":17,"column":1},"end":{"line":17,"column":10}},"loc":{"start":{"line":17,"column":10},"end":{"line":19,"column":2}}},"4":{"name":"(anonymous_4)","decl":{"start":{"line":21,"column":1},"end":{"line":21,"column":8}},"loc":{"start":{"line":21,"column":8},"end":{"line":23,"column":2}}}},"branchMap":{"0":{"loc":{"start":{"line":8,"column":2},"end":{"line":10,"column":null}},"type":"if","locations":[{"start":{"line":8,"column":2},"end":{"line":10,"column":null}}]}},"s":{"0":0,"1":0,"2":0,"3":0,"4":0,"5":0,"6":0,"7":0,"8":0,"9":2},"f":{"0":0,"1":0,"2":0,"3":0,"4":0},"b":{"0":[0]}}
,"/Users/Shared/NactJS/packages/core/expections/index.ts": {"path":"/Users/Shared/NactJS/packages/core/expections/index.ts","statementMap":{"0":{"start":{"line":1,"column":0},"end":{"line":1,"column":54}},"1":{"start":{"line":2,"column":0},"end":{"line":2,"column":48}},"2":{"start":{"line":3,"column":0},"end":{"line":3,"column":42}}},"fnMap":{},"branchMap":{},"s":{"0":2,"1":2,"2":2},"f":{},"b":{}}
,"/Users/Shared/NactJS/packages/core/expections/route-expection.handler.ts": {"path":"/Users/Shared/NactJS/packages/core/expections/route-expection.handler.ts","statementMap":{"0":{"start":{"line":2,"column":0},"end":{"line":2,"column":41}},"1":{"start":{"line":5,"column":0},"end":{"line":5,"column":59}},"2":{"start":{"line":6,"column":0},"end":{"line":6,"column":47}},"3":{"start":{"line":11,"column":37},"end":{"line":11,"column":39}},"4":{"start":{"line":12,"column":1},"end":{"line":18,"column":null}},"5":{"start":{"line":13,"column":2},"end":{"line":17,"column":5}},"6":{"start":{"line":14,"column":3},"end":{"line":16,"column":null}},"7":{"start":{"line":15,"column":4},"end":{"line":15,"column":38}},"8":{"start":{"line":19,"column":1},"end":{"line":19,"column":12}},"9":{"start":{"line":22,"column":23},"end":{"line":24,"column":2}},"10":{"start":{"line":31,"column":2},"end":{"line":31,"column":21}},"11":{"start":{"line":32,"column":2},"end":{"line":32,"column":32}},"12":{"start":{"line":33,"column":2},"end":{"line":33,"column":56}},"13":{"start":{"line":35,"column":2},"end":{"line":35,"column":25}},"14":{"start":{"line":39,"column":2},"end":{"line":43,"column":null}},"15":{"start":{"line":40,"column":3},"end":{"line":40,"column":22}},"16":{"start":{"line":42,"column":3},"end":{"line":42,"column":55}},"17":{"start":{"line":46,"column":17},"end":{"line":46,"column":52}},"18":{"start":{"line":48,"column":21},"end":{"line":48,"column":48}},"19":{"start":{"line":49,"column":54},"end":{"line":49,"column":87}},"20":{"start":{"line":50,"column":2},"end":{"line":50,"column":54}},"21":{"start":{"line":54,"column":22},"end":{"line":54,"column":38}},"22":{"start":{"line":55,"column":25},"end":{"line":55,"column":62}},"23":{"start":{"line":56,"column":44},"end":{"line":56,"column":71}},"24":{"start":{"line":57,"column":49},"end":{"line":57,"column":81}},"25":{"start":{"line":59,"column":2},"end":{"line":62,"column":null}},"26":{"start":{"line":59,"column":15},"end":{"line":59,"column":16}},"27":{"start":{"line":60,"column":18},"end":{"line":60,"column":35}},"28":{"start":{"line":61,"column":3},"end":{"line":61,"column":50}},"29":{"start":{"line":61,"column":38},"end":{"line":61,"column":50}},"30":{"start":{"line":64,"column":2},"end":{"line":64,"column":15}},"31":{"start":{"line":68,"column":9},"end":{"line":68,"column":36}}},"fnMap":{"0":{"name":"mapHandlers","decl":{"start":{"line":10,"column":9},"end":{"line":10,"column":20}},"loc":{"start":{"line":10,"column":56},"end":{"line":20,"column":1}}},"1":{"name":"(anonymous_1)","decl":{"start":{"line":13,"column":23},"end":{"line":13,"column":24}},"loc":{"start":{"line":13,"column":35},"end":{"line":17,"column":3}}},"2":{"name":"(anonymous_2)","decl":{"start":{"line":30,"column":1},"end":{"line":30,"column":13}},"loc":{"start":{"line":30,"column":49},"end":{"line":36,"column":2}}},"3":{"name":"(anonymous_3)","decl":{"start":{"line":38,"column":9},"end":{"line":38,"column":20}},"loc":{"start":{"line":38,"column":37},"end":{"line":44,"column":2}}},"4":{"name":"(anonymous_4)","decl":{"start":{"line":45,"column":9},"end":{"line":45,"column":21}},"loc":{"start":{"line":45,"column":37},"end":{"line":51,"column":2}}},"5":{"name":"(anonymous_5)","decl":{"start":{"line":53,"column":1},"end":{"line":53,"column":7}},"loc":{"start":{"line":53,"column":50},"end":{"line":65,"column":2}}}},"branchMap":{"0":{"loc":{"start":{"line":12,"column":1},"end":{"line":18,"column":null}},"type":"if","locations":[{"start":{"line":12,"column":1},"end":{"line":18,"column":null}}]},"1":{"loc":{"start":{"line":14,"column":3},"end":{"line":16,"column":null}},"type":"if","locations":[{"start":{"line":14,"column":3},"end":{"line":16,"column":null}}]},"2":{"loc":{"start":{"line":39,"column":2},"end":{"line":43,"column":null}},"type":"if","locations":[{"start":{"line":39,"column":2},"end":{"line":43,"column":null}},{"start":{"line":41,"column":9},"end":{"line":43,"column":null}}]},"3":{"loc":{"start":{"line":49,"column":66},"end":{"line":49,"column":86}},"type":"cond-expr","locations":[{"start":{"line":49,"column":76},"end":{"line":49,"column":78}},{"start":{"line":49,"column":66},"end":{"line":49,"column":86}}]},"4":{"loc":{"start":{"line":49,"column":66},"end":{"line":49,"column":78}},"type":"binary-expr","locations":[{"start":{"line":49,"column":66},"end":{"line":49,"column":78}},{"start":{"line":49,"column":66},"end":{"line":49,"column":78}}]},"5":{"loc":{"start":{"line":55,"column":25},"end":{"line":55,"column":62}},"type":"cond-expr","locations":[{"start":{"line":55,"column":52},"end":{"line":55,"column":54}},{"start":{"line":55,"column":52},"end":{"line":55,"column":62}}]},"6":{"loc":{"start":{"line":55,"column":25},"end":{"line":55,"column":54}},"type":"binary-expr","locations":[{"start":{"line":55,"column":25},"end":{"line":55,"column":54}},{"start":{"line":55,"column":52},"end":{"line":55,"column":54}}]},"7":{"loc":{"start":{"line":61,"column":3},"end":{"line":61,"column":50}},"type":"if","locations":[{"start":{"line":61,"column":3},"end":{"line":61,"column":50}}]}},"s":{"0":2,"1":2,"2":2,"3":0,"4":0,"5":0,"6":0,"7":0,"8":0,"9":2,"10":1,"11":1,"12":1,"13":1,"14":1,"15":1,"16":0,"17":1,"18":1,"19":0,"20":0,"21":0,"22":0,"23":0,"24":0,"25":0,"26":0,"27":0,"28":0,"29":0,"30":0,"31":2},"f":{"0":0,"1":0,"2":1,"3":1,"4":1,"5":0},"b":{"0":[0],"1":[0],"2":[1,0],"3":[0,0],"4":[0,0],"5":[0,0],"6":[0,0],"7":[0]}}
,"/Users/Shared/NactJS/packages/core/expections/utils.ts": {"path":"/Users/Shared/NactJS/packages/core/expections/utils.ts","statementMap":{"0":{"start":{"line":2,"column":0},"end":{"line":2,"column":64}},"1":{"start":{"line":9,"column":13},"end":{"line":9,"column":15}},"2":{"start":{"line":10,"column":1},"end":{"line":19,"column":null}},"3":{"start":{"line":11,"column":2},"end":{"line":18,"column":null}},"4":{"start":{"line":11,"column":15},"end":{"line":11,"column":16}},"5":{"start":{"line":12,"column":20},"end":{"line":12,"column":32}},"6":{"start":{"line":13,"column":3},"end":{"line":17,"column":null}},"7":{"start":{"line":14,"column":4},"end":{"line":14,"column":23}},"8":{"start":{"line":15,"column":10},"end":{"line":17,"column":null}},"9":{"start":{"line":16,"column":4},"end":{"line":16,"column":28}},"10":{"start":{"line":20,"column":1},"end":{"line":20,"column":12}},"11":{"start":{"line":48,"column":9},"end":{"line":48,"column":36}},"12":{"start":{"line":27,"column":1},"end":{"line":44,"column":null}},"13":{"start":{"line":27,"column":14},"end":{"line":27,"column":15}},"14":{"start":{"line":28,"column":18},"end":{"line":28,"column":29}},"15":{"start":{"line":29,"column":15},"end":{"line":29,"column":20}},"16":{"start":{"line":30,"column":13},"end":{"line":30,"column":15}},"17":{"start":{"line":31,"column":24},"end":{"line":31,"column":51}},"18":{"start":{"line":32,"column":2},"end":{"line":38,"column":null}},"19":{"start":{"line":33,"column":3},"end":{"line":33,"column":17}},"20":{"start":{"line":34,"column":3},"end":{"line":34,"column":44}},"21":{"start":{"line":36,"column":3},"end":{"line":36,"column":18}},"22":{"start":{"line":37,"column":3},"end":{"line":37,"column":54}},"23":{"start":{"line":39,"column":2},"end":{"line":43,"column":5}},"24":{"start":{"line":45,"column":1},"end":{"line":45,"column":16}},"25":{"start":{"line":48,"column":38},"end":{"line":48,"column":49}}},"fnMap":{"0":{"name":"getNamesForExpectionHandler","decl":{"start":{"line":6,"column":9},"end":{"line":6,"column":36}},"loc":{"start":{"line":7,"column":97},"end":{"line":21,"column":1}}},"1":{"name":"mapHandlers","decl":{"start":{"line":23,"column":9},"end":{"line":23,"column":20}},"loc":{"start":{"line":25,"column":26},"end":{"line":46,"column":1}}}},"branchMap":{"0":{"loc":{"start":{"line":10,"column":1},"end":{"line":19,"column":null}},"type":"if","locations":[{"start":{"line":10,"column":1},"end":{"line":19,"column":null}}]},"1":{"loc":{"start":{"line":13,"column":3},"end":{"line":17,"column":null}},"type":"if","locations":[{"start":{"line":13,"column":3},"end":{"line":17,"column":null}},{"start":{"line":15,"column":10},"end":{"line":17,"column":null}}]},"2":{"loc":{"start":{"line":15,"column":10},"end":{"line":17,"column":null}},"type":"if","locations":[{"start":{"line":15,"column":10},"end":{"line":17,"column":null}}]},"3":{"loc":{"start":{"line":32,"column":2},"end":{"line":38,"column":null}},"type":"if","locations":[{"start":{"line":32,"column":2},"end":{"line":38,"column":null}},{"start":{"line":35,"column":9},"end":{"line":38,"column":null}}]}},"s":{"0":2,"1":2,"2":2,"3":0,"4":0,"5":0,"6":0,"7":0,"8":0,"9":0,"10":2,"11":2,"12":0,"13":0,"14":0,"15":0,"16":0,"17":0,"18":0,"19":0,"20":0,"21":0,"22":0,"23":0,"24":0,"25":2},"f":{"0":2,"1":0},"b":{"0":[0],"1":[0,0],"2":[0],"3":[0,0]}}
,"/Users/Shared/NactJS/packages/core/module/CoreModule.ts": {"path":"/Users/Shared/NactJS/packages/core/module/CoreModule.ts","statementMap":{"0":{"start":{"line":1,"column":0},"end":{"line":1,"column":61}},"1":{"start":{"line":2,"column":0},"end":{"line":2,"column":38}},"2":{"start":{"line":7,"column":2},"end":{"line":7,"column":31}},"3":{"start":{"line":13,"column":2},"end":{"line":26,"column":null}},"4":{"start":{"line":14,"column":3},"end":{"line":25,"column":null}},"5":{"start":{"line":15,"column":32},"end":{"line":15,"column":34}},"6":{"start":{"line":16,"column":4},"end":{"line":21,"column":7}},"7":{"start":{"line":17,"column":5},"end":{"line":20,"column":null}},"8":{"start":{"line":18,"column":6},"end":{"line":18,"column":39}},"9":{"start":{"line":19,"column":6},"end":{"line":19,"column":66}},"10":{"start":{"line":23,"column":4},"end":{"line":23,"column":37}},"11":{"start":{"line":24,"column":4},"end":{"line":24,"column":61}},"12":{"start":{"line":30,"column":0},"end":{"line":30,"column":26}}},"fnMap":{"0":{"name":"(anonymous_0)","decl":{"start":{"line":6,"column":1},"end":{"line":6,"column":13}},"loc":{"start":{"line":6,"column":39},"end":{"line":8,"column":2}}},"1":{"name":"(anonymous_1)","decl":{"start":{"line":12,"column":1},"end":{"line":12,"column":15}},"loc":{"start":{"line":12,"column":29},"end":{"line":27,"column":2}}},"2":{"name":"(anonymous_2)","decl":{"start":{"line":16,"column":21},"end":{"line":16,"column":22}},"loc":{"start":{"line":16,"column":34},"end":{"line":21,"column":5}}}},"branchMap":{"0":{"loc":{"start":{"line":13,"column":2},"end":{"line":26,"column":null}},"type":"if","locations":[{"start":{"line":13,"column":2},"end":{"line":26,"column":null}}]},"1":{"loc":{"start":{"line":14,"column":3},"end":{"line":25,"column":null}},"type":"if","locations":[{"start":{"line":14,"column":3},"end":{"line":25,"column":null}},{"start":{"line":22,"column":10},"end":{"line":25,"column":null}}]},"2":{"loc":{"start":{"line":17,"column":5},"end":{"line":20,"column":null}},"type":"if","locations":[{"start":{"line":17,"column":5},"end":{"line":20,"column":null}}]}},"s":{"0":2,"1":2,"2":4,"3":2,"4":2,"5":0,"6":0,"7":0,"8":0,"9":0,"10":2,"11":2,"12":2},"f":{"0":4,"1":2,"2":0},"b":{"0":[2],"1":[0,2],"2":[0]}}
[...]
/core/test/utils/utils.ts": {"path":"/Users/Shared/NactJS/packages/core/test/utils/utils.ts","statementMap":{"0":{"start":{"line":3,"column":0},"end":{"line":20,"column":3}},"1":{"start":{"line":5,"column":13},"end":{"line":5,"column":17}},"2":{"start":{"line":6,"column":16},"end":{"line":6,"column":18}},"3":{"start":{"line":7,"column":2},"end":{"line":12,"column":null}},"4":{"start":{"line":8,"column":3},"end":{"line":8,"column":38}},"5":{"start":{"line":10,"column":3},"end":{"line":10,"column":16}},"6":{"start":{"line":11,"column":3},"end":{"line":11,"column":50}},"7":{"start":{"line":13,"column":2},"end":{"line":18,"column":4}},"8":{"start":{"line":15,"column":18},"end":{"line":15,"column":25}},"9":{"start":{"line":27,"column":2},"end":{"line":27,"column":48}},"10":{"start":{"line":28,"column":2},"end":{"line":28,"column":22}},"11":{"start":{"line":29,"column":2},"end":{"line":29,"column":21}},"12":{"start":{"line":31,"column":2},"end":{"line":34,"column":null}},"13":{"start":{"line":32,"column":3},"end":{"line":32,"column":24}},"14":{"start":{"line":33,"column":3},"end":{"line":33,"column":15}},"15":{"start":{"line":38,"column":2},"end":{"line":41,"column":null}},"16":{"start":{"line":39,"column":21},"end":{"line":39,"column":49}},"17":{"start":{"line":40,"column":3},"end":{"line":40,"column":50}},"18":{"start":{"line":40,"column":29},"end":{"line":40,"column":50}},"19":{"start":{"line":42,"column":2},"end":{"line":42,"column":14}},"20":{"start":{"line":45,"column":2},"end":{"line":51,"column":null}},"21":{"start":{"line":46,"column":30},"end":{"line":46,"column":71}},"22":{"start":{"line":47,"column":3},"end":{"line":50,"column":null}},"23":{"start":{"line":48,"column":4},"end":{"line":48,"column":25}},"24":{"start":{"line":49,"column":4},"end":{"line":49,"column":121}},"25":{"start":{"line":52,"column":2},"end":{"line":52,"column":14}},"26":{"start":{"line":56,"column":2},"end":{"line":63,"column":null}},"27":{"start":{"line":58,"column":31},"end":{"line":58,"column":84}},"28":{"start":{"line":59,"column":3},"end":{"line":62,"column":null}},"29":{"start":{"line":60,"column":4},"end":{"line":60,"column":25}},"30":{"start":{"line":61,"column":4},"end":{"line":61,"column":129}},"31":{"start":{"line":64,"column":2},"end":{"line":64,"column":14}},"32":{"start":{"line":68,"column":2},"end":{"line":76,"column":null}},"33":{"start":{"line":69,"column":16},"end":{"line":69,"column":64}},"34":{"start":{"line":70,"column":3},"end":{"line":70,"column":63}},"35":{"start":{"line":70,"column":30},"end":{"line":70,"column":63}},"36":{"start":{"line":72,"column":3},"end":{"line":75,"column":null}},"37":{"start":{"line":73,"column":4},"end":{"line":73,"column":25}},"38":{"start":{"line":74,"column":4},"end":{"line":74,"column":111}},"39":{"start":{"line":77,"column":2},"end":{"line":77,"column":14}},"40":{"start":{"line":82,"column":2},"end":{"line":82,"column":59}},"41":{"start":{"line":86,"column":9},"end":{"line":86,"column":32}}},"fnMap":{"0":{"name":"(anonymous_0)","decl":{"start":{"line":4,"column":1},"end":{"line":4,"column":15}},"loc":{"start":{"line":4,"column":42},"end":{"line":19,"column":2}}},"1":{"name":"(anonymous_1)","decl":{"start":{"line":15,"column":12},"end":{"line":15,"column":15}},"loc":{"start":{"line":15,"column":18},"end":{"line":15,"column":25}}},"2":{"name":"(anonymous_2)","decl":{"start":{"line":26,"column":1},"end":{"line":26,"column":13}},"loc":{"start":{"line":26,"column":49},"end":{"line":35,"column":2}}},"3":{"name":"(anonymous_3)","decl":{"start":{"line":37,"column":1},"end":{"line":37,"column":7}},"loc":{"start":{"line":37,"column":61},"end":{"line":43,"column":2}}},"4":{"name":"(anonymous_4)","decl":{"start":{"line":44,"column":1},"end":{"line":44,"column":7}},"loc":{"start":{"line":44,"column":22},"end":{"line":53,"column":2}}},"5":{"name":"(anonymous_5)","decl":{"start":{"line":55,"column":1},"end":{"line":55,"column":7}},"loc":{"start":{"line":55,"column":22},"end":{"line":65,"column":2}}},"6":{"name":"(anonymous_6)","decl":{"start":{"line":67,"column":1},"end":{"line":67,"column":7}},"loc":{"start":{"line":67,"column":65},"end":{"line":78,"column":2}}},"7":{"name":"(anonymous_7)","decl":{"start":{"line":80,"column":1},"end":{"line":80,"column":5}},"loc":{"start":{"line":80,"column":5},"end":{"line":83,"column":2}}}},"branchMap":{"0":{"loc":{"start":{"line":31,"column":2},"end":{"line":34,"column":null}},"type":"if","locations":[{"start":{"line":31,"column":2},"end":{"line":34,"column":null}}]},"1":{"loc":{"start":{"line":38,"column":2},"end":{"line":41,"column":null}},"type":"if","locations":[{"start":{"line":38,"column":2},"end":{"line":41,"column":null}}]},"2":{"loc":{"start":{"line":40,"column":3},"end":{"line":40,"column":50}},"type":"if","locations":[{"start":{"line":40,"column":3},"end":{"line":40,"column":50}}]},"3":{"loc":{"start":{"line":45,"column":2},"end":{"line":51,"column":null}},"type":"if","locations":[{"start":{"line":45,"column":2},"end":{"line":51,"column":null}}]},"4":{"loc":{"start":{"line":47,"column":3},"end":{"line":50,"column":null}},"type":"if","locations":[{"start":{"line":47,"column":3},"end":{"line":50,"column":null}}]},"5":{"loc":{"start":{"line":56,"column":2},"end":{"line":63,"column":null}},"type":"if","locations":[{"start":{"line":56,"column":2},"end":{"line":63,"column":null}}]},"6":{"loc":{"start":{"line":59,"column":3},"end":{"line":62,"column":null}},"type":"if","locations":[{"start":{"line":59,"column":3},"end":{"line":62,"column":null}}]},"7":{"loc":{"start":{"line":68,"column":2},"end":{"line":76,"column":null}},"type":"if","locations":[{"start":{"line":68,"column":2},"end":{"line":76,"column":null}}]},"8":{"loc":{"start":{"line":70,"column":3},"end":{"line":70,"column":63}},"type":"if","locations":[{"start":{"line":70,"column":3},"end":{"line":70,"column":63}}]},"9":{"loc":{"start":{"line":72,"column":3},"end":{"line":75,"column":null}},"type":"if","locations":[{"start":{"line":72,"column":3},"end":{"line":75,"column":null}}]},"10":{"loc":{"start":{"line":72,"column":7},"end":{"line":72,"column":81}},"type":"binary-expr","locations":[{"start":{"line":72,"column":8},"end":{"line":72,"column":28}},{"start":{"line":72,"column":32},"end":{"line":72,"column":48}},{"start":{"line":72,"column":54},"end":{"line":72,"column":60}},{"start":{"line":72,"column":64},"end":{"line":72,"column":80}}]}},"s":{"0":1,"1":5,"2":5,"3":5,"4":5,"5":0,"6":0,"7":5,"8":0,"9":5,"10":5,"11":5,"12":5,"13":0,"14":0,"15":0,"16":0,"17":0,"18":0,"19":0,"20":1,"21":1,"22":1,"23":0,"24":0,"25":1,"26":1,"27":1,"28":1,"29":0,"30":0,"31":1,"32":9,"33":9,"34":9,"35":3,"36":9,"37":0,"38":0,"39":9,"40":5,"41":1},"f":{"0":5,"1":0,"2":5,"3":0,"4":1,"5":1,"6":9,"7":5},"b":{"0":[0],"1":[0],"2":[0],"3":[1],"4":[0],"5":[1],"6":[0],"7":[9],"8":[3],"9":[0],"10":[9,3,9,6]}}
,"/Users/Shared/NactJS/packages/other/Middleware/Cors/middleware.ts": {"path":"/Users/Shared/NactJS/packages/other/Middleware/Cors/middleware.ts","statementMap":{"0":{"start":{"line":2,"column":0},"end":{"line":2,"column":59}},"1":{"start":{"line":5,"column":32},"end":{"line":8,"column":2}},"2":{"start":{"line":116,"column":9},"end":{"line":116,"column":32}},"3":{"start":{"line":12,"column":24},"end":{"line":12,"column":43}},"4":{"start":{"line":13,"column":28},"end":{"line":13,"column":61}},"5":{"start":{"line":15,"column":2},"end":{"line":24,"column":null}},"6":{"start":{"line":16,"column":3},"end":{"line":17,"column":51}},"7":{"start":{"line":16,"column":34},"end":{"line":16,"column":46}},"8":{"start":{"line":17,"column":8},"end":{"line":17,"column":51}},"9":{"start":{"line":18,"column":9},"end":{"line":24,"column":null}},"10":{"start":{"line":19,"column":3},"end":{"line":22,"column":null}},"11":{"start":{"line":19,"column":16},"end":{"line":19,"column":17}},"12":{"start":{"line":20,"column":30},"end":{"line":20,"column":50}},"13":{"start":{"line":21,"column":4},"end":{"line":21,"column":57}},"14":{"start":{"line":21,"column":45},"end":{"line":21,"column":57}},"15":{"start":{"line":23,"column":3},"end":{"line":23,"column":16}},"16":{"start":{"line":25,"column":2},"end":{"line":25,"column":15}},"17":{"start":{"line":28,"column":26},"end":{"line":28,"column":52}},"18":{"start":{"line":29,"column":19},"end":{"line":29,"column":40}},"19":{"start":{"line":30,"column":24},"end":{"line":30,"column":43}},"20":{"start":{"line":32,"column":2},"end":{"line":50,"column":null}},"21":{"start":{"line":33,"column":3},"end":{"line":33,"column":55}},"22":{"start":{"line":34,"column":9},"end":{"line":50,"column":null}},"23":{"start":{"line":35,"column":3},"end":{"line":35,"column":79}},"24":{"start":{"line":36,"column":3},"end":{"line":36,"column":37}},"25":{"start":{"line":37,"column":9},"end":{"line":50,"column":null}},"26":{"start":{"line":38,"column":3},"end":{"line":45,"column":null}},"27":{"start":{"line":39,"column":4},"end":{"line":41,"column":7}},"28":{"start":{"line":40,"column":5},"end":{"line":40,"column":29}},"29":{"start":{"line":43,"column":4},"end":{"line":43,"column":70}},"30":{"start":{"line":44,"column":4},"end":{"line":44,"column":38}},"31":{"start":{"line":47,"column":21},"end":{"line":47,"column":45}},"32":{"start":{"line":48,"column":3},"end":{"line":48,"column":85}},"33":{"start":{"line":49,"column":3},"end":{"line":49,"column":37}},"34":{"start":{"line":54,"column":25},"end":{"line":54,"column":58}},"35":{"start":{"line":55,"column":2},"end":{"line":57,"column":null}},"36":{"start":{"line":56,"column":3},"end":{"line":56,"column":80}},"37":{"start":{"line":61,"column":2},"end":{"line":63,"column":null}},"38":{"start":{"line":62,"column":3},"end":{"line":62,"column":74}},"39":{"start":{"line":67,"column":42},"end":{"line":67,"column":75}},"40":{"start":{"line":69,"column":2},"end":{"line":72,"column":null}},"41":{"start":{"line":70,"column":3},"end":{"line":70,"column":91}},"42":{"start":{"line":71,"column":3},"end":{"line":71,"column":74}},"43":{"start":{"line":73,"column":2},"end":{"line":75,"column":null}},"44":{"start":{"line":74,"column":3},"end":{"line":74,"column":80}},"45":{"start":{"line":79,"column":25},"end":{"line":79,"column":52}},"46":{"start":{"line":80,"column":2},"end":{"line":82,"column":null}},"47":{"start":{"line":81,"column":3},"end":{"line":81,"column":81}},"48":{"start":{"line":86,"column":17},"end":{"line":86,"column":36}},"49":{"start":{"line":87,"column":2},"end":{"line":89,"column":null}},"50":{"start":{"line":88,"column":3},"end":{"line":88,"column":66}},"51":{"start":{"line":92,"column":1},"end":{"line":112,"column":3}},"52":{"start":{"line":93,"column":24},"end":{"line":93,"column":43}},"53":{"start":{"line":95,"column":2},"end":{"line":95,"column":51}},"54":{"start":{"line":95,"column":44},"end":{"line":95,"column":51}},"55":{"start":{"line":97,"column":2},"end":{"line":111,"column":null}},"56":{"start":{"line":98,"column":3},"end":{"line":98,"column":27}},"57":{"start":{"line":99,"column":3},"end":{"line":99,"column":27}},"58":{"start":{"line":100,"column":3},"end":{"line":100,"column":23}},"59":{"start":{"line":101,"column":3},"end":{"line":101,"column":30}},"60":{"start":{"line":102,"column":3},"end":{"line":102,"column":22}},"61":{"start":{"line":103,"column":3},"end":{"line":103,"column":30}},"62":{"start":{"line":104,"column":3},"end":{"line":106,"column":null}},"63":{"start":{"line":105,"column":4},"end":{"line":105,"column":54}},"64":{"start":{"line":108,"column":3},"end":{"line":108,"column":27}},"65":{"start":{"line":109,"column":3},"end":{"line":109,"column":27}},"66":{"start":{"line":110,"column":3},"end":{"line":110,"column":30}},"67":{"start":{"line":115,"column":0},"end":{"line":115,"column":24}}},"fnMap":{"0":{"name":"NactCors","decl":{"start":{"line":10,"column":9},"end":{"line":10,"column":17}},"loc":{"start":{"line":10,"column":74},"end":{"line":113,"column":1}}},"1":{"name":"isOriginAllowed","decl":{"start":{"line":11,"column":10},"end":{"line":11,"column":25}},"loc":{"start":{"line":11,"column":46},"end":{"line":26,"column":2}}},"2":{"name":"setCorsOrigins","decl":{"start":{"line":27,"column":10},"end":{"line":27,"column":24}},"loc":{"start":{"line":27,"column":45},"end":{"line":51,"column":2}}},"3":{"name":"(anonymous_3)","decl":{"start":{"line":39,"column":49},"end":{"line":39,"column":50}},"loc":{"start":{"line":39,"column":59},"end":{"line":41,"column":5}}},"4":{"name":"setMethods","decl":{"start":{"line":53,"column":10},"end":{"line":53,"column":20}},"loc":{"start":{"line":53,"column":41},"end":{"line":58,"column":2}}},"5":{"name":"setCredentials","decl":{"start":{"line":60,"column":10},"end":{"line":60,"column":24}},"loc":{"start":{"line":60,"column":45},"end":{"line":64,"column":2}}},"6":{"name":"setAllowedHeaders","decl":{"start":{"line":66,"column":10},"end":{"line":66,"column":27}},"loc":{"start":{"line":66,"column":48},"end":{"line":76,"column":2}}},"7":{"name":"setExposedHeaders","decl":{"start":{"line":78,"column":10},"end":{"line":78,"column":27}},"loc":{"start":{"line":78,"column":48},"end":{"line":83,"column":2}}},"8":{"name":"setMaxAge","decl":{"start":{"line":85,"column":10},"end":{"line":85,"column":19}},"loc":{"start":{"line":85,"column":40},"end":{"line":90,"column":2}}},"9":{"name":"Cors","decl":{"start":{"line":92,"column":17},"end":{"line":92,"column":21}},"loc":{"start":{"line":92,"column":42},"end":{"line":112,"column":2}}}},"branchMap":{"0":{"loc":{"start":{"line":10,"column":18},"end":{"line":10,"column":74}},"type":"default-arg","locations":[{"start":{"line":10,"column":51},"end":{"line":10,"column":74}}]},"1":{"loc":{"start":{"line":13,"column":28},"end":{"line":13,"column":61}},"type":"cond-expr","locations":[{"start":{"line":13,"column":54},"end":{"line":13,"column":58}},{"start":{"line":13,"column":58},"end":{"line":13,"column":61}}]},"2":{"loc":{"start":{"line":13,"column":28},"end":{"line":13,"column":58}},"type":"binary-expr","locations":[{"start":{"line":13,"column":28},"end":{"line":13,"column":58}},{"start":{"line":13,"column":54},"end":{"line":13,"column":58}}]},"3":{"loc":{"start":{"line":15,"column":2},"end":{"line":24,"column":null}},"type":"if","locations":[{"start":{"line":15,"column":2},"end":{"line":24,"column":null}},{"start":{"line":18,"column":9},"end":{"line":24,"column":null}}]},"4":{"loc":{"start":{"line":16,"column":3},"end":{"line":17,"column":51}},"type":"if","locations":[{"start":{"line":16,"column":3},"end":{"line":17,"column":51}},{"start":{"line":17,"column":8},"end":{"line":17,"column":51}}]},"5":{"loc":{"start":{"line":18,"column":9},"end":{"line":24,"column":null}},"type":"if","locations":[{"start":{"line":18,"column":9},"end":{"line":24,"column":null}}]},"6":{"loc":{"start":{"line":21,"column":4},"end":{"line":21,"column":57}},"type":"if","locations":[{"start":{"line":21,"column":4},"end":{"line":21,"column":57}}]},"7":{"loc":{"start":{"line":32,"column":2},"end":{"line":50,"column":null}},"type":"if","locations":[{"start":{"line":32,"column":2},"end":{"line":50,"column":null}},{"start":{"line":34,"column":9},"end":{"line":50,"column":null}}]},"8":{"loc":{"start":{"line":34,"column":9},"end":{"line":50,"column":null}},"type":"if","locations":[{"start":{"line":34,"column":9},"end":{"line":50,"column":null}},{"start":{"line":37,"column":9},"end":{"line":50,"column":null}}]},"9":{"loc":{"start":{"line":37,"column":9},"end":{"line":50,"column":null}},"type":"if","locations":[{"start":{"line":37,"column":9},"end":{"line":50,"column":null}},{"start":{"line":46,"column":9},"end":{"line":50,"column":null}}]},"10":{"loc":{"start":{"line":38,"column":3},"end":{"line":45,"column":null}},"type":"if","locations":[{"start":{"line":38,"column":3},"end":{"line":45,"column":null}}]},"11":{"loc":{"start":{"line":48,"column":50},"end":{"line":48,"column":83}},"type":"cond-expr","locations":[{"start":{"line":48,"column":62},"end":{"line":48,"column":75}},{"start":{"line":48,"column":78},"end":{"line":48,"column":83}}]},"12":{"loc":{"start":{"line":54,"column":25},"end":{"line":54,"column":58}},"type":"cond-expr","locations":[{"start":{"line":54,"column":52},"end":{"line":54,"column":56}},{"start":{"line":54,"column":56},"end":{"line":54,"column":58}}]},"13":{"loc":{"start":{"line":54,"column":25},"end":{"line":54,"column":56}},"type":"binary-expr","locations":[{"start":{"line":54,"column":25},"end":{"line":54,"column":56}},{"start":{"line":54,"column":52},"end":{"line":54,"column":56}}]},"14":{"loc":{"start":{"line":55,"column":2},"end":{"line":57,"column":null}},"type":"if","locations":[{"start":{"line":55,"column":2},"end":{"line":57,"column":null}}]},"15":{"loc":{"start":{"line":61,"column":2},"end":{"line":63,"column":null}},"type":"if","locations":[{"start":{"line":61,"column":2},"end":{"line":63,"column":null}}]},"16":{"loc":{"start":{"line":67,"column":42},"end":{"line":67,"column":75}},"type":"cond-expr","locations":[{"start":{"line":67,"column":69},"end":{"line":67,"column":73}},{"start":{"line":67,"column":73},"end":{"line":67,"column":75}}]},"17":{"loc":{"start":{"line":67,"column":42},"end":{"line":67,"column":73}},"type":"binary-expr","locations":[{"start":{"line":67,"column":42},"end":{"line":67,"column":73}},{"start":{"line":67,"column":69},"end":{"line":67,"column":73}}]},"18":{"loc":{"start":{"line":69,"column":2},"end":{"line":72,"column":null}},"type":"if","locations":[{"start":{"line":69,"column":2},"end":{"line":72,"column":null}}]},"19":{"loc":{"start":{"line":70,"column":20},"end":{"line":70,"column":90}},"type":"cond-expr","locations":[{"start":{"line":70,"column":84},"end":{"line":70,"column":88}},{"start":{"line":70,"column":88},"end":{"line":70,"column":90}}]},"20":{"loc":{"start":{"line":70,"column":20},"end":{"line":70,"column":88}},"type":"binary-expr","locations":[{"start":{"line":70,"column":20},"end":{"line":70,"column":88}},{"start":{"line":70,"column":84},"end":{"line":70,"column":88}}]},"21":{"loc":{"start":{"line":73,"column":2},"end":{"line":75,"column":null}},"type":"if","locations":[{"start":{"line":73,"column":2},"end":{"line":75,"column":null}}]},"22":{"loc":{"start":{"line":73,"column":6},"end":{"line":73,"column":49}},"type":"binary-expr","locations":[{"start":{"line":73,"column":6},"end":{"line":73,"column":20}},{"start":{"line":73,"column":24},"end":{"line":73,"column":49}}]},"23":{"loc":{"start":{"line":80,"column":2},"end":{"line":82,"column":null}},"type":"if","locations":[{"start":{"line":80,"column":2},"end":{"line":82,"column":null}}]},"24":{"loc":{"start":{"line":87,"column":2},"end":{"line":89,"column":null}},"type":"if","locations":[{"start":{"line":87,"column":2},"end":{"line":89,"column":null}}]},"25":{"loc":{"start":{"line":95,"column":2},"end":{"line":95,"column":51}},"type":"if","locations":[{"start":{"line":95,"column":2},"end":{"line":95,"column":51}}]},"26":{"loc":{"start":{"line":97,"column":2},"end":{"line":111,"column":null}},"type":"if","locations":[{"start":{"line":97,"column":2},"end":{"line":111,"column":null}},{"start":{"line":107,"column":9},"end":{"line":111,"column":null}}]},"27":{"loc":{"start":{"line":104,"column":3},"end":{"line":106,"column":null}},"type":"if","locations":[{"start":{"line":104,"column":3},"end":{"line":106,"column":null}}]}},"s":{"0":1,"1":1,"2":1,"3":1,"4":1,"5":1,"6":1,"7":1,"8":0,"9":0,"10":0,"11":0,"12":0,"13":0,"14":0,"15":0,"16":0,"17":4,"18":4,"19":4,"20":4,"21":1,"22":3,"23":0,"24":0,"25":3,"26":2,"27":2,"28":4,"29":2,"30":2,"31":1,"32":1,"33":1,"34":1,"35":1,"36":1,"37":4,"38":0,"39":1,"40":1,"41":1,"42":1,"43":1,"44":0,"45":4,"46":4,"47":1,"48":1,"49":1,"50":1,"51":5,"52":5,"53":5,"54":1,"55":4,"56":1,"57":1,"58":1,"59":1,"60":1,"61":1,"62":1,"63":1,"64":3,"65":3,"66":3,"67":1},"f":{"0":5,"1":1,"2":4,"3":4,"4":1,"5":4,"6":1,"7":4,"8":1,"9":5},"b":{"0":[1],"1":[0,1],"2":[1,0],"3":[1,0],"4":[1,0],"5":[0],"6":[0],"7":[1,3],"8":[0,3],"9":[2,1],"10":[2],"11":[1,0],"12":[1,0],"13":[1,1],"14":[1],"15":[0],"16":[0,1],"17":[1,1],"18":[1],"19":[0,1],"20":[1,0],"21":[0],"22":[1,1],"23":[1],"24":[1],"25":[1],"26":[1,3],"27":[1]}}
}
