TN:
SF:packages/core/index.ts
FNF:0
FNH:0
DA:1,2
DA:2,2
DA:3,2
DA:4,2
DA:5,2
DA:6,2
DA:7,2
DA:8,2
DA:9,2
DA:11,2
LF:10
LH:10
BRF:0
BRH:0
end_of_record
TN:
SF:packages/core/application/index.ts
FNF:0
FNH:0
DA:1,2
DA:2,2
LF:2
LH:2
BRF:0
BRH:0
end_of_record
TN:
SF:packages/core/application/nact-application.ts
FN:17,runMiddlewares
FN:36,(anonymous_1)
FN:41,(anonymous_2)
FN:47,(anonymous_3)
FN:49,(anonymous_4)
FN:54,(anonymous_5)
FN:59,(anonymous_6)
FN:73,(anonymous_7)
FN:93,(anonymous_8)
FN:184,(anonymous_9)
FN:112,(anonymous_10)
FN:116,(anonymous_11)
FN:122,(anonymous_12)
FN:128,(anonymous_13)
FN:135,(anonymous_14)
FN:139,(anonymous_15)
FN:143,(anonymous_16)
FN:148,(anonymous_17)
FN:159,(anonymous_19)
FN:173,(anonymous_20)
FN:189,(anonymous_21)
FN:198,(anonymous_23)
FN:203,(anonymous_24)
FN:206,(anonymous_25)
FN:221,(anonymous_26)
FN:224,(anonymous_27)
FN:228,(anonymous_28)
FN:230,(anonymous_29)
FN:237,(anonymous_30)
FN:241,(anonymous_31)
FN:254,(anonymous_33)
FN:257,getHTTPRequest
FN:258,setURL
FN:262,setHost
FN:266,setHttpVersion
FN:271,setMethod
FN:274,setHeaders
FN:285,setUserAgent
FN:289,setRawHeaders
FNF:39
FNH:28
FNDA:5,runMiddlewares
FNDA:7,(anonymous_1)
FNDA:5,(anonymous_2)
FNDA:1,(anonymous_3)
FNDA:0,(anonymous_4)
FNDA:2,(anonymous_5)
FNDA:0,(anonymous_6)
FNDA:5,(anonymous_7)
FNDA:2,(anonymous_8)
FNDA:0,(anonymous_9)
FNDA:1,(anonymous_10)
FNDA:5,(anonymous_11)
FNDA:2,(anonymous_12)
FNDA:1,(anonymous_13)
FNDA:0,(anonymous_14)
FNDA:1,(anonymous_15)
FNDA:0,(anonymous_16)
FNDA:2,(anonymous_17)
FNDA:2,(anonymous_19)
FNDA:2,(anonymous_20)
FNDA:5,(anonymous_21)
FNDA:0,(anonymous_23)
FNDA:0,(anonymous_24)
FNDA:0,(anonymous_25)
FNDA:8,(anonymous_26)
FNDA:0,(anonymous_27)
FNDA:0,(anonymous_28)
FNDA:0,(anonymous_29)
FNDA:5,(anonymous_30)
FNDA:1,(anonymous_31)
FNDA:5,(anonymous_33)
FNDA:5,getHTTPRequest
FNDA:5,setURL
FNDA:5,setHost
FNDA:5,setHttpVersion
FNDA:5,setMethod
FNDA:5,setHeaders
FNDA:5,setUserAgent
FNDA:5,setRawHeaders
DA:1,2
DA:3,2
DA:5,2
DA:6,2
DA:7,2
DA:9,2
DA:10,2
DA:11,2
DA:12,2
DA:15,2
DA:18,5
DA:19,5
DA:20,5
DA:21,5
DA:22,0
DA:24,5
DA:36,7
DA:37,7
DA:38,7
DA:42,5
DA:48,1
DA:49,0
DA:51,1
DA:57,2
DA:58,2
DA:59,0
DA:60,0
DA:61,0
DA:62,0
DA:66,2
DA:67,2
DA:68,2
DA:74,5
DA:75,0
DA:77,5
DA:94,2
DA:98,2
DA:99,2
DA:100,2
DA:101,2
DA:102,2
DA:103,2
DA:104,2
DA:105,2
DA:107,2
DA:113,1
DA:117,5
DA:118,5
DA:119,5
DA:123,2
DA:124,2
DA:129,1
DA:130,0
DA:132,1
DA:136,0
DA:140,1
DA:144,0
DA:149,2
DA:150,2
DA:152,2
DA:153,2
DA:154,2
DA:156,2
DA:160,2
DA:161,0
DA:162,0
DA:163,0
DA:164,0
DA:166,0
DA:167,0
DA:174,2
DA:175,2
DA:176,2
DA:177,2
DA:178,2
DA:179,2
DA:184,2
DA:185,0
DA:186,0
DA:190,5
DA:192,5
DA:193,5
DA:194,5
DA:196,5
DA:197,5
DA:198,0
DA:199,0
DA:202,0
DA:204,0
DA:207,0
DA:208,0
DA:209,0
DA:210,0
DA:216,5
DA:222,8
DA:225,0
DA:229,0
DA:230,0
DA:231,0
DA:232,0
DA:238,5
DA:244,1
DA:245,1
DA:246,1
DA:248,1
DA:250,1
DA:251,1
DA:255,5
DA:259,5
DA:263,5
DA:267,5
DA:268,5
DA:269,5
DA:272,5
DA:275,5
DA:276,5
DA:277,5
DA:278,0
DA:279,0
DA:280,0
DA:286,5
DA:290,5
DA:291,5
DA:292,10
DA:293,10
DA:294,5
DA:295,5
DA:300,5
DA:302,5
DA:303,5
DA:304,5
DA:305,5
DA:306,5
DA:307,5
DA:308,5
DA:309,5
DA:312,5
DA:313,5
DA:314,5
DA:316,5
DA:320,2
LF:141
LH:107
BRDA:19,0,0,5
BRDA:19,0,1,0
BRDA:48,1,0,0
BRDA:58,2,0,0
BRDA:58,2,1,2
BRDA:60,3,0,0
BRDA:60,3,1,0
BRDA:60,4,0,0
BRDA:60,4,1,0
BRDA:61,5,0,0
BRDA:61,6,0,0
BRDA:61,6,1,0
BRDA:61,7,0,0
BRDA:61,7,1,0
BRDA:66,8,0,0
BRDA:66,8,1,2
BRDA:66,9,0,2
BRDA:66,9,1,2
BRDA:67,10,0,2
BRDA:67,11,0,0
BRDA:67,11,1,2
BRDA:67,12,0,2
BRDA:67,12,1,2
BRDA:74,13,0,0
BRDA:74,13,1,5
BRDA:100,14,0,2
BRDA:100,14,1,0
BRDA:100,15,0,2
BRDA:100,15,1,2
BRDA:100,16,0,0
BRDA:100,16,1,2
BRDA:100,17,0,2
BRDA:100,17,1,2
BRDA:105,18,0,2
BRDA:105,18,1,0
BRDA:105,19,0,2
BRDA:105,19,1,2
BRDA:118,20,0,5
BRDA:118,20,1,0
BRDA:118,21,0,5
BRDA:118,21,1,5
BRDA:129,22,0,0
BRDA:160,23,0,0
BRDA:162,24,0,0
BRDA:162,24,1,0
BRDA:162,25,0,0
BRDA:162,25,1,0
BRDA:176,26,0,2
BRDA:177,27,0,2
BRDA:192,28,0,5
BRDA:194,29,0,5
BRDA:194,29,1,0
BRDA:194,30,0,5
BRDA:194,30,1,5
BRDA:197,31,0,0
BRDA:209,32,0,0
BRDA:229,33,0,0
BRDA:246,34,0,1
BRDA:259,35,0,0
BRDA:259,35,1,5
BRDA:263,36,0,5
BRDA:263,36,1,5
BRDA:263,36,2,5
BRDA:263,37,0,0
BRDA:263,37,1,5
BRDA:263,38,0,5
BRDA:263,38,1,5
BRDA:263,39,0,0
BRDA:263,39,1,5
BRDA:263,40,0,5
BRDA:263,40,1,5
BRDA:263,41,0,0
BRDA:263,41,1,5
BRDA:263,42,0,5
BRDA:263,42,1,5
BRDA:263,43,0,0
BRDA:263,43,1,5
BRDA:263,44,0,5
BRDA:263,44,1,0
BRDA:272,45,0,5
BRDA:272,45,1,0
BRDA:275,46,0,5
BRDA:275,47,0,0
BRDA:275,47,1,5
BRDA:275,48,0,5
BRDA:275,48,1,5
BRDA:279,49,0,0
BRDA:279,50,0,0
BRDA:279,50,1,0
BRDA:286,51,0,5
BRDA:286,51,1,0
BRDA:293,52,0,5
BRDA:293,53,0,10
BRDA:293,53,1,5
BRDA:295,54,0,0
BRDA:295,54,1,5
BRF:96
BRH:54
end_of_record
TN:
SF:packages/core/decorators/Utils.ts
FN:4,setMetaData
FN:19,createRouteParamDecorator
FN:20,(anonymous_2)
FNF:3
FNH:3
FNDA:19,setMetaData
FNDA:10,createRouteParamDecorator
FNDA:19,(anonymous_2)
DA:1,2
DA:5,19
DA:6,19
DA:7,0
DA:8,0
DA:9,0
DA:11,0
DA:14,19
DA:16,0
DA:20,10
DA:21,19
DA:30,2
LF:12
LH:7
BRDA:6,0,0,0
BRDA:6,0,1,19
BRDA:8,1,0,0
BRDA:8,1,1,0
BRF:4
BRH:1
end_of_record
TN:
SF:packages/core/decorators/index.ts
FNF:0
FNH:0
DA:1,2
DA:3,2
DA:4,2
DA:5,2
DA:6,2
LF:5
LH:5
BRF:0
BRH:0
end_of_record
TN:
SF:packages/core/decorators/Inject/index.ts
FNF:0
FNH:0
DA:1,2
DA:2,2
LF:2
LH:2
BRF:0
BRH:0
end_of_record
TN:
SF:packages/core/decorators/Inject/inject.ts
FN:3,createPropertyDecorator
FN:4,(anonymous_1)
FN:9,Inject
FN:10,(anonymous_3)
FNF:4
FNH:0
FNDA:0,createPropertyDecorator
FNDA:0,(anonymous_1)
FNDA:0,Inject
FNDA:0,(anonymous_3)
DA:1,2
DA:4,0
DA:5,0
DA:10,0
DA:11,0
DA:13,0
DA:14,0
DA:15,0
DA:23,2
LF:9
LH:2
BRDA:11,0,0,0
BRDA:11,0,1,0
BRDA:13,1,0,0
BRDA:14,2,0,0
BRDA:14,2,1,0
BRDA:14,3,0,0
BRDA:14,3,1,0
BRF:7
BRH:0
end_of_record
TN:
SF:packages/core/decorators/Inject/injectable.ts
FN:3,setInjectableWatermark
FN:7,Injectable
FN:8,(anonymous_2)
FN:13,getInjectabkeWaterMark
FNF:4
FNH:1
FNDA:2,setInjectableWatermark
FNDA:0,Injectable
FNDA:0,(anonymous_2)
FNDA:0,getInjectabkeWaterMark
DA:1,2
DA:4,2
DA:8,0
DA:9,0
DA:14,0
DA:17,2
DA:18,2
LF:7
LH:4
BRF:0
BRH:0
end_of_record
TN:
SF:packages/core/decorators/Method/Methods.ts
FN:3,createMethodDecorator
FN:4,(anonymous_1)
FN:21,(anonymous_2)
FN:22,(anonymous_3)
FN:23,(anonymous_4)
FN:24,(anonymous_5)
FN:25,(anonymous_6)
FN:26,(anonymous_7)
FN:27,(anonymous_8)
FN:28,(anonymous_9)
FN:29,(anonymous_10)
FNF:11
FNH:4
FNDA:35,createMethodDecorator
FNDA:35,(anonymous_1)
FNDA:33,(anonymous_2)
FNDA:2,(anonymous_3)
FNDA:0,(anonymous_4)
FNDA:0,(anonymous_5)
FNDA:0,(anonymous_6)
FNDA:0,(anonymous_7)
FNDA:0,(anonymous_8)
FNDA:0,(anonymous_9)
FNDA:0,(anonymous_10)
DA:1,2
DA:4,35
DA:9,35
DA:10,35
DA:11,33
DA:13,2
DA:15,35
DA:17,35
DA:21,33
DA:22,2
DA:23,2
DA:24,2
DA:25,2
DA:26,2
DA:27,2
DA:28,2
DA:29,2
DA:31,2
LF:18
LH:18
BRDA:10,0,0,33
BRDA:10,0,1,2
BRF:2
BRH:2
end_of_record
TN:
SF:packages/core/decorators/Method/index.ts
FNF:0
FNH:0
DA:1,2
LF:1
LH:1
BRF:0
BRH:0
end_of_record
TN:
SF:packages/core/decorators/Params/Body.ts
FN:4,(anonymous_0)
FNF:1
FNH:0
FNDA:0,(anonymous_0)
DA:1,2
DA:4,2
DA:5,0
DA:8,2
LF:4
LH:3
BRF:0
BRH:0
end_of_record
TN:
SF:packages/core/decorators/Params/Ip.ts
FN:4,(anonymous_0)
FNF:1
FNH:0
FNDA:0,(anonymous_0)
DA:1,2
DA:4,2
DA:5,0
DA:8,2
LF:4
LH:3
BRF:0
BRH:0
end_of_record
TN:
SF:packages/core/decorators/Params/Param.ts
FN:4,(anonymous_0)
FNF:1
FNH:0
FNDA:0,(anonymous_0)
DA:1,2
DA:4,2
DA:5,0
DA:6,0
DA:7,0
DA:8,0
DA:9,0
DA:10,0
DA:11,0
DA:12,0
DA:13,0
DA:16,0
DA:19,2
LF:13
LH:3
BRDA:12,0,0,0
BRDA:12,1,0,0
BRDA:12,1,1,0
BRDA:12,2,0,0
BRDA:12,2,1,0
BRDA:12,3,0,0
BRDA:12,3,1,0
BRF:7
BRH:0
end_of_record
TN:
SF:packages/core/decorators/Params/Query.ts
FN:4,(anonymous_0)
FNF:1
FNH:0
FNDA:0,(anonymous_0)
DA:1,2
DA:4,2
DA:5,0
DA:8,2
LF:4
LH:3
BRF:0
BRH:0
end_of_record
TN:
SF:packages/core/decorators/Params/Req.ts
FN:4,(anonymous_0)
FNF:1
FNH:0
FNDA:0,(anonymous_0)
DA:1,2
DA:4,2
DA:5,0
DA:8,2
LF:4
LH:3
BRF:0
BRH:0
end_of_record
TN:
SF:packages/core/decorators/Params/index.ts
FNF:0
FNH:0
DA:1,2
DA:2,2
DA:3,2
DA:4,2
DA:5,2
LF:5
LH:5
BRF:0
BRH:0
end_of_record
TN:
SF:packages/core/decorators/core/controller.ts
FN:3,Controller
FN:4,(anonymous_1)
FNF:2
FNH:2
FNDA:6,Controller
FNDA:6,(anonymous_1)
DA:1,2
DA:4,6
DA:5,6
DA:6,6
DA:8,6
DA:12,2
LF:6
LH:6
BRDA:3,0,0,1
BRF:1
BRH:1
end_of_record
TN:
SF:packages/core/decorators/core/handler.decorator.ts
FN:5,Handler
FNF:1
FNH:0
FNDA:0,Handler
DA:2,2
DA:3,2
DA:6,0
DA:9,2
LF:4
LH:3
BRDA:6,0,0,0
BRDA:6,0,1,0
BRDA:6,1,0,0
BRDA:6,1,1,0
BRF:4
BRH:0
end_of_record
TN:
SF:packages/core/decorators/core/index.ts
FNF:0
FNH:0
DA:1,2
DA:2,2
DA:3,2
DA:4,2
LF:4
LH:4
BRF:0
BRH:0
end_of_record
TN:
SF:packages/core/decorators/core/set-metadata.decorator.ts
FN:1,setMetadata
FN:5,(anonymous_1)
FNF:2
FNH:0
FNDA:0,setMetadata
FNDA:0,(anonymous_1)
DA:5,0
DA:6,0
DA:7,0
DA:9,0
DA:14,2
LF:5
LH:1
BRDA:6,0,0,0
BRDA:6,0,1,0
BRF:2
BRH:0
end_of_record
TN:
SF:packages/core/decorators/core/use-handler.decorator.ts
FN:7,useHandler
FN:8,(anonymous_1)
FNF:2
FNH:0
FNDA:0,useHandler
FNDA:0,(anonymous_1)
DA:1,2
DA:3,2
DA:5,2
DA:8,0
DA:9,0
DA:10,0
DA:11,0
DA:12,0
DA:13,0
DA:14,0
DA:15,0
DA:16,0
DA:18,0
DA:19,0
DA:20,0
DA:21,0
DA:22,0
DA:23,0
DA:24,0
DA:25,0
DA:26,0
DA:28,0
DA:29,0
DA:30,0
DA:36,2
LF:25
LH:4
BRDA:9,0,0,0
BRDA:11,1,0,0
BRDA:11,1,1,0
BRDA:11,2,0,0
BRDA:11,2,1,0
BRDA:12,3,0,0
BRDA:12,3,1,0
BRDA:12,4,0,0
BRDA:12,4,1,0
BRDA:14,5,0,0
BRDA:21,6,0,0
BRDA:21,7,0,0
BRDA:21,7,1,0
BRDA:22,8,0,0
BRDA:22,8,1,0
BRDA:22,9,0,0
BRDA:22,9,1,0
BRDA:24,10,0,0
BRF:18
BRH:0
end_of_record
TN:
SF:packages/core/expections/base-http-expection-handler.handler.ts
FN:13,(anonymous_0)
FN:18,(anonymous_1)
FN:24,(anonymous_2)
FN:32,(anonymous_3)
FN:43,isExpectionObject
FN:48,(anonymous_5)
FN:64,(anonymous_6)
FNF:7
FNH:2
FNDA:2,(anonymous_0)
FNDA:2,(anonymous_1)
FNDA:0,(anonymous_2)
FNDA:0,(anonymous_3)
FNDA:0,isExpectionObject
FNDA:0,(anonymous_5)
FNDA:0,(anonymous_6)
DA:1,2
DA:3,2
DA:4,2
DA:5,2
DA:6,2
DA:7,2
DA:14,2
DA:15,2
DA:16,2
DA:19,2
DA:20,2
DA:21,2
DA:25,0
DA:26,0
DA:27,0
DA:29,0
DA:33,0
DA:34,0
DA:35,0
DA:37,0
DA:44,0
DA:49,0
DA:50,0
DA:52,0
DA:53,0
DA:54,0
DA:55,0
DA:56,0
DA:58,0
DA:61,0
DA:65,0
DA:66,0
DA:70,0
DA:71,0
DA:75,2
LF:35
LH:13
BRDA:25,0,0,0
BRDA:25,1,0,0
BRDA:25,1,1,0
BRDA:26,2,0,0
BRDA:26,2,1,0
BRDA:33,3,0,0
BRDA:44,4,0,0
BRDA:44,4,1,0
BRDA:44,4,2,0
BRDA:44,5,0,0
BRDA:44,5,1,0
BRDA:44,6,0,0
BRDA:44,6,1,0
BRDA:49,7,0,0
BRDA:49,7,1,0
BRDA:53,8,0,0
BRDA:53,8,1,0
BRDA:66,9,0,0
BRDA:66,9,1,0
BRF:19
BRH:0
end_of_record
TN:
SF:packages/core/expections/base-http-expection.expection.ts
FN:2,(anonymous_0)
FN:7,(anonymous_1)
FN:13,(anonymous_2)
FN:17,(anonymous_3)
FN:21,(anonymous_4)
FNF:5
FNH:0
FNDA:0,(anonymous_0)
FNDA:0,(anonymous_1)
FNDA:0,(anonymous_2)
FNDA:0,(anonymous_3)
FNDA:0,(anonymous_4)
DA:2,0
DA:3,0
DA:4,0
DA:8,0
DA:9,0
DA:14,0
DA:18,0
DA:22,0
DA:26,2
LF:9
LH:1
BRDA:8,0,0,0
BRF:1
BRH:0
end_of_record
TN:
SF:packages/core/expections/index.ts
FNF:0
FNH:0
DA:1,2
DA:2,2
DA:3,2
LF:3
LH:3
BRF:0
BRH:0
end_of_record
TN:
SF:packages/core/expections/route-expection.handler.ts
FN:10,mapHandlers
FN:13,(anonymous_1)
FN:30,(anonymous_2)
FN:38,(anonymous_3)
FN:45,(anonymous_4)
FN:53,(anonymous_5)
FNF:6
FNH:3
FNDA:0,mapHandlers
FNDA:0,(anonymous_1)
FNDA:1,(anonymous_2)
FNDA:1,(anonymous_3)
FNDA:1,(anonymous_4)
FNDA:0,(anonymous_5)
DA:2,2
DA:5,2
DA:6,2
DA:11,0
DA:12,0
DA:13,0
DA:14,0
DA:15,0
DA:19,0
DA:22,2
DA:31,1
DA:32,1
DA:33,1
DA:35,1
DA:39,1
DA:40,1
DA:42,0
DA:46,1
DA:48,1
DA:49,0
DA:50,0
DA:54,0
DA:55,0
DA:56,0
DA:57,0
DA:59,0
DA:60,0
DA:61,0
DA:64,0
DA:68,2
LF:30
LH:13
BRDA:12,0,0,0
BRDA:14,1,0,0
BRDA:39,2,0,1
BRDA:39,2,1,0
BRDA:49,3,0,0
BRDA:49,3,1,0
BRDA:49,4,0,0
BRDA:49,4,1,0
BRDA:55,5,0,0
BRDA:55,5,1,0
BRDA:55,6,0,0
BRDA:55,6,1,0
BRDA:61,7,0,0
BRF:13
BRH:1
end_of_record
TN:
SF:packages/core/expections/utils.ts
FN:6,getNamesForExpectionHandler
FN:23,mapHandlers
FNF:2
FNH:1
FNDA:2,getNamesForExpectionHandler
FNDA:0,mapHandlers
DA:2,2
DA:9,2
DA:10,2
DA:11,0
DA:12,0
DA:13,0
DA:14,0
DA:15,0
DA:16,0
DA:20,2
DA:27,0
DA:28,0
DA:29,0
DA:30,0
DA:31,0
DA:32,0
DA:33,0
DA:34,0
DA:36,0
DA:37,0
DA:39,0
DA:45,0
DA:48,2
LF:23
LH:5
BRDA:10,0,0,0
BRDA:13,1,0,0
BRDA:13,1,1,0
BRDA:15,2,0,0
BRDA:32,3,0,0
BRDA:32,3,1,0
BRF:6
BRH:0
end_of_record
TN:
SF:packages/core/module/CoreModule.ts
FN:6,(anonymous_0)
FN:12,(anonymous_1)
FN:16,(anonymous_2)
FNF:3
FNH:2
FNDA:4,(anonymous_0)
FNDA:2,(anonymous_1)
FNDA:0,(anonymous_2)
DA:1,2
DA:2,2
DA:7,4
DA:13,2
DA:14,2
DA:15,0
DA:16,0
DA:17,0
DA:18,0
DA:19,0
DA:23,2
DA:24,2
DA:30,2
LF:13
LH:8
BRDA:13,0,0,2
BRDA:14,1,0,0
BRDA:14,1,1,2
BRDA:17,2,0,0
BRF:4
BRH:2
end_of_record
TN:
SF:packages/core/module/TransferModule.ts
FN:33,createNewTransferModule
FN:41,getTransferModule
FN:56,createRootModule
FN:71,(anonymous_3)
FN:81,(anonymous_4)
FN:85,(anonymous_5)
FN:89,(anonymous_6)
FN:90,(anonymous_7)
FN:94,(anonymous_8)
FN:95,(anonymous_9)
FN:115,(anonymous_10)
FN:116,(anonymous_11)
FN:131,(anonymous_12)
FN:141,(anonymous_13)
FN:148,(anonymous_14)
FN:155,(anonymous_15)
FN:156,(anonymous_16)
FN:159,(anonymous_17)
FN:160,(anonymous_19)
FN:172,(anonymous_20)
FN:175,(anonymous_21)
FN:180,(anonymous_22)
FN:190,(anonymous_23)
FN:190,(anonymous_24)
FN:191,(anonymous_25)
FN:193,(anonymous_26)
FN:193,(anonymous_27)
FN:211,(anonymous_28)
FN:212,(anonymous_29)
FN:216,(anonymous_30)
FN:219,(anonymous_31)
FN:220,(anonymous_32)
FN:228,(anonymous_33)
FN:247,(anonymous_34)
FN:258,(anonymous_35)
FN:265,(anonymous_36)
FN:274,(anonymous_38)
FN:289,(anonymous_39)
FN:296,(anonymous_40)
FN:303,(anonymous_41)
FN:320,(anonymous_42)
FN:322,(anonymous_43)
FN:326,(anonymous_44)
FN:357,(anonymous_45)
FN:367,(anonymous_46)
FN:374,(anonymous_47)
FN:377,(anonymous_48)
FN:380,(anonymous_49)
FN:384,(anonymous_50)
FNF:49
FNH:26
FNDA:4,createNewTransferModule
FNDA:11,getTransferModule
FNDA:0,createRootModule
FNDA:4,(anonymous_3)
FNDA:0,(anonymous_4)
FNDA:2,(anonymous_5)
FNDA:2,(anonymous_6)
FNDA:2,(anonymous_7)
FNDA:6,(anonymous_8)
FNDA:6,(anonymous_9)
FNDA:0,(anonymous_10)
FNDA:0,(anonymous_11)
FNDA:0,(anonymous_12)
FNDA:0,(anonymous_13)
FNDA:1,(anonymous_14)
FNDA:0,(anonymous_15)
FNDA:0,(anonymous_16)
FNDA:3,(anonymous_17)
FNDA:3,(anonymous_19)
FNDA:4,(anonymous_20)
FNDA:0,(anonymous_21)
FNDA:0,(anonymous_22)
FNDA:3,(anonymous_23)
FNDA:3,(anonymous_24)
FNDA:3,(anonymous_25)
FNDA:0,(anonymous_26)
FNDA:0,(anonymous_27)
FNDA:0,(anonymous_28)
FNDA:0,(anonymous_29)
FNDA:3,(anonymous_30)
FNDA:3,(anonymous_31)
FNDA:2,(anonymous_32)
FNDA:0,(anonymous_33)
FNDA:3,(anonymous_34)
FNDA:4,(anonymous_35)
FNDA:0,(anonymous_36)
FNDA:0,(anonymous_38)
FNDA:3,(anonymous_39)
FNDA:5,(anonymous_40)
FNDA:6,(anonymous_41)
FNDA:0,(anonymous_42)
FNDA:0,(anonymous_43)
FNDA:4,(anonymous_44)
FNDA:0,(anonymous_45)
FNDA:4,(anonymous_46)
FNDA:0,(anonymous_47)
FNDA:0,(anonymous_48)
FNDA:4,(anonymous_49)
FNDA:0,(anonymous_50)
DA:1,2
DA:2,2
DA:13,2
DA:26,2
DA:29,2
DA:31,2
DA:34,4
DA:35,4
DA:36,4
DA:37,4
DA:38,4
DA:42,11
DA:43,11
DA:44,11
DA:45,3
DA:47,11
DA:57,0
DA:58,0
DA:59,0
DA:72,4
DA:73,4
DA:74,4
DA:75,4
DA:76,4
DA:77,4
DA:82,0
DA:86,2
DA:90,2
DA:95,6
DA:96,6
DA:97,6
DA:98,6
DA:99,6
DA:100,6
DA:101,0
DA:102,0
DA:108,6
DA:109,0
DA:110,0
DA:112,6
DA:116,0
DA:117,0
DA:118,0
DA:120,0
DA:121,0
DA:122,0
DA:123,0
DA:124,0
DA:125,0
DA:129,0
DA:131,0
DA:132,0
DA:133,0
DA:134,0
DA:135,0
DA:136,0
DA:139,0
DA:140,0
DA:141,0
DA:142,0
DA:143,0
DA:145,0
DA:149,1
DA:150,1
DA:151,1
DA:152,1
DA:156,0
DA:160,3
DA:161,3
DA:162,3
DA:163,4
DA:165,4
DA:166,4
DA:168,3
DA:169,3
DA:172,3
DA:173,4
DA:174,0
DA:175,0
DA:176,0
DA:177,0
DA:178,0
DA:179,0
DA:180,0
DA:187,3
DA:188,3
DA:190,3
DA:191,3
DA:192,3
DA:193,0
DA:194,0
DA:195,0
DA:197,3
DA:198,3
DA:199,0
DA:200,0
DA:202,0
DA:207,3
DA:212,0
DA:217,3
DA:219,3
DA:220,3
DA:222,3
DA:224,3
DA:225,0
DA:226,0
DA:227,0
DA:228,0
DA:229,0
DA:230,0
DA:231,0
DA:232,0
DA:233,0
DA:234,0
DA:239,0
DA:240,0
DA:241,0
DA:242,0
DA:243,0
DA:248,3
DA:249,4
DA:250,4
DA:251,4
DA:254,3
DA:259,4
DA:260,4
DA:261,4
DA:266,0
DA:267,0
DA:268,0
DA:275,0
DA:276,0
DA:277,0
DA:278,0
DA:279,0
DA:280,0
DA:281,0
DA:282,0
DA:286,0
DA:290,3
DA:291,3
DA:292,3
DA:293,4
DA:295,4
DA:296,5
DA:298,4
DA:300,3
DA:304,6
DA:305,6
DA:306,0
DA:307,0
DA:308,0
DA:309,0
DA:321,0
DA:322,0
DA:323,0
DA:327,4
DA:328,4
DA:329,0
DA:330,0
DA:331,0
DA:333,0
DA:334,0
DA:335,0
DA:336,0
DA:338,0
DA:339,0
DA:341,0
DA:342,0
DA:343,0
DA:345,0
DA:355,0
DA:356,0
DA:357,0
DA:359,0
DA:368,4
DA:369,4
DA:371,4
DA:372,4
DA:374,4
DA:376,4
DA:377,4
DA:378,4
DA:380,4
DA:381,4
DA:382,0
DA:383,0
DA:384,0
DA:385,0
DA:386,0
DA:392,4
DA:393,0
DA:394,0
DA:395,0
DA:396,0
DA:397,0
DA:398,0
DA:400,0
DA:401,0
DA:402,0
DA:403,0
DA:404,0
DA:408,4
DA:409,5
DA:410,5
DA:411,5
DA:414,4
DA:416,4
DA:421,2
LF:209
LH:97
BRDA:34,0,0,4
BRDA:34,0,1,0
BRDA:34,1,0,4
BRDA:34,1,1,4
BRDA:42,2,0,10
BRDA:42,2,1,1
BRDA:42,3,0,11
BRDA:42,3,1,11
BRDA:44,4,0,3
BRDA:77,5,0,4
BRDA:77,5,1,0
BRDA:77,6,0,4
BRDA:77,6,1,4
BRDA:96,7,0,6
BRDA:96,7,1,0
BRDA:99,8,0,0
BRDA:99,8,1,6
BRDA:99,9,0,6
BRDA:99,9,1,6
BRDA:99,10,0,0
BRDA:99,10,1,6
BRDA:99,11,0,6
BRDA:99,11,1,6
BRDA:101,12,0,0
BRDA:108,13,0,0
BRDA:108,13,1,6
BRDA:117,14,0,0
BRDA:117,14,1,0
BRDA:117,15,0,0
BRDA:117,15,1,0
BRDA:122,16,0,0
BRDA:122,16,1,0
BRDA:123,17,0,0
BRDA:123,17,1,0
BRDA:123,18,0,0
BRDA:123,18,1,0
BRDA:123,19,0,0
BRDA:123,19,1,0
BRDA:123,20,0,0
BRDA:123,20,1,0
BRDA:124,21,0,0
BRDA:125,22,0,0
BRDA:125,22,1,0
BRDA:125,23,0,0
BRDA:125,23,1,0
BRDA:125,24,0,0
BRDA:125,24,1,0
BRDA:125,25,0,0
BRDA:125,25,1,0
BRDA:135,26,0,0
BRDA:135,26,1,0
BRDA:135,27,0,0
BRDA:135,27,1,0
BRDA:135,28,0,0
BRDA:135,28,1,0
BRDA:135,29,0,0
BRDA:135,29,1,0
BRDA:139,30,0,0
BRDA:139,30,1,0
BRDA:173,31,0,0
BRDA:174,32,0,0
BRDA:174,32,1,0
BRDA:174,33,0,0
BRDA:174,33,1,0
BRDA:174,34,0,0
BRDA:174,34,1,0
BRDA:174,35,0,0
BRDA:174,35,1,0
BRDA:174,36,0,0
BRDA:174,36,1,0
BRDA:174,37,0,0
BRDA:174,37,1,0
BRDA:176,38,0,0
BRDA:178,39,0,0
BRDA:192,40,0,0
BRDA:192,40,1,3
BRDA:192,41,0,3
BRDA:192,41,1,0
BRDA:197,42,0,3
BRDA:197,42,1,0
BRDA:199,43,0,0
BRDA:199,43,1,0
BRDA:227,44,0,0
BRDA:229,45,0,0
BRDA:232,46,0,0
BRDA:232,47,0,0
BRDA:232,47,1,0
BRDA:240,48,0,0
BRDA:240,48,1,0
BRDA:250,49,0,4
BRDA:259,50,0,4
BRDA:266,51,0,0
BRDA:275,52,0,0
BRDA:275,52,1,0
BRDA:277,53,0,0
BRDA:280,54,0,0
BRDA:282,55,0,0
BRDA:289,56,0,0
BRDA:295,57,0,4
BRDA:305,58,0,0
BRDA:308,59,0,0
BRDA:322,60,0,0
BRDA:327,61,0,0
BRDA:327,61,1,4
BRDA:327,62,0,4
BRDA:327,62,1,4
BRDA:327,63,0,0
BRDA:327,63,1,4
BRDA:327,64,0,4
BRDA:327,64,1,4
BRDA:327,65,0,0
BRDA:327,65,1,4
BRDA:327,66,0,4
BRDA:327,66,1,4
BRDA:328,67,0,0
BRDA:331,68,0,0
BRDA:331,68,1,0
BRDA:333,69,0,0
BRDA:335,70,0,0
BRDA:335,70,1,0
BRDA:338,71,0,0
BRDA:338,71,1,0
BRDA:342,72,0,0
BRDA:343,73,0,0
BRDA:343,73,1,0
BRDA:343,74,0,0
BRDA:343,74,1,0
BRDA:357,75,0,0
BRDA:357,75,1,0
BRDA:359,76,0,0
BRDA:371,77,0,0
BRDA:371,77,1,4
BRDA:371,78,0,4
BRDA:371,78,1,4
BRDA:371,79,0,0
BRDA:371,79,1,4
BRDA:371,80,0,4
BRDA:371,80,1,4
BRDA:372,81,0,1
BRDA:372,81,1,3
BRDA:372,82,0,4
BRDA:372,82,1,4
BRDA:372,83,0,0
BRDA:372,83,1,4
BRDA:372,84,0,4
BRDA:372,84,1,4
BRDA:377,85,0,4
BRDA:377,85,1,0
BRDA:377,86,0,4
BRDA:377,86,1,4
BRDA:377,87,0,0
BRDA:377,87,1,4
BRDA:377,88,0,4
BRDA:377,88,1,4
BRDA:377,89,0,0
BRDA:377,89,1,0
BRDA:377,90,0,0
BRDA:377,90,1,0
BRDA:377,91,0,0
BRDA:377,91,1,0
BRDA:383,92,0,0
BRDA:383,93,0,0
BRDA:383,93,1,0
BRDA:383,94,0,0
BRDA:383,94,1,0
BRDA:383,95,0,0
BRDA:383,95,1,0
BRDA:385,96,0,0
BRDA:386,97,0,0
BRDA:386,97,1,0
BRDA:386,98,0,0
BRDA:386,98,1,0
BRDA:386,99,0,0
BRDA:386,99,1,0
BRDA:386,100,0,0
BRDA:386,100,1,0
BRDA:393,101,0,0
BRDA:393,101,1,0
BRDA:396,102,0,0
BRDA:396,103,0,0
BRDA:396,103,1,0
BRDA:396,104,0,0
BRDA:396,104,1,0
BRDA:400,105,0,0
BRF:184
BRH:53
end_of_record
TN:
SF:packages/core/module/index.ts
FNF:0
FNH:0
DA:1,2
DA:2,2
DA:3,2
DA:4,2
DA:5,2
LF:5
LH:5
BRF:0
BRH:0
end_of_record
TN:
SF:packages/core/module/module.const.ts
FNF:0
FNH:0
DA:1,2
DA:2,2
DA:3,2
DA:4,2
DA:6,2
LF:5
LH:5
BRF:0
BRH:0
end_of_record
TN:
SF:packages/core/module/module.ts
FN:34,isInjectArgumentsHasEnoughForFactory
FN:42,getNameFromUseAlias
FN:51,setReadyForData
FN:75,(anonymous_3)
FN:350,(anonymous_4)
FN:88,(anonymous_5)
FN:92,(anonymous_6)
FN:96,(anonymous_7)
FN:100,(anonymous_8)
FN:104,(anonymous_9)
FN:114,(anonymous_10)
FN:126,(anonymous_11)
FN:130,(anonymous_12)
FN:138,(anonymous_13)
FN:147,(anonymous_14)
FN:149,(anonymous_15)
FN:152,(anonymous_16)
FN:156,(anonymous_17)
FN:162,(anonymous_18)
FN:175,(anonymous_19)
FN:199,(anonymous_20)
FN:222,(anonymous_21)
FN:254,(anonymous_22)
FN:260,hasPropeperty
FN:338,(anonymous_24)
FN:388,(anonymous_25)
FN:389,(anonymous_26)
FN:407,resolveControllerInstance
FN:438,(anonymous_28)
FN:445,(anonymous_29)
FN:455,(anonymous_30)
FN:459,(anonymous_31)
FN:464,(anonymous_32)
FN:473,(anonymous_33)
FN:480,(anonymous_34)
FN:488,(anonymous_35)
FN:503,createModule
FN:510,createProvider
FN:515,hasPropeperty
FNF:39
FNH:19
FNDA:0,isInjectArgumentsHasEnoughForFactory
FNDA:0,getNameFromUseAlias
FNDA:9,setReadyForData
FNDA:6,(anonymous_3)
FNDA:2,(anonymous_4)
FNDA:6,(anonymous_5)
FNDA:0,(anonymous_6)
FNDA:4,(anonymous_7)
FNDA:4,(anonymous_8)
FNDA:4,(anonymous_9)
FNDA:4,(anonymous_10)
FNDA:14,(anonymous_11)
FNDA:2,(anonymous_12)
FNDA:2,(anonymous_13)
FNDA:0,(anonymous_14)
FNDA:0,(anonymous_15)
FNDA:0,(anonymous_16)
FNDA:0,(anonymous_17)
FNDA:0,(anonymous_18)
FNDA:0,(anonymous_19)
FNDA:0,(anonymous_20)
FNDA:0,(anonymous_21)
FNDA:0,(anonymous_22)
FNDA:0,hasPropeperty
FNDA:2,(anonymous_24)
FNDA:5,(anonymous_25)
FNDA:0,(anonymous_26)
FNDA:5,resolveControllerInstance
FNDA:0,(anonymous_28)
FNDA:2,(anonymous_29)
FNDA:0,(anonymous_30)
FNDA:0,(anonymous_31)
FNDA:0,(anonymous_32)
FNDA:4,(anonymous_33)
FNDA:4,(anonymous_34)
FNDA:6,(anonymous_35)
FNDA:1,createModule
FNDA:0,createProvider
FNDA:0,hasPropeperty
DA:1,2
DA:2,2
DA:4,2
DA:30,2
DA:32,2
DA:35,0
DA:36,0
DA:37,0
DA:39,0
DA:43,0
DA:44,0
DA:45,0
DA:52,9
DA:53,7
DA:54,7
DA:55,7
DA:56,7
DA:57,0
DA:61,9
DA:76,6
DA:77,6
DA:78,6
DA:79,6
DA:81,6
DA:82,6
DA:83,6
DA:84,6
DA:89,6
DA:93,0
DA:97,4
DA:101,4
DA:105,4
DA:106,4
DA:108,4
DA:109,4
DA:115,4
DA:116,4
DA:117,4
DA:120,4
DA:121,4
DA:127,14
DA:131,2
DA:132,2
DA:133,2
DA:142,2
DA:144,2
DA:146,2
DA:147,0
DA:149,2
DA:153,0
DA:154,0
DA:155,0
DA:157,0
DA:163,0
DA:165,0
DA:166,0
DA:170,0
DA:171,0
DA:173,0
DA:174,0
DA:175,0
DA:176,0
DA:177,0
DA:178,0
DA:179,0
DA:180,0
DA:181,0
DA:185,0
DA:186,0
DA:188,0
DA:189,0
DA:191,0
DA:193,0
DA:194,0
DA:195,0
DA:199,0
DA:200,0
DA:201,0
DA:202,0
DA:203,0
DA:204,0
DA:205,0
DA:207,0
DA:214,0
DA:217,0
DA:223,0
DA:224,0
DA:225,0
DA:226,0
DA:227,0
DA:228,0
DA:229,0
DA:230,0
DA:231,0
DA:232,0
DA:233,0
DA:235,0
DA:236,0
DA:237,0
DA:238,0
DA:239,0
DA:240,0
DA:241,0
DA:242,0
DA:245,0
DA:246,0
DA:247,0
DA:251,0
DA:255,0
DA:256,0
DA:257,0
DA:258,0
DA:261,0
DA:262,0
DA:265,0
DA:266,0
DA:267,0
DA:268,0
DA:269,0
DA:277,0
DA:278,0
DA:279,0
DA:280,0
DA:283,0
DA:285,0
DA:286,0
DA:287,0
DA:288,0
DA:289,0
DA:290,0
DA:291,0
DA:292,0
DA:293,0
DA:295,0
DA:296,0
DA:297,0
DA:300,0
DA:309,0
DA:310,0
DA:311,0
DA:312,0
DA:313,0
DA:315,0
DA:316,0
DA:319,0
DA:320,0
DA:321,0
DA:323,0
DA:325,0
DA:335,0
DA:339,2
DA:340,2
DA:341,2
DA:342,0
DA:344,2
DA:345,2
DA:346,2
DA:350,6
DA:351,2
DA:352,2
DA:353,2
DA:354,2
DA:356,2
DA:358,2
DA:359,2
DA:361,2
DA:362,2
DA:363,2
DA:364,0
DA:365,0
DA:368,2
DA:369,2
DA:371,2
DA:381,2
DA:383,0
DA:384,0
DA:389,5
DA:390,0
DA:391,0
DA:392,0
DA:393,0
DA:394,0
DA:395,0
DA:396,0
DA:398,0
DA:404,0
DA:408,5
DA:409,5
DA:410,5
DA:411,0
DA:413,5
DA:414,5
DA:417,5
DA:418,5
DA:419,5
DA:420,5
DA:421,5
DA:423,5
DA:425,0
DA:430,0
DA:439,0
DA:446,2
DA:448,2
DA:449,2
DA:451,2
DA:455,2
DA:456,0
DA:459,2
DA:461,2
DA:462,0
DA:463,0
DA:464,0
DA:465,0
DA:468,2
DA:474,4
DA:475,0
DA:476,0
DA:481,4
DA:482,5
DA:483,5
DA:489,6
DA:490,0
DA:491,0
DA:492,0
DA:493,0
DA:494,0
DA:495,0
DA:496,0
DA:504,1
DA:505,1
DA:506,1
DA:507,1
DA:511,0
DA:512,0
DA:516,0
DA:517,0
DA:520,0
DA:526,0
DA:530,0
DA:531,0
DA:538,0
DA:539,0
DA:546,0
DA:547,0
DA:548,0
DA:556,0
DA:558,0
DA:565,2
LF:248
LH:90
BRDA:35,0,0,0
BRDA:35,0,1,0
BRDA:35,1,0,0
BRDA:35,1,1,0
BRDA:35,2,0,0
BRDA:35,2,1,0
BRDA:35,3,0,0
BRDA:35,3,1,0
BRDA:35,4,0,0
BRDA:35,4,1,0
BRDA:35,5,0,0
BRDA:35,5,1,0
BRDA:36,6,0,0
BRDA:37,7,0,0
BRDA:37,7,1,0
BRDA:37,8,0,0
BRDA:37,8,1,0
BRDA:37,9,0,0
BRDA:37,9,1,0
BRDA:37,10,0,0
BRDA:37,10,1,0
BRDA:37,11,0,0
BRDA:37,11,1,0
BRDA:37,12,0,0
BRDA:37,12,1,0
BRDA:43,13,0,0
BRDA:43,14,0,0
BRDA:43,14,1,0
BRDA:45,15,0,0
BRDA:45,15,1,0
BRDA:45,16,0,0
BRDA:45,16,1,0
BRDA:52,17,0,7
BRDA:52,18,0,9
BRDA:52,18,1,9
BRDA:54,19,0,7
BRDA:55,20,0,0
BRDA:55,20,1,7
BRDA:55,21,0,7
BRDA:55,21,1,7
BRDA:56,22,0,0
BRDA:56,23,0,7
BRDA:56,23,1,0
BRDA:351,24,0,2
BRDA:351,24,1,0
BRDA:351,25,0,2
BRDA:351,25,1,2
BRDA:352,26,0,2
BRDA:354,27,0,0
BRDA:354,27,1,2
BRDA:354,28,0,0
BRDA:354,28,1,2
BRDA:361,29,0,2
BRDA:361,29,1,0
BRDA:361,30,0,2
BRDA:361,30,1,2
BRDA:363,31,0,0
BRDA:364,32,0,0
BRDA:378,33,0,2
BRDA:378,33,1,0
BRDA:383,34,0,0
BRDA:76,35,0,5
BRDA:76,35,1,1
BRDA:76,36,0,6
BRDA:76,36,1,6
BRDA:77,37,0,0
BRDA:77,37,1,6
BRDA:105,38,0,4
BRDA:106,39,0,4
BRDA:108,40,0,4
BRDA:108,41,0,4
BRDA:108,41,1,4
BRDA:109,42,0,0
BRDA:109,42,1,4
BRDA:109,43,0,4
BRDA:109,43,1,4
BRDA:109,44,0,0
BRDA:109,44,1,4
BRDA:109,45,0,4
BRDA:109,45,1,4
BRDA:115,46,0,4
BRDA:115,47,0,4
BRDA:115,47,1,4
BRDA:116,48,0,1
BRDA:116,48,1,3
BRDA:116,49,0,4
BRDA:116,49,1,4
BRDA:116,50,0,0
BRDA:116,50,1,4
BRDA:116,51,0,4
BRDA:116,51,1,4
BRDA:142,52,0,2
BRDA:142,52,1,0
BRDA:142,53,0,0
BRDA:142,53,1,0
BRDA:144,54,0,2
BRDA:144,54,1,2
BRDA:144,55,0,0
BRDA:144,55,1,2
BRDA:144,56,0,2
BRDA:144,56,1,2
BRDA:144,57,0,0
BRDA:144,57,1,2
BRDA:144,58,0,2
BRDA:144,58,1,2
BRDA:146,59,0,0
BRDA:153,60,0,0
BRDA:153,60,1,0
BRDA:153,61,0,0
BRDA:153,61,1,0
BRDA:154,62,0,0
BRDA:157,63,0,0
BRDA:157,63,1,0
BRDA:157,63,2,0
BRDA:166,64,0,0
BRDA:166,64,1,0
BRDA:167,65,0,0
BRDA:167,65,1,0
BRDA:167,66,0,0
BRDA:167,66,1,0
BRDA:167,67,0,0
BRDA:167,67,1,0
BRDA:167,68,0,0
BRDA:167,68,1,0
BRDA:170,69,0,0
BRDA:170,69,1,0
BRDA:171,70,0,0
BRDA:171,70,1,0
BRDA:173,71,0,0
BRDA:176,72,0,0
BRDA:176,72,1,0
BRDA:178,73,0,0
BRDA:178,73,1,0
BRDA:178,74,0,0
BRDA:178,74,1,0
BRDA:178,75,0,0
BRDA:178,75,1,0
BRDA:180,76,0,0
BRDA:180,76,1,0
BRDA:180,77,0,0
BRDA:180,77,1,0
BRDA:186,78,0,0
BRDA:186,78,1,0
BRDA:188,79,0,0
BRDA:188,79,1,0
BRDA:193,80,0,0
BRDA:193,80,1,0
BRDA:193,81,0,0
BRDA:193,81,1,0
BRDA:199,82,0,0
BRDA:199,82,1,0
BRDA:199,83,0,0
BRDA:199,83,1,0
BRDA:200,84,0,0
BRDA:200,84,1,0
BRDA:201,85,0,0
BRDA:201,86,0,0
BRDA:201,86,1,0
BRDA:201,87,0,0
BRDA:201,87,1,0
BRDA:203,88,0,0
BRDA:204,89,0,0
BRDA:204,89,1,0
BRDA:224,90,0,0
BRDA:226,91,0,0
BRDA:227,92,0,0
BRDA:227,92,1,0
BRDA:228,93,0,0
BRDA:228,93,1,0
BRDA:228,94,0,0
BRDA:228,94,1,0
BRDA:230,95,0,0
BRDA:236,96,0,0
BRDA:239,97,0,0
BRDA:239,98,0,0
BRDA:239,98,1,0
BRDA:239,99,0,0
BRDA:239,99,1,0
BRDA:239,100,0,0
BRDA:239,100,1,0
BRDA:240,101,0,0
BRDA:240,101,1,0
BRDA:240,102,0,0
BRDA:240,102,1,0
BRDA:245,103,0,0
BRDA:265,104,0,0
BRDA:265,104,1,0
BRDA:265,105,0,0
BRDA:265,105,1,0
BRDA:266,106,0,0
BRDA:267,107,0,0
BRDA:267,107,1,0
BRDA:267,108,0,0
BRDA:267,108,1,0
BRDA:267,109,0,0
BRDA:267,109,1,0
BRDA:267,110,0,0
BRDA:267,110,1,0
BRDA:267,111,0,0
BRDA:267,111,1,0
BRDA:267,112,0,0
BRDA:267,112,1,0
BRDA:268,113,0,0
BRDA:268,113,1,0
BRDA:268,114,0,0
BRDA:268,114,1,0
BRDA:268,115,0,0
BRDA:268,115,1,0
BRDA:268,116,0,0
BRDA:268,116,1,0
BRDA:268,117,0,0
BRDA:268,117,1,0
BRDA:268,118,0,0
BRDA:268,118,1,0
BRDA:273,119,0,0
BRDA:273,119,1,0
BRDA:277,120,0,0
BRDA:277,120,1,0
BRDA:279,121,0,0
BRDA:285,122,0,0
BRDA:285,122,1,0
BRDA:285,123,0,0
BRDA:285,123,1,0
BRDA:287,124,0,0
BRDA:289,125,0,0
BRDA:289,125,1,0
BRDA:292,126,0,0
BRDA:295,127,0,0
BRDA:295,128,0,0
BRDA:295,128,1,0
BRDA:295,129,0,0
BRDA:295,129,1,0
BRDA:296,130,0,0
BRDA:296,131,0,0
BRDA:296,131,1,0
BRDA:296,132,0,0
BRDA:296,132,1,0
BRDA:309,133,0,0
BRDA:309,133,1,0
BRDA:309,134,0,0
BRDA:309,134,1,0
BRDA:311,135,0,0
BRDA:311,135,1,0
BRDA:315,136,0,0
BRDA:315,136,1,0
BRDA:332,137,0,0
BRDA:332,137,1,0
BRDA:341,138,0,0
BRDA:344,139,0,2
BRDA:391,140,0,0
BRDA:395,141,0,0
BRDA:395,141,1,0
BRDA:410,142,0,0
BRDA:417,143,0,5
BRDA:417,143,1,0
BRDA:418,144,0,5
BRDA:418,144,1,0
BRDA:440,145,0,0
BRDA:440,145,1,0
BRDA:440,146,0,0
BRDA:440,146,1,0
BRDA:440,147,0,0
BRDA:440,147,1,0
BRDA:451,148,0,0
BRDA:451,148,1,2
BRDA:459,149,0,2
BRDA:459,149,1,0
BRDA:459,150,0,2
BRDA:459,150,1,2
BRDA:459,151,0,0
BRDA:459,151,1,2
BRDA:459,152,0,2
BRDA:459,152,1,2
BRDA:463,153,0,0
BRDA:464,154,0,0
BRDA:464,154,1,0
BRDA:465,155,0,0
BRDA:491,156,0,0
BRDA:491,156,1,0
BRDA:492,157,0,0
BRDA:494,158,0,0
BRDA:511,159,0,0
BRDA:520,160,0,0
BRDA:521,161,0,0
BRDA:521,161,1,0
BRDA:521,161,2,0
BRDA:521,161,3,0
BRDA:530,162,0,0
BRDA:530,163,0,0
BRDA:530,163,1,0
BRDA:538,164,0,0
BRDA:538,165,0,0
BRDA:538,165,1,0
BRDA:538,166,0,0
BRDA:538,166,1,0
BRDA:538,167,0,0
BRDA:538,167,1,0
BRDA:546,168,0,0
BRDA:546,168,1,0
BRDA:546,169,0,0
BRDA:546,169,1,0
BRDA:546,170,0,0
BRDA:546,170,1,0
BRDA:546,171,0,0
BRDA:546,171,1,0
BRDA:546,172,0,0
BRDA:546,172,1,0
BRDA:547,173,0,0
BRDA:547,174,0,0
BRDA:547,174,1,0
BRDA:556,175,0,0
BRDA:556,175,1,0
BRDA:556,176,0,0
BRDA:556,176,1,0
BRDA:556,177,0,0
BRDA:556,177,1,0
BRDA:556,178,0,0
BRDA:556,178,1,0
BRDA:556,179,0,0
BRDA:556,179,1,0
BRDA:556,180,0,0
BRDA:556,180,1,0
BRDA:556,181,0,0
BRDA:556,181,1,0
BRF:324
BRH:63
end_of_record
TN:
SF:packages/core/module/utils.ts
FN:15,isUndefined
FN:19,isRootModule
FN:23,isModule
FN:27,isCustomProvider
FN:31,isInjectable
FN:35,isController
FN:39,moduleHasImport
FN:40,(anonymous_7)
FN:43,isAllProviderResolved
FN:52,setModuleWaterMark
FN:56,getParamTypes
FN:60,getUniqueToken
FN:64,mapCustomProviderArgs
FN:91,getConstructorParametersData
FN:98,isInjectedProperty
FN:99,(anonymous_15)
FN:122,(anonymous_16)
FN:127,unpackModuleArrays
FN:145,resolveRootCustomProviderFactory
FN:153,(anonymous_19)
FNF:20
FNH:11
FNDA:0,isUndefined
FNDA:4,isRootModule
FNDA:6,isModule
FNDA:2,isCustomProvider
FNDA:7,isInjectable
FNDA:6,isController
FNDA:0,moduleHasImport
FNDA:0,(anonymous_7)
FNDA:4,isAllProviderResolved
FNDA:4,setModuleWaterMark
FNDA:14,getParamTypes
FNDA:8,getUniqueToken
FNDA:0,mapCustomProviderArgs
FNDA:14,getConstructorParametersData
FNDA:0,isInjectedProperty
FNDA:0,(anonymous_15)
FNDA:0,(anonymous_16)
FNDA:6,unpackModuleArrays
FNDA:0,resolveRootCustomProviderFactory
FNDA:0,(anonymous_19)
DA:1,2
DA:8,2
DA:9,2
DA:11,2
DA:13,2
DA:16,0
DA:20,4
DA:24,6
DA:28,2
DA:32,7
DA:36,6
DA:40,0
DA:44,4
DA:45,4
DA:46,2
DA:47,2
DA:49,4
DA:53,4
DA:57,14
DA:61,8
DA:65,0
DA:66,0
DA:67,0
DA:68,0
DA:69,0
DA:70,0
DA:71,0
DA:72,0
DA:73,0
DA:74,0
DA:75,0
DA:77,0
DA:78,0
DA:79,0
DA:80,0
DA:81,0
DA:88,0
DA:92,14
DA:93,14
DA:95,14
DA:96,14
DA:99,0
DA:102,14
DA:103,0
DA:104,0
DA:105,0
DA:106,0
DA:107,0
DA:110,0
DA:111,0
DA:114,0
DA:115,0
DA:118,0
DA:122,14
DA:124,14
DA:128,6
DA:129,6
DA:130,6
DA:132,6
DA:133,0
DA:134,0
DA:135,0
DA:136,0
DA:137,0
DA:138,0
DA:140,0
DA:146,0
DA:147,0
DA:148,0
DA:150,0
DA:151,0
DA:152,0
DA:153,0
DA:154,0
DA:156,0
DA:157,0
DA:158,0
DA:163,2
DA:164,2
DA:165,2
DA:166,2
DA:167,2
DA:168,2
DA:169,2
DA:170,2
DA:171,2
DA:172,2
DA:173,2
DA:174,2
DA:175,2
DA:176,2
DA:177,2
LF:92
LH:44
BRDA:16,0,0,0
BRDA:16,0,1,0
BRDA:16,0,2,0
BRDA:16,0,3,0
BRDA:20,1,0,0
BRDA:20,1,1,4
BRDA:20,2,0,4
BRDA:20,2,1,4
BRDA:20,3,0,0
BRDA:20,3,1,4
BRDA:20,4,0,4
BRDA:20,4,1,4
BRDA:24,5,0,0
BRDA:24,5,1,6
BRDA:24,6,0,6
BRDA:24,6,1,6
BRDA:24,7,0,0
BRDA:24,7,1,6
BRDA:24,8,0,6
BRDA:24,8,1,6
BRDA:28,9,0,2
BRDA:28,9,1,0
BRDA:28,10,0,0
BRDA:28,10,1,0
BRDA:28,11,0,0
BRDA:28,11,1,0
BRDA:28,12,0,0
BRDA:28,12,1,0
BRDA:28,13,0,0
BRDA:28,13,1,0
BRDA:32,14,0,2
BRDA:32,14,1,5
BRDA:36,15,0,6
BRDA:36,15,1,0
BRDA:47,16,0,0
BRDA:61,17,0,8
BRDA:61,17,1,0
BRDA:66,18,0,0
BRDA:69,19,0,0
BRDA:69,19,1,0
BRDA:71,20,0,0
BRDA:71,20,1,0
BRDA:73,21,0,0
BRDA:75,22,0,0
BRDA:77,23,0,0
BRDA:77,23,1,0
BRDA:77,24,0,0
BRDA:77,24,1,0
BRDA:78,25,0,0
BRDA:80,26,0,0
BRDA:80,27,0,0
BRDA:80,27,1,0
BRDA:80,28,0,0
BRDA:80,28,1,0
BRDA:96,29,0,0
BRDA:99,30,0,0
BRDA:99,30,1,0
BRDA:102,31,0,0
BRDA:105,32,0,0
BRDA:106,33,0,0
BRDA:106,33,1,0
BRDA:106,34,0,0
BRDA:106,34,1,0
BRDA:110,35,0,0
BRDA:110,35,1,0
BRDA:110,36,0,0
BRDA:110,36,1,0
BRDA:114,37,0,0
BRDA:122,38,0,0
BRDA:128,39,0,6
BRDA:130,40,0,0
BRDA:130,40,1,6
BRDA:130,41,0,6
BRDA:130,41,1,6
BRDA:132,42,0,0
BRDA:136,43,0,0
BRDA:136,43,1,0
BRDA:146,44,0,0
BRDA:147,45,0,0
BRDA:152,46,0,0
BRDA:152,46,1,0
BRF:81
BRH:21
end_of_record
TN:
SF:packages/core/nact-constants/HttpContentType.const.ts
FNF:0
FNH:0
DA:1,2
DA:12,2
LF:2
LH:2
BRF:0
BRH:0
end_of_record
TN:
SF:packages/core/nact-constants/HttpStatusCodes.const.ts
FNF:0
FNH:0
DA:1,2
DA:52,2
LF:2
LH:2
BRF:0
BRH:0
end_of_record
TN:
SF:packages/core/nact-constants/HttpStatusMessages.const.ts
FNF:0
FNH:0
DA:1,2
DA:77,2
LF:2
LH:2
BRF:0
BRH:0
end_of_record
TN:
SF:packages/core/nact-constants/index.ts
FNF:0
FNH:0
DA:1,2
DA:2,2
DA:3,2
DA:4,2
DA:5,2
LF:5
LH:5
BRF:0
BRH:0
end_of_record
TN:
SF:packages/core/nact-constants/module.consts.ts
FNF:0
FNH:0
DA:1,2
DA:2,2
DA:4,2
DA:5,2
DA:7,2
LF:5
LH:5
BRF:0
BRH:0
end_of_record
TN:
SF:packages/core/nact-constants/router.const.ts
FNF:0
FNH:0
DA:1,2
DA:2,2
DA:3,2
DA:5,2
DA:7,2
DA:8,2
DA:10,2
DA:11,2
DA:12,2
DA:13,2
DA:14,2
DA:17,2
DA:18,2
DA:19,2
DA:20,2
DA:21,2
DA:22,2
DA:23,2
DA:24,2
DA:25,2
DA:26,2
DA:27,2
LF:22
LH:22
BRF:0
BRH:0
end_of_record
TN:
SF:packages/core/nact-logger/index.ts
FNF:0
FNH:0
DA:1,2
LF:1
LH:1
BRF:0
BRH:0
end_of_record
TN:
SF:packages/core/nact-logger/logger.ts
FN:27,createSharedNactLogger
FN:32,getNactLogger
FN:46,(anonymous_2)
FN:54,(anonymous_3)
FN:64,(anonymous_4)
FN:69,(anonymous_5)
FN:77,(anonymous_6)
FN:86,(anonymous_7)
FN:94,(anonymous_8)
FNF:9
FNH:6
FNDA:2,createSharedNactLogger
FNDA:13,getNactLogger
FNDA:4,(anonymous_2)
FNDA:5,(anonymous_3)
FNDA:5,(anonymous_4)
FNDA:0,(anonymous_5)
FNDA:0,(anonymous_6)
FNDA:0,(anonymous_7)
FNDA:5,(anonymous_8)
DA:1,2
DA:26,2
DA:28,2
DA:29,2
DA:33,13
DA:34,2
DA:36,13
DA:47,4
DA:48,4
DA:49,4
DA:50,4
DA:51,4
DA:55,5
DA:56,0
DA:57,0
DA:58,0
DA:59,0
DA:60,0
DA:65,5
DA:66,5
DA:70,0
DA:71,0
DA:73,0
DA:74,0
DA:78,0
DA:79,0
DA:80,0
DA:82,0
DA:83,0
DA:87,0
DA:88,0
DA:89,0
DA:91,0
DA:95,5
DA:96,5
DA:97,5
DA:99,5
DA:103,2
LF:38
LH:20
BRDA:33,0,0,2
BRDA:51,1,0,2
BRDA:51,1,1,2
BRDA:51,2,0,4
BRDA:51,2,1,4
BRDA:51,3,0,2
BRDA:51,3,1,2
BRDA:51,4,0,4
BRDA:51,4,1,4
BRDA:55,5,0,0
BRDA:56,6,0,0
BRDA:56,6,1,0
BRDA:57,7,0,0
BRDA:57,7,1,0
BRDA:58,8,0,0
BRDA:58,8,1,0
BRDA:59,9,0,0
BRDA:64,10,0,5
BRDA:66,11,0,0
BRDA:66,11,1,5
BRDA:66,12,0,0
BRDA:66,12,1,5
BRDA:95,13,0,5
BRDA:95,13,1,0
BRF:24
BRH:13
end_of_record
TN:
SF:packages/core/nact-request/index.ts
FNF:0
FNH:0
DA:1,2
DA:2,2
LF:2
LH:2
BRF:0
BRH:0
end_of_record
TN:
SF:packages/core/nact-request/request.ts
FN:24,(anonymous_0)
FN:30,(anonymous_1)
FN:34,(anonymous_2)
FN:38,(anonymous_3)
FN:42,(anonymous_4)
FN:48,(anonymous_5)
FN:52,(anonymous_6)
FN:63,(anonymous_7)
FN:84,(anonymous_8)
FN:93,(anonymous_9)
FN:98,(anonymous_10)
FN:108,(anonymous_11)
FN:117,(anonymous_12)
FN:122,(anonymous_13)
FN:127,(anonymous_14)
FN:131,(anonymous_15)
FN:151,(anonymous_16)
FN:166,(anonymous_17)
FN:173,(anonymous_18)
FN:177,(anonymous_19)
FN:181,(anonymous_20)
FN:185,(anonymous_21)
FN:189,(anonymous_22)
FN:193,(anonymous_23)
FN:197,(anonymous_24)
FN:201,(anonymous_25)
FN:205,(anonymous_26)
FN:209,(anonymous_27)
FN:213,(anonymous_28)
FN:217,(anonymous_29)
FN:223,(anonymous_30)
FN:230,(anonymous_31)
FN:234,(anonymous_32)
FN:241,(anonymous_33)
FN:280,(anonymous_34)
FN:284,(anonymous_35)
FN:288,(anonymous_36)
FNF:37
FNH:15
FNDA:0,(anonymous_0)
FNDA:0,(anonymous_1)
FNDA:0,(anonymous_2)
FNDA:0,(anonymous_3)
FNDA:0,(anonymous_4)
FNDA:31,(anonymous_5)
FNDA:0,(anonymous_6)
FNDA:4,(anonymous_7)
FNDA:0,(anonymous_8)
FNDA:10,(anonymous_9)
FNDA:11,(anonymous_10)
FNDA:1,(anonymous_11)
FNDA:5,(anonymous_12)
FNDA:0,(anonymous_13)
FNDA:0,(anonymous_14)
FNDA:6,(anonymous_15)
FNDA:5,(anonymous_16)
FNDA:0,(anonymous_17)
FNDA:0,(anonymous_18)
FNDA:0,(anonymous_19)
FNDA:0,(anonymous_20)
FNDA:0,(anonymous_21)
FNDA:5,(anonymous_22)
FNDA:1,(anonymous_23)
FNDA:24,(anonymous_24)
FNDA:0,(anonymous_25)
FNDA:10,(anonymous_26)
FNDA:0,(anonymous_27)
FNDA:6,(anonymous_28)
FNDA:0,(anonymous_29)
FNDA:0,(anonymous_30)
FNDA:5,(anonymous_31)
FNDA:5,(anonymous_32)
FNDA:0,(anonymous_33)
FNDA:0,(anonymous_34)
FNDA:0,(anonymous_35)
FNDA:0,(anonymous_36)
DA:1,2
DA:2,2
DA:4,2
DA:5,2
DA:7,2
DA:9,2
DA:12,2
DA:15,2
DA:25,0
DA:26,0
DA:27,0
DA:31,0
DA:35,0
DA:39,0
DA:43,0
DA:49,31
DA:53,0
DA:54,0
DA:55,0
DA:56,0
DA:58,0
DA:60,0
DA:64,4
DA:65,4
DA:66,0
DA:67,0
DA:69,0
DA:70,0
DA:71,0
DA:73,0
DA:76,4
DA:79,4
DA:81,0
DA:85,0
DA:86,0
DA:87,0
DA:90,0
DA:94,10
DA:95,10
DA:99,11
DA:100,11
DA:101,11
DA:102,11
DA:105,11
DA:109,1
DA:110,1
DA:118,5
DA:120,5
DA:122,5
DA:123,0
DA:128,0
DA:132,6
DA:152,5
DA:153,5
DA:154,5
DA:155,5
DA:156,5
DA:157,5
DA:158,5
DA:159,5
DA:160,5
DA:161,5
DA:163,5
DA:168,0
DA:174,0
DA:178,0
DA:182,0
DA:186,0
DA:190,5
DA:194,1
DA:198,24
DA:202,0
DA:206,10
DA:210,0
DA:214,6
DA:218,0
DA:224,0
DA:225,0
DA:231,5
DA:235,5
DA:236,4
DA:238,5
DA:242,0
DA:243,0
DA:244,0
DA:245,0
DA:247,0
DA:248,0
DA:250,0
DA:251,0
DA:253,0
DA:254,0
DA:256,0
DA:257,0
DA:262,0
DA:263,0
DA:264,0
DA:265,0
DA:266,0
DA:268,0
DA:269,0
DA:278,0
DA:279,0
DA:280,0
DA:281,0
DA:282,0
DA:284,0
DA:285,0
DA:288,0
DA:289,0
DA:290,0
DA:299,2
LF:112
LH:47
BRDA:25,0,0,0
BRDA:25,0,1,0
BRDA:53,1,0,0
BRDA:64,2,0,4
BRDA:65,3,0,0
BRDA:65,3,1,4
BRDA:66,4,0,0
BRDA:66,4,1,0
BRDA:79,5,0,0
BRDA:79,5,1,4
BRDA:85,6,0,0
BRDA:86,7,0,0
BRDA:86,7,1,0
BRDA:94,8,0,9
BRDA:99,9,0,11
BRDA:100,10,0,0
BRDA:101,11,0,11
BRDA:109,12,0,1
BRDA:132,13,0,0
BRDA:132,13,1,6
BRDA:132,14,0,6
BRDA:132,14,1,6
BRDA:156,15,0,0
BRDA:156,15,1,5
BRDA:156,16,0,5
BRDA:156,16,1,0
BRDA:157,17,0,5
BRDA:157,17,1,0
BRDA:157,18,0,5
BRDA:157,18,1,5
BRDA:174,19,0,0
BRDA:174,19,1,0
BRDA:174,20,0,0
BRDA:174,20,1,0
BRDA:178,21,0,0
BRDA:178,21,1,0
BRDA:178,22,0,0
BRDA:178,22,1,0
BRDA:182,23,0,0
BRDA:182,23,1,0
BRDA:182,24,0,0
BRDA:182,24,1,0
BRDA:235,25,0,4
BRDA:241,26,0,0
BRDA:244,27,0,0
BRDA:244,27,1,0
BRDA:244,28,0,0
BRDA:244,28,1,0
BRDA:250,29,0,0
BRDA:250,29,1,0
BRDA:253,30,0,0
BRDA:253,31,0,0
BRDA:253,31,1,0
BRDA:253,32,0,0
BRDA:253,32,1,0
BRDA:253,33,0,0
BRDA:253,33,1,0
BRDA:253,34,0,0
BRDA:253,34,1,0
BRDA:253,35,0,0
BRDA:253,35,1,0
BRDA:256,36,0,0
BRDA:258,37,0,0
BRDA:258,37,1,0
BRDA:258,38,0,0
BRDA:258,38,1,0
BRDA:262,39,0,0
BRDA:262,40,0,0
BRDA:262,40,1,0
BRDA:262,41,0,0
BRDA:262,41,1,0
BRDA:263,42,0,0
BRDA:263,42,1,0
BRDA:263,43,0,0
BRDA:263,43,1,0
BRDA:265,44,0,0
BRDA:266,45,0,0
BRDA:268,46,0,0
BRDA:271,47,0,0
BRDA:271,47,1,0
BRDA:278,48,0,0
BRF:81
BRH:16
end_of_record
TN:
SF:packages/core/nact-request/utils.ts
FN:9,(anonymous_0)
FN:14,(anonymous_1)
FN:17,(anonymous_2)
FN:28,(anonymous_3)
FN:31,(anonymous_4)
FN:36,(anonymous_5)
FN:40,(anonymous_6)
FNF:7
FNH:6
FNDA:5,(anonymous_0)
FNDA:0,(anonymous_1)
FNDA:5,(anonymous_2)
FNDA:10,(anonymous_3)
FNDA:15,(anonymous_4)
FNDA:5,(anonymous_5)
FNDA:5,(anonymous_6)
DA:1,2
DA:9,2
DA:10,5
DA:11,5
DA:13,0
DA:14,0
DA:17,2
DA:18,5
DA:19,5
DA:20,5
DA:25,5
DA:28,2
DA:29,10
DA:31,2
DA:33,15
DA:36,2
DA:37,5
DA:40,2
DA:41,5
DA:44,2
LF:20
LH:18
BRDA:10,0,0,5
BRDA:22,1,0,0
BRDA:22,1,1,5
BRDA:22,2,0,5
BRDA:22,2,1,0
BRDA:23,3,0,5
BRDA:23,3,1,0
BRDA:23,4,0,5
BRDA:23,4,1,5
BRDA:29,5,0,10
BRDA:29,5,1,0
BRDA:29,6,0,10
BRDA:29,6,1,10
BRDA:33,7,0,0
BRDA:33,7,1,15
BRDA:37,8,0,5
BRDA:37,8,1,0
BRDA:37,9,0,5
BRDA:37,9,1,5
BRDA:37,10,0,5
BRDA:37,10,1,0
BRDA:37,11,0,5
BRDA:37,11,1,5
BRDA:41,12,0,0
BRDA:41,12,1,5
BRDA:41,13,0,5
BRDA:41,13,1,5
BRDA:41,14,0,0
BRDA:41,14,1,5
BRDA:41,15,0,5
BRDA:41,15,1,5
BRDA:41,16,0,0
BRDA:41,16,1,5
BRDA:41,17,0,5
BRDA:41,17,1,5
BRF:35
BRH:25
end_of_record
TN:
SF:packages/core/reflector/index.ts
FNF:0
FNH:0
DA:1,2
LF:1
LH:1
BRF:0
BRH:0
end_of_record
TN:
SF:packages/core/reflector/reflector.ts
FN:4,(anonymous_0)
FNF:1
FNH:1
FNDA:2,(anonymous_0)
DA:1,2
DA:5,2
DA:6,2
DA:8,0
DA:12,2
LF:5
LH:4
BRDA:5,0,0,2
BRF:1
BRH:1
end_of_record
TN:
SF:packages/core/routing/NactRouteLibary.ts
FN:284,(anonymous_0)
FN:43,(anonymous_1)
FN:47,(anonymous_2)
FN:58,handleRouteDataInjections
FN:93,(anonymous_4)
FN:101,(anonymous_5)
FN:102,(anonymous_6)
FN:111,(anonymous_7)
FN:133,(anonymous_8)
FN:153,(anonymous_9)
FN:177,(anonymous_10)
FN:192,(anonymous_11)
FN:204,(anonymous_12)
FN:234,(anonymous_13)
FN:243,(anonymous_14)
FN:279,(anonymous_15)
FNF:16
FNH:7
FNDA:1,(anonymous_0)
FNDA:0,(anonymous_1)
FNDA:0,(anonymous_2)
FNDA:1,handleRouteDataInjections
FNDA:2,(anonymous_4)
FNDA:3,(anonymous_5)
FNDA:0,(anonymous_6)
FNDA:1,(anonymous_7)
FNDA:0,(anonymous_8)
FNDA:0,(anonymous_9)
FNDA:0,(anonymous_10)
FNDA:0,(anonymous_11)
FNDA:5,(anonymous_12)
FNDA:0,(anonymous_13)
FNDA:0,(anonymous_14)
FNDA:1,(anonymous_15)
DA:4,2
DA:5,2
DA:14,2
DA:28,2
DA:34,2
DA:43,2
DA:44,0
DA:47,2
DA:48,0
DA:49,0
DA:50,0
DA:51,0
DA:53,0
DA:54,0
DA:55,0
DA:59,1
DA:61,1
DA:62,1
DA:63,0
DA:64,0
DA:65,0
DA:66,0
DA:67,0
DA:68,0
DA:69,0
DA:70,0
DA:71,0
DA:72,0
DA:73,0
DA:74,0
DA:76,0
DA:77,0
DA:83,0
DA:85,1
DA:93,2
DA:94,2
DA:95,2
DA:96,2
DA:98,2
DA:102,3
DA:103,0
DA:104,0
DA:106,0
DA:109,3
DA:111,3
DA:112,1
DA:113,1
DA:115,1
DA:116,1
DA:117,1
DA:118,0
DA:120,0
DA:121,0
DA:123,0
DA:124,0
DA:125,0
DA:126,0
DA:127,0
DA:128,0
DA:129,0
DA:130,0
DA:131,0
DA:133,0
DA:134,0
DA:141,0
DA:142,0
DA:144,0
DA:145,0
DA:146,0
DA:147,0
DA:151,0
DA:152,0
DA:153,0
DA:154,0
DA:155,0
DA:157,0
DA:160,0
DA:166,0
DA:178,0
DA:179,0
DA:180,0
DA:182,0
DA:183,0
DA:185,0
DA:187,0
DA:189,0
DA:193,0
DA:195,0
DA:197,0
DA:198,0
DA:199,0
DA:201,0
DA:205,5
DA:206,5
DA:208,5
DA:209,5
DA:210,5
DA:211,0
DA:212,0
DA:213,0
DA:214,0
DA:215,0
DA:216,0
DA:219,0
DA:220,0
DA:222,0
DA:224,0
DA:227,5
DA:239,0
DA:240,0
DA:249,0
DA:250,0
DA:251,0
DA:253,0
DA:254,0
DA:255,0
DA:258,0
DA:259,0
DA:260,0
DA:263,0
DA:264,0
DA:265,0
DA:266,0
DA:267,0
DA:268,0
DA:270,0
DA:271,0
DA:273,0
DA:274,0
DA:280,1
DA:284,3
LF:131
LH:32
BRDA:48,0,0,0
BRDA:54,1,0,0
BRDA:54,1,1,0
BRDA:59,2,0,0
BRDA:62,3,0,0
BRDA:65,4,0,0
BRDA:65,4,1,0
BRDA:65,5,0,0
BRDA:65,5,1,0
BRDA:65,6,0,0
BRDA:65,6,1,0
BRDA:65,7,0,0
BRDA:65,7,1,0
BRDA:68,8,0,0
BRDA:68,9,0,0
BRDA:68,9,1,0
BRDA:68,10,0,0
BRDA:68,10,1,0
BRDA:68,11,0,0
BRDA:68,11,1,0
BRDA:71,12,0,0
BRDA:73,13,0,0
BRDA:76,14,0,0
BRDA:76,15,0,0
BRDA:76,15,1,0
BRDA:76,16,0,0
BRDA:76,16,1,0
BRDA:95,17,0,2
BRDA:95,17,1,0
BRDA:95,18,0,2
BRDA:95,18,1,2
BRDA:95,19,0,0
BRDA:95,19,1,2
BRDA:95,20,0,2
BRDA:95,20,1,2
BRDA:98,21,0,0
BRDA:103,22,0,0
BRDA:109,23,0,3
BRDA:109,23,1,0
BRDA:116,24,0,1
BRDA:126,25,0,0
BRDA:134,26,0,0
BRDA:134,26,1,0
BRDA:134,27,0,0
BRDA:134,27,1,0
BRDA:141,28,0,0
BRDA:146,29,0,0
BRDA:152,30,0,0
BRDA:154,31,0,0
BRDA:154,31,1,0
BRDA:182,32,0,0
BRDA:182,32,1,0
BRDA:185,33,0,0
BRDA:197,34,0,0
BRDA:198,35,0,0
BRDA:198,35,1,0
BRDA:198,36,0,0
BRDA:198,36,1,0
BRDA:209,37,0,0
BRDA:209,37,1,5
BRDA:209,38,0,5
BRDA:209,38,1,5
BRDA:210,39,0,0
BRDA:210,39,1,5
BRDA:212,40,0,0
BRDA:212,40,1,0
BRDA:240,41,0,0
BRDA:240,41,1,0
BRDA:240,42,0,0
BRDA:240,42,1,0
BRDA:240,43,0,0
BRDA:240,43,1,0
BRDA:250,44,0,0
BRDA:253,45,0,0
BRDA:254,46,0,0
BRDA:254,47,0,0
BRDA:254,47,1,0
BRDA:259,48,0,0
BRDA:267,49,0,0
BRDA:267,49,1,0
BRF:80
BRH:12
end_of_record
TN:
SF:packages/core/routing/index.ts
FNF:0
FNH:0
DA:1,2
DA:2,2
DA:3,2
DA:4,2
LF:4
LH:4
BRF:0
BRH:0
end_of_record
TN:
SF:packages/core/routing/router-class.ts
FN:12,(anonymous_0)
FN:19,(anonymous_1)
FN:23,(anonymous_2)
FN:27,(anonymous_3)
FN:39,(anonymous_4)
FN:47,(anonymous_5)
FN:51,(anonymous_6)
FNF:7
FNH:1
FNDA:1,(anonymous_0)
FNDA:0,(anonymous_1)
FNDA:0,(anonymous_2)
FNDA:0,(anonymous_3)
FNDA:0,(anonymous_4)
FNDA:0,(anonymous_5)
FNDA:0,(anonymous_6)
DA:4,2
DA:13,1
DA:14,1
DA:15,1
DA:16,1
DA:20,0
DA:24,0
DA:28,0
DA:29,0
DA:30,0
DA:31,0
DA:32,0
DA:40,0
DA:41,0
DA:42,0
DA:44,0
DA:48,0
DA:52,0
DA:53,0
DA:57,2
LF:20
LH:6
BRDA:29,0,0,0
BRDA:31,1,0,0
BRDA:40,2,0,0
BRDA:41,3,0,0
BRDA:41,3,1,0
BRDA:52,4,0,0
BRDA:52,4,1,0
BRF:7
BRH:0
end_of_record
TN:
SF:packages/core/routing/utils.ts
FN:15,(anonymous_0)
FN:44,(anonymous_1)
FN:92,(anonymous_2)
FN:105,(anonymous_3)
FN:131,(anonymous_4)
FN:135,(anonymous_5)
FN:140,(anonymous_6)
FN:145,(anonymous_7)
FN:151,(anonymous_8)
FN:156,(anonymous_9)
FN:163,(anonymous_10)
FN:164,(anonymous_11)
FN:183,(anonymous_12)
FN:188,(anonymous_13)
FN:247,getRouteParameters
FN:258,(anonymous_15)
FN:262,getRouteConfig
FN:279,setRouteConfig
FNF:18
FNH:2
FNDA:0,(anonymous_0)
FNDA:0,(anonymous_1)
FNDA:0,(anonymous_2)
FNDA:0,(anonymous_3)
FNDA:0,(anonymous_4)
FNDA:0,(anonymous_5)
FNDA:0,(anonymous_6)
FNDA:0,(anonymous_7)
FNDA:0,(anonymous_8)
FNDA:0,(anonymous_9)
FNDA:0,(anonymous_10)
FNDA:0,(anonymous_11)
FNDA:0,(anonymous_12)
FNDA:0,(anonymous_13)
FNDA:0,getRouteParameters
FNDA:1,(anonymous_15)
FNDA:1,getRouteConfig
FNDA:0,setRouteConfig
DA:1,2
DA:9,2
DA:10,2
DA:11,2
DA:13,2
DA:15,2
DA:16,0
DA:17,0
DA:18,0
DA:19,0
DA:20,0
DA:22,0
DA:23,0
DA:24,0
DA:25,0
DA:29,0
DA:30,0
DA:31,0
DA:32,0
DA:33,0
DA:34,0
DA:35,0
DA:38,0
DA:39,0
DA:41,0
DA:44,2
DA:45,0
DA:46,0
DA:47,0
DA:49,0
DA:50,0
DA:52,0
DA:53,0
DA:55,0
DA:58,0
DA:60,0
DA:61,0
DA:62,0
DA:63,0
DA:64,0
DA:65,0
DA:67,0
DA:68,0
DA:69,0
DA:70,0
DA:73,0
DA:74,0
DA:77,0
DA:78,0
DA:79,0
DA:80,0
DA:82,0
DA:86,0
DA:89,0
DA:92,2
DA:93,0
DA:94,0
DA:95,0
DA:96,0
DA:97,0
DA:99,0
DA:100,0
DA:101,0
DA:103,0
DA:104,0
DA:105,0
DA:106,0
DA:107,0
DA:108,0
DA:109,0
DA:110,0
DA:113,0
DA:114,0
DA:117,0
DA:126,0
DA:128,0
DA:131,2
DA:132,0
DA:135,2
DA:136,0
DA:137,0
DA:140,2
DA:141,0
DA:142,0
DA:145,2
DA:146,0
DA:148,0
DA:151,2
DA:152,0
DA:153,0
DA:156,2
DA:157,0
DA:159,0
DA:160,0
DA:163,2
DA:164,0
DA:165,0
DA:166,0
DA:167,0
DA:168,0
DA:170,0
DA:173,0
DA:174,0
DA:175,0
DA:176,0
DA:177,0
DA:178,0
DA:180,0
DA:183,2
DA:184,0
DA:185,0
DA:188,0
DA:189,0
DA:194,0
DA:195,0
DA:196,0
DA:197,0
DA:198,0
DA:199,0
DA:201,0
DA:202,0
DA:204,0
DA:205,0
DA:206,0
DA:207,0
DA:208,0
DA:209,0
DA:210,0
DA:211,0
DA:213,0
DA:214,0
DA:215,0
DA:216,0
DA:218,0
DA:220,0
DA:221,0
DA:222,0
DA:223,0
DA:224,0
DA:226,0
DA:237,0
DA:238,0
DA:241,0
DA:244,0
DA:248,0
DA:249,0
DA:250,0
DA:251,0
DA:252,0
DA:255,0
DA:258,2
DA:259,1
DA:263,1
DA:264,1
DA:265,0
DA:267,1
DA:268,1
DA:270,0
DA:271,0
DA:272,0
DA:274,0
DA:280,0
DA:281,0
DA:282,0
DA:284,0
DA:285,0
DA:287,0
DA:288,0
DA:289,0
DA:291,0
DA:297,2
DA:298,2
DA:299,2
DA:300,2
DA:301,2
DA:302,2
DA:303,2
DA:304,2
LF:178
LH:30
BRDA:24,0,0,0
BRDA:31,1,0,0
BRDA:33,2,0,0
BRDA:33,2,1,0
BRDA:35,3,0,0
BRDA:38,4,0,0
BRDA:49,5,0,0
BRDA:49,5,1,0
BRDA:52,6,0,0
BRDA:52,7,0,0
BRDA:52,7,1,0
BRDA:55,8,0,0
BRDA:55,8,1,0
BRDA:56,9,0,0
BRDA:56,9,1,0
BRDA:58,10,0,0
BRDA:58,10,1,0
BRDA:58,11,0,0
BRDA:58,11,1,0
BRDA:60,12,0,0
BRDA:60,12,1,0
BRDA:61,13,0,0
BRDA:61,13,1,0
BRDA:61,14,0,0
BRDA:61,14,1,0
BRDA:62,15,0,0
BRDA:62,15,1,0
BRDA:63,16,0,0
BRDA:63,16,1,0
BRDA:64,17,0,0
BRDA:64,18,0,0
BRDA:64,18,1,0
BRDA:64,19,0,0
BRDA:64,19,1,0
BRDA:65,20,0,0
BRDA:65,20,1,0
BRDA:67,21,0,0
BRDA:67,21,1,0
BRDA:67,22,0,0
BRDA:67,22,1,0
BRDA:67,22,2,0
BRDA:67,23,0,0
BRDA:67,23,1,0
BRDA:67,24,0,0
BRDA:67,24,1,0
BRDA:67,25,0,0
BRDA:67,25,1,0
BRDA:67,26,0,0
BRDA:67,26,1,0
BRDA:67,27,0,0
BRDA:67,27,1,0
BRDA:67,28,0,0
BRDA:67,28,1,0
BRDA:68,29,0,0
BRDA:68,29,1,0
BRDA:69,30,0,0
BRDA:69,31,0,0
BRDA:69,31,1,0
BRDA:73,32,0,0
BRDA:73,33,0,0
BRDA:73,33,1,0
BRDA:73,34,0,0
BRDA:73,34,1,0
BRDA:77,35,0,0
BRDA:77,35,1,0
BRDA:82,36,0,0
BRDA:89,37,0,0
BRDA:89,37,1,0
BRDA:89,38,0,0
BRDA:89,38,1,0
BRDA:99,39,0,0
BRDA:99,39,1,0
BRDA:106,40,0,0
BRDA:106,40,1,0
BRDA:106,41,0,0
BRDA:106,41,1,0
BRDA:106,42,0,0
BRDA:106,42,1,0
BRDA:109,43,0,0
BRDA:109,44,0,0
BRDA:109,44,1,0
BRDA:109,45,0,0
BRDA:109,45,1,0
BRDA:113,46,0,0
BRDA:126,47,0,0
BRDA:160,48,0,0
BRDA:160,48,1,0
BRDA:167,49,0,0
BRDA:175,50,0,0
BRDA:175,50,1,0
BRDA:176,51,0,0
BRDA:178,52,0,0
BRDA:178,52,1,0
BRDA:184,53,0,0
BRDA:198,54,0,0
BRDA:202,55,0,0
BRDA:202,55,1,0
BRDA:204,56,0,0
BRDA:204,56,1,0
BRDA:207,57,0,0
BRDA:210,58,0,0
BRDA:210,58,1,0
BRDA:213,59,0,0
BRDA:213,59,1,0
BRDA:215,60,0,0
BRDA:215,60,1,0
BRDA:215,61,0,0
BRDA:215,61,1,0
BRDA:220,62,0,0
BRDA:220,62,1,0
BRDA:223,63,0,0
BRDA:223,63,1,0
BRDA:237,64,0,0
BRDA:251,65,0,0
BRDA:259,66,0,1
BRDA:259,66,1,0
BRDA:259,67,0,1
BRDA:259,67,1,1
BRDA:263,68,0,1
BRDA:263,68,1,0
BRDA:264,69,0,0
BRDA:264,69,1,1
BRDA:265,70,0,0
BRDA:265,70,1,0
BRDA:265,71,0,0
BRDA:265,71,1,0
BRDA:270,72,0,0
BRDA:271,73,0,0
BRDA:271,73,1,0
BRDA:280,74,0,0
BRDA:280,74,1,0
BRDA:281,75,0,0
BRDA:281,75,1,0
BRDA:287,76,0,0
BRDA:288,77,0,0
BRDA:288,77,1,0
BRF:136
BRH:5
end_of_record
TN:
SF:packages/core/shared/index.ts
FNF:0
FNH:0
DA:1,2
LF:1
LH:1
BRF:0
BRH:0
end_of_record
TN:
SF:packages/core/shared/utils.ts
FN:1,isInitializedClass
FN:5,isClassInstance
FN:12,isUndefined
FN:16,isNull
FN:20,isDefined
FN:24,isObject
FN:28,(anonymous_6)
FN:32,(anonymous_7)
FN:36,(anonymous_8)
FNF:9
FNH:6
FNDA:12,isInitializedClass
FNDA:14,isClassInstance
FNDA:4,isUndefined
FNDA:4,isNull
FNDA:4,isDefined
FNDA:0,isObject
FNDA:0,(anonymous_6)
FNDA:4,(anonymous_7)
FNDA:0,(anonymous_8)
DA:2,12
DA:6,14
DA:13,4
DA:17,4
DA:21,4
DA:25,0
DA:28,2
DA:29,0
DA:32,2
DA:33,4
DA:36,2
DA:37,0
DA:38,0
DA:39,0
DA:41,0
DA:45,2
DA:46,2
DA:47,2
DA:48,2
DA:49,2
DA:50,2
DA:51,2
DA:52,2
DA:53,2
LF:24
LH:18
BRDA:2,0,0,12
BRDA:2,0,1,12
BRDA:2,0,2,12
BRDA:7,1,0,14
BRDA:7,1,1,10
BRDA:7,2,0,10
BRDA:7,2,1,4
BRDA:7,3,0,14
BRDA:7,3,1,14
BRDA:7,4,0,10
BRDA:7,4,1,4
BRDA:7,5,0,14
BRDA:7,5,1,14
BRDA:7,6,0,0
BRDA:7,6,1,14
BRDA:7,7,0,14
BRDA:7,7,1,14
BRDA:8,8,0,0
BRDA:8,8,1,10
BRDA:8,9,0,10
BRDA:8,9,1,10
BRDA:8,10,0,0
BRDA:8,10,1,10
BRDA:8,11,0,10
BRDA:8,11,1,10
BRDA:21,12,0,4
BRDA:21,12,1,4
BRDA:25,13,0,0
BRDA:25,13,1,0
BRDA:37,14,0,0
BRDA:38,15,0,0
BRDA:39,16,0,0
BRF:32
BRH:24
end_of_record
TN:
SF:packages/core/test/routing/test.controller.ts
FN:6,(anonymous_0)
FN:11,(anonymous_1)
FN:15,(anonymous_2)
FN:20,(anonymous_3)
FN:25,(anonymous_4)
FN:30,(anonymous_5)
FN:35,(anonymous_6)
FN:40,(anonymous_7)
FN:45,(anonymous_8)
FN:53,(anonymous_9)
FN:58,(anonymous_10)
FN:63,(anonymous_11)
FN:68,(anonymous_12)
FN:73,(anonymous_13)
FN:78,(anonymous_14)
FN:83,(anonymous_15)
FN:88,(anonymous_16)
FN:93,(anonymous_17)
FN:98,(anonymous_18)
FN:103,(anonymous_19)
FN:107,(anonymous_20)
FN:115,(anonymous_21)
FN:119,(anonymous_22)
FN:123,(anonymous_23)
FN:128,(anonymous_24)
FN:133,(anonymous_25)
FN:138,(anonymous_26)
FN:143,(anonymous_27)
FN:151,(anonymous_28)
FN:156,(anonymous_29)
FN:165,(anonymous_30)
FN:171,(anonymous_31)
FNF:32
FNH:0
FNDA:0,(anonymous_0)
FNDA:0,(anonymous_1)
FNDA:0,(anonymous_2)
FNDA:0,(anonymous_3)
FNDA:0,(anonymous_4)
FNDA:0,(anonymous_5)
FNDA:0,(anonymous_6)
FNDA:0,(anonymous_7)
FNDA:0,(anonymous_8)
FNDA:0,(anonymous_9)
FNDA:0,(anonymous_10)
FNDA:0,(anonymous_11)
FNDA:0,(anonymous_12)
FNDA:0,(anonymous_13)
FNDA:0,(anonymous_14)
FNDA:0,(anonymous_15)
FNDA:0,(anonymous_16)
FNDA:0,(anonymous_17)
FNDA:0,(anonymous_18)
FNDA:0,(anonymous_19)
FNDA:0,(anonymous_20)
FNDA:0,(anonymous_21)
FNDA:0,(anonymous_22)
FNDA:0,(anonymous_23)
FNDA:0,(anonymous_24)
FNDA:0,(anonymous_25)
FNDA:0,(anonymous_26)
FNDA:0,(anonymous_27)
FNDA:0,(anonymous_28)
FNDA:0,(anonymous_29)
FNDA:0,(anonymous_30)
FNDA:0,(anonymous_31)
DA:1,1
DA:4,1
DA:6,1
DA:7,0
DA:11,1
DA:12,0
DA:15,1
DA:16,0
DA:20,1
DA:21,0
DA:25,1
DA:26,0
DA:30,1
DA:31,0
DA:35,1
DA:36,0
DA:40,1
DA:41,0
DA:45,1
DA:46,0
DA:51,1
DA:53,1
DA:54,0
DA:58,1
DA:59,0
DA:63,1
DA:64,0
DA:68,1
DA:69,0
DA:73,1
DA:74,0
DA:78,1
DA:79,0
DA:83,1
DA:84,0
DA:88,1
DA:89,0
DA:93,1
DA:94,0
DA:98,1
DA:99,0
DA:103,1
DA:104,0
DA:107,1
DA:108,0
DA:113,1
DA:115,1
DA:116,0
DA:119,1
DA:120,0
DA:123,1
DA:124,0
DA:128,1
DA:129,0
DA:133,1
DA:134,0
DA:138,1
DA:139,0
DA:143,1
DA:144,0
DA:149,1
DA:151,1
DA:152,0
DA:156,1
DA:157,0
DA:162,1
DA:165,1
DA:166,0
DA:171,1
DA:172,0
DA:176,1
LF:71
LH:39
BRDA:79,0,0,0
BRDA:79,0,1,0
BRDA:84,1,0,0
BRDA:84,1,1,0
BRDA:89,2,0,0
BRDA:89,2,1,0
BRDA:89,3,0,0
BRDA:89,3,1,0
BRDA:94,4,0,0
BRDA:94,4,1,0
BRDA:94,5,0,0
BRDA:94,5,1,0
BRDA:99,6,0,0
BRDA:99,6,1,0
BRDA:99,7,0,0
BRDA:99,7,1,0
BRDA:104,8,0,0
BRDA:104,8,1,0
BRDA:108,9,0,0
BRDA:108,9,1,0
BRDA:116,10,0,0
BRDA:116,10,1,0
BRDA:120,11,0,0
BRDA:120,11,1,0
BRDA:124,12,0,0
BRDA:124,12,1,0
BRDA:129,13,0,0
BRDA:129,13,1,0
BRDA:129,14,0,0
BRDA:129,14,1,0
BRDA:134,15,0,0
BRDA:134,15,1,0
BRDA:134,16,0,0
BRDA:134,16,1,0
BRDA:134,16,2,0
BRDA:157,17,0,0
BRDA:157,17,1,0
BRDA:157,18,0,0
BRDA:157,18,1,0
BRDA:172,19,0,0
BRDA:172,19,1,0
BRDA:172,20,0,0
BRDA:172,20,1,0
BRF:43
BRH:0
end_of_record
TN:
SF:packages/core/test/utils/index.ts
FNF:0
FNH:0
DA:1,1
LF:1
LH:1
BRF:0
BRH:0
end_of_record
TN:
SF:packages/core/test/utils/utils.ts
FN:4,(anonymous_0)
FN:15,(anonymous_1)
FN:26,(anonymous_2)
FN:37,(anonymous_3)
FN:44,(anonymous_4)
FN:55,(anonymous_5)
FN:67,(anonymous_6)
FN:80,(anonymous_7)
FNF:8
FNH:6
FNDA:5,(anonymous_0)
FNDA:0,(anonymous_1)
FNDA:5,(anonymous_2)
FNDA:0,(anonymous_3)
FNDA:1,(anonymous_4)
FNDA:1,(anonymous_5)
FNDA:9,(anonymous_6)
FNDA:5,(anonymous_7)
DA:3,1
DA:5,5
DA:6,5
DA:7,5
DA:8,5
DA:10,0
DA:11,0
DA:13,5
DA:15,0
DA:27,5
DA:28,5
DA:29,5
DA:31,5
DA:32,0
DA:33,0
DA:38,0
DA:39,0
DA:40,0
DA:42,0
DA:45,1
DA:46,1
DA:47,1
DA:48,0
DA:49,0
DA:52,1
DA:56,1
DA:58,1
DA:59,1
DA:60,0
DA:61,0
DA:64,1
DA:68,9
DA:69,9
DA:70,9
DA:72,9
DA:73,0
DA:74,0
DA:77,9
DA:82,5
DA:86,1
LF:40
LH:25
BRDA:31,0,0,0
BRDA:38,1,0,0
BRDA:40,2,0,0
BRDA:45,3,0,1
BRDA:47,4,0,0
BRDA:56,5,0,1
BRDA:59,6,0,0
BRDA:68,7,0,9
BRDA:70,8,0,3
BRDA:72,9,0,0
BRDA:72,10,0,9
BRDA:72,10,1,3
BRDA:72,10,2,9
BRDA:72,10,3,6
BRF:14
BRH:8
end_of_record
TN:
SF:packages/other/Middleware/Cors/middleware.ts
FN:10,NactCors
FN:11,isOriginAllowed
FN:27,setCorsOrigins
FN:39,(anonymous_3)
FN:53,setMethods
FN:60,setCredentials
FN:66,setAllowedHeaders
FN:78,setExposedHeaders
FN:85,setMaxAge
FN:92,Cors
FNF:10
FNH:10
FNDA:5,NactCors
FNDA:1,isOriginAllowed
FNDA:4,setCorsOrigins
FNDA:4,(anonymous_3)
FNDA:1,setMethods
FNDA:4,setCredentials
FNDA:1,setAllowedHeaders
FNDA:4,setExposedHeaders
FNDA:1,setMaxAge
FNDA:5,Cors
DA:2,1
DA:5,1
DA:12,1
DA:13,1
DA:15,1
DA:16,1
DA:17,0
DA:18,0
DA:19,0
DA:20,0
DA:21,0
DA:23,0
DA:25,0
DA:28,4
DA:29,4
DA:30,4
DA:32,4
DA:33,1
DA:34,3
DA:35,0
DA:36,0
DA:37,3
DA:38,2
DA:39,2
DA:40,4
DA:43,2
DA:44,2
DA:47,1
DA:48,1
DA:49,1
DA:54,1
DA:55,1
DA:56,1
DA:61,4
DA:62,0
DA:67,1
DA:69,1
DA:70,1
DA:71,1
DA:73,1
DA:74,0
DA:79,4
DA:80,4
DA:81,1
DA:86,1
DA:87,1
DA:88,1
DA:92,5
DA:93,5
DA:95,5
DA:97,4
DA:98,1
DA:99,1
DA:100,1
DA:101,1
DA:102,1
DA:103,1
DA:104,1
DA:105,1
DA:108,3
DA:109,3
DA:110,3
DA:115,1
DA:116,1
LF:64
LH:53
BRDA:10,0,0,1
BRDA:13,1,0,0
BRDA:13,1,1,1
BRDA:13,2,0,1
BRDA:13,2,1,0
BRDA:15,3,0,1
BRDA:15,3,1,0
BRDA:16,4,0,1
BRDA:16,4,1,0
BRDA:18,5,0,0
BRDA:21,6,0,0
BRDA:32,7,0,1
BRDA:32,7,1,3
BRDA:34,8,0,0
BRDA:34,8,1,3
BRDA:37,9,0,2
BRDA:37,9,1,1
BRDA:38,10,0,2
BRDA:48,11,0,1
BRDA:48,11,1,0
BRDA:54,12,0,1
BRDA:54,12,1,0
BRDA:54,13,0,1
BRDA:54,13,1,1
BRDA:55,14,0,1
BRDA:61,15,0,0
BRDA:67,16,0,0
BRDA:67,16,1,1
BRDA:67,17,0,1
BRDA:67,17,1,1
BRDA:69,18,0,1
BRDA:70,19,0,0
BRDA:70,19,1,1
BRDA:70,20,0,1
BRDA:70,20,1,0
BRDA:73,21,0,0
BRDA:73,22,0,1
BRDA:73,22,1,1
BRDA:80,23,0,1
BRDA:87,24,0,1
BRDA:95,25,0,1
BRDA:97,26,0,1
BRDA:97,26,1,3
BRDA:104,27,0,1
BRF:44
BRH:30
end_of_record
